Copyright 1986-2022 Xilinx, Inc. All Rights Reserved. Copyright 2022-2023 Advanced Micro Devices, Inc. All Rights Reserved.
--------------------------------------------------------------------------------------------------------------------------------------------------------------------------
| Tool Version : Vivado v.2023.2 (win64) Build 4029153 Fri Oct 13 20:14:34 MDT 2023
| Date         : Sun Dec  1 18:19:10 2024
| Host         : DESKTOP-HHJ88ET running 64-bit major release  (build 9200)
| Command      : report_methodology -file soc_lite_top_methodology_drc_routed.rpt -pb soc_lite_top_methodology_drc_routed.pb -rpx soc_lite_top_methodology_drc_routed.rpx
| Design       : soc_lite_top
| Device       : xc7a200tfbg676-1
| Speed File   : -1
| Design State : Fully Routed
--------------------------------------------------------------------------------------------------------------------------------------------------------------------------

Report Methodology

Table of Contents
-----------------
1. REPORT SUMMARY
2. REPORT DETAILS

1. REPORT SUMMARY
-----------------
            Netlist: netlist
          Floorplan: design_1
      Design limits: <entire design considered>
             Max violations: <unlimited>
             Violations found: 35
+-----------+----------+-------------------------------------------------------------------------------------------------------+------------+
| Rule      | Severity | Description                                                                                           | Violations |
+-----------+----------+-------------------------------------------------------------------------------------------------------+------------+
| TIMING-9  | Warning  | Unknown CDC Logic                                                                                     | 1          |
| TIMING-10 | Warning  | Missing property on synchronizer                                                                      | 1          |
| TIMING-23 | Warning  | Combinational loop found                                                                              | 29         |
| TIMING-47 | Warning  | False path, asynchronous clock group or max delay datapath only constraint between synchronous clocks | 2          |
| XDCC-1    | Warning  | Scoped Clock constraint overwritten with the same name                                                | 1          |
| XDCC-7    | Warning  | Scoped Clock constraint overwritten on the same source                                                | 1          |
+-----------+----------+-------------------------------------------------------------------------------------------------------+------------+

2. REPORT DETAILS
-----------------
TIMING-9#1 Warning
Unknown CDC Logic  
One or more asynchronous Clock Domain Crossing has been detected between 2 clock domains through a set_false_path or a set_clock_groups or set_max_delay -datapath_only constraint but no double-registers logic synchronizer has been found on the side of the capture clock. It is recommended to run report_cdc for a complete and detailed CDC coverage. Please consider using XPM_CDC to avoid Critical severities
Related violations: <none>

TIMING-10#1 Warning
Missing property on synchronizer  
One or more logic synchronizer has been detected between 2 clock domains but the synchronizer does not have the property ASYNC_REG defined on one or both registers. It is recommended to run report_cdc for a complete and detailed CDC coverage
Related violations: <none>

TIMING-23#1 Warning
Combinational loop found  
A timing loop has been detected on a combinational path. A timing arc has been disabled between cpu/u_alu/data_ram_i_7/I2 and cpu/u_alu/data_ram_i_7/O to disable the timing loop
Related violations: <none>

TIMING-23#2 Warning
Combinational loop found  
A timing loop has been detected on a combinational path. A timing arc has been disabled between cpu/u_alu/rf_reg_r1_0_31_0_5_i_9/I0 and cpu/u_alu/rf_reg_r1_0_31_0_5_i_9/O to disable the timing loop
Related violations: <none>

TIMING-23#3 Warning
Combinational loop found  
A timing loop has been detected on a combinational path. A timing arc has been disabled between cpu/u_alu/sel_conf_r_i_10/I2 and cpu/u_alu/sel_conf_r_i_10/O to disable the timing loop
Related violations: <none>

TIMING-23#4 Warning
Combinational loop found  
A timing loop has been detected on a combinational path. A timing arc has been disabled between cpu/u_regfile/cr4[0]_i_4/I4 and cpu/u_regfile/cr4[0]_i_4/O to disable the timing loop
Related violations: <none>

TIMING-23#5 Warning
Combinational loop found  
A timing loop has been detected on a combinational path. A timing arc has been disabled between cpu/u_regfile/data_ram_i_12/I4 and cpu/u_regfile/data_ram_i_12/O to disable the timing loop
Related violations: <none>

TIMING-23#6 Warning
Combinational loop found  
A timing loop has been detected on a combinational path. A timing arc has been disabled between cpu/u_regfile/data_ram_i_16/I1 and cpu/u_regfile/data_ram_i_16/O to disable the timing loop
Related violations: <none>

TIMING-23#7 Warning
Combinational loop found  
A timing loop has been detected on a combinational path. A timing arc has been disabled between cpu/u_regfile/data_ram_i_17/I1 and cpu/u_regfile/data_ram_i_17/O to disable the timing loop
Related violations: <none>

TIMING-23#8 Warning
Combinational loop found  
A timing loop has been detected on a combinational path. A timing arc has been disabled between cpu/u_regfile/data_ram_i_25/I2 and cpu/u_regfile/data_ram_i_25/O to disable the timing loop
Related violations: <none>

TIMING-23#9 Warning
Combinational loop found  
A timing loop has been detected on a combinational path. A timing arc has been disabled between cpu/u_regfile/data_ram_i_3/I2 and cpu/u_regfile/data_ram_i_3/O to disable the timing loop
Related violations: <none>

TIMING-23#10 Warning
Combinational loop found  
A timing loop has been detected on a combinational path. A timing arc has been disabled between cpu/u_regfile/data_ram_i_32/I0 and cpu/u_regfile/data_ram_i_32/O to disable the timing loop
Related violations: <none>

TIMING-23#11 Warning
Combinational loop found  
A timing loop has been detected on a combinational path. A timing arc has been disabled between cpu/u_regfile/data_ram_i_37/I0 and cpu/u_regfile/data_ram_i_37/O to disable the timing loop
Related violations: <none>

TIMING-23#12 Warning
Combinational loop found  
A timing loop has been detected on a combinational path. A timing arc has been disabled between cpu/u_regfile/data_ram_i_43/I4 and cpu/u_regfile/data_ram_i_43/O to disable the timing loop
Related violations: <none>

TIMING-23#13 Warning
Combinational loop found  
A timing loop has been detected on a combinational path. A timing arc has been disabled between cpu/u_regfile/data_ram_i_48/I2 and cpu/u_regfile/data_ram_i_48/O to disable the timing loop
Related violations: <none>

TIMING-23#14 Warning
Combinational loop found  
A timing loop has been detected on a combinational path. A timing arc has been disabled between cpu/u_regfile/data_ram_i_5/I2 and cpu/u_regfile/data_ram_i_5/O to disable the timing loop
Related violations: <none>

TIMING-23#15 Warning
Combinational loop found  
A timing loop has been detected on a combinational path. A timing arc has been disabled between cpu/u_regfile/data_ram_i_51/I4 and cpu/u_regfile/data_ram_i_51/O to disable the timing loop
Related violations: <none>

TIMING-23#16 Warning
Combinational loop found  
A timing loop has been detected on a combinational path. A timing arc has been disabled between cpu/u_regfile/data_ram_i_54/I2 and cpu/u_regfile/data_ram_i_54/O to disable the timing loop
Related violations: <none>

TIMING-23#17 Warning
Combinational loop found  
A timing loop has been detected on a combinational path. A timing arc has been disabled between cpu/u_regfile/data_ram_i_9/I5 and cpu/u_regfile/data_ram_i_9/O to disable the timing loop
Related violations: <none>

TIMING-23#18 Warning
Combinational loop found  
A timing loop has been detected on a combinational path. A timing arc has been disabled between cpu/u_regfile/led_data[1]_i_6/I2 and cpu/u_regfile/led_data[1]_i_6/O to disable the timing loop
Related violations: <none>

TIMING-23#19 Warning
Combinational loop found  
A timing loop has been detected on a combinational path. A timing arc has been disabled between cpu/u_regfile/sel_conf_r_i_11/I2 and cpu/u_regfile/sel_conf_r_i_11/O to disable the timing loop
Related violations: <none>

TIMING-23#20 Warning
Combinational loop found  
A timing loop has been detected on a combinational path. A timing arc has been disabled between cpu/u_regfile/sel_conf_r_i_12/I2 and cpu/u_regfile/sel_conf_r_i_12/O to disable the timing loop
Related violations: <none>

TIMING-23#21 Warning
Combinational loop found  
A timing loop has been detected on a combinational path. A timing arc has been disabled between cpu/u_regfile/sel_conf_r_i_13/I0 and cpu/u_regfile/sel_conf_r_i_13/O to disable the timing loop
Related violations: <none>

TIMING-23#22 Warning
Combinational loop found  
A timing loop has been detected on a combinational path. A timing arc has been disabled between cpu/u_regfile/sel_conf_r_i_14/I2 and cpu/u_regfile/sel_conf_r_i_14/O to disable the timing loop
Related violations: <none>

TIMING-23#23 Warning
Combinational loop found  
A timing loop has been detected on a combinational path. A timing arc has been disabled between cpu/u_regfile/sel_conf_r_i_15/I2 and cpu/u_regfile/sel_conf_r_i_15/O to disable the timing loop
Related violations: <none>

TIMING-23#24 Warning
Combinational loop found  
A timing loop has been detected on a combinational path. A timing arc has been disabled between cpu/u_regfile/sel_conf_r_i_4/I2 and cpu/u_regfile/sel_conf_r_i_4/O to disable the timing loop
Related violations: <none>

TIMING-23#25 Warning
Combinational loop found  
A timing loop has been detected on a combinational path. A timing arc has been disabled between cpu/u_regfile/sel_conf_r_i_5/I2 and cpu/u_regfile/sel_conf_r_i_5/O to disable the timing loop
Related violations: <none>

TIMING-23#26 Warning
Combinational loop found  
A timing loop has been detected on a combinational path. A timing arc has been disabled between cpu/u_regfile/sel_conf_r_i_6/I2 and cpu/u_regfile/sel_conf_r_i_6/O to disable the timing loop
Related violations: <none>

TIMING-23#27 Warning
Combinational loop found  
A timing loop has been detected on a combinational path. A timing arc has been disabled between cpu/u_regfile/sel_conf_r_i_7/I2 and cpu/u_regfile/sel_conf_r_i_7/O to disable the timing loop
Related violations: <none>

TIMING-23#28 Warning
Combinational loop found  
A timing loop has been detected on a combinational path. A timing arc has been disabled between cpu/u_regfile/sel_conf_r_i_8/I2 and cpu/u_regfile/sel_conf_r_i_8/O to disable the timing loop
Related violations: <none>

TIMING-23#29 Warning
Combinational loop found  
A timing loop has been detected on a combinational path. A timing arc has been disabled between cpu/u_regfile/sel_conf_r_i_9/I2 and cpu/u_regfile/sel_conf_r_i_9/O to disable the timing loop
Related violations: <none>

TIMING-47#1 Warning
False path, asynchronous clock group or max delay datapath only constraint between synchronous clocks  
A False Path timing constraint is set between synchronous clocks cpu_clk_clk_pll and timer_clk_clk_pll (see constraint position 5 in the Timing Constraint window in Vivado IDE). Masking entire synchronous clock domains via  set_false_path, set_clock_groups or set_max_delay -datapath_only may result in failure in hardware.
Related violations: <none>

TIMING-47#2 Warning
False path, asynchronous clock group or max delay datapath only constraint between synchronous clocks  
A False Path timing constraint is set between synchronous clocks timer_clk_clk_pll and cpu_clk_clk_pll (see constraint position 4 in the Timing Constraint window in Vivado IDE). Masking entire synchronous clock domains via  set_false_path, set_clock_groups or set_max_delay -datapath_only may result in failure in hardware.
Related violations: <none>

XDCC-1#1 Warning
Scoped Clock constraint overwritten with the same name  
A new clock constraint create_clock overrides a previous scoped clock constraint with the same name. It is not recommended to override a scoped (typically an IP) clock constraint and could result in unexpected behaviors.
New: create_clock -period 10.000 -name clk -waveform {0.000 5.000} [get_ports clk] (Source: D:/Code/CPUshizhan/cdp_ede_local-master/cdp_ede_local-master/mycpu_env/soc_verify/soc_bram/run_vivado/constraints/soc_lite_top.xdc (Line: 5))
Previous: create_clock -period 10.000 [get_ports clk] (Source: d:/Code/CPUshizhan/cdp_ede_local-master/cdp_ede_local-master/mycpu_env/soc_verify/soc_bram/rtl/xilinx_ip/clk_pll/clk_pll.xdc (Line: 53))
Related violations: <none>

XDCC-7#1 Warning
Scoped Clock constraint overwritten on the same source  
A new clock constraint create_clock overrides a previous scoped clock constraint defined on the same source. It is not recommended to override a scoped (typically an IP) clock constraint and could result in unexpected behaviors.
New: create_clock -period 10.000 -name clk -waveform {0.000 5.000} [get_ports clk] (Source: D:/Code/CPUshizhan/cdp_ede_local-master/cdp_ede_local-master/mycpu_env/soc_verify/soc_bram/run_vivado/constraints/soc_lite_top.xdc (Line: 5))
Previous: create_clock -period 10.000 [get_ports clk] (Source: d:/Code/CPUshizhan/cdp_ede_local-master/cdp_ede_local-master/mycpu_env/soc_verify/soc_bram/rtl/xilinx_ip/clk_pll/clk_pll.xdc (Line: 53))
Related violations: <none>


