Copyright 1986-2022 Xilinx, Inc. All Rights Reserved. Copyright 2022-2023 Advanced Micro Devices, Inc. All Rights Reserved.
---------------------------------------------------------------------------------------------------------------------------------------------
| Tool Version : Vivado v.2023.2 (win64) Build 4029153 Fri Oct 13 20:14:34 MDT 2023
| Date         : Sun Dec  1 18:15:57 2024
| Host         : DESKTOP-HHJ88ET running 64-bit major release  (build 9200)
| Command      : report_control_sets -verbose -file soc_lite_top_control_sets_placed.rpt
| Design       : soc_lite_top
| Device       : xc7a200t
---------------------------------------------------------------------------------------------------------------------------------------------

Control Set Information

Table of Contents
-----------------
1. Summary
2. Histogram
3. Flip-Flop Distribution
4. Detailed Control Set Information

1. Summary
----------

+----------------------------------------------------------+-------+
|                          Status                          | Count |
+----------------------------------------------------------+-------+
| Total control sets                                       |    14 |
|    Minimum number of control sets                        |    14 |
|    Addition due to synthesis replication                 |     0 |
|    Addition due to physical synthesis replication        |     0 |
| Unused register locations in slices containing registers |    64 |
+----------------------------------------------------------+-------+
* Control sets can be merged at opt_design using control_set_merge or merge_equivalent_drivers
** Run report_qor_suggestions for automated merging and remapping suggestions


2. Histogram
------------

+--------------------+-------+
|       Fanout       | Count |
+--------------------+-------+
| Total control sets |    14 |
| >= 0 to < 4        |     4 |
| >= 4 to < 6        |     2 |
| >= 6 to < 8        |     2 |
| >= 8 to < 10       |     1 |
| >= 10 to < 12      |     0 |
| >= 12 to < 14      |     0 |
| >= 14 to < 16      |     0 |
| >= 16              |     5 |
+--------------------+-------+
* Control sets can be remapped at either synth_design or opt_design


3. Flip-Flop Distribution
-------------------------

+--------------+-----------------------+------------------------+-----------------+--------------+
| Clock Enable | Synchronous Set/Reset | Asynchronous Set/Reset | Total Registers | Total Slices |
+--------------+-----------------------+------------------------+-----------------+--------------+
| No           | No                    | No                     |              33 |           25 |
| No           | No                    | Yes                    |               0 |            0 |
| No           | Yes                   | No                     |             121 |           44 |
| Yes          | No                    | No                     |               4 |            2 |
| Yes          | No                    | Yes                    |               0 |            0 |
| Yes          | Yes                   | No                     |              10 |            6 |
+--------------+-----------------------+------------------------+-----------------+--------------+


4. Detailed Control Set Information
-----------------------------------

+-----------------------------+------------------------------------------+------------------------+------------------+----------------+--------------+
|         Clock Signal        |               Enable Signal              |    Set/Reset Signal    | Slice Load Count | Bel Load Count | Bels / Slice |
+-----------------------------+------------------------------------------+------------------------+------------------+----------------+--------------+
|  pll.clk_pll/inst/cpu_clk   | u_confreg/step1_sample                   | u_confreg/SR[0]        |                1 |              1 |         1.00 |
|  pll.clk_pll/inst/cpu_clk   | cpu/u_regfile/E[0]                       | u_confreg/SR[0]        |                1 |              1 |         1.00 |
|  pll.clk_pll/inst/cpu_clk   | cpu/u_regfile/data_ram_i_15_0[0]         | u_confreg/SR[0]        |                1 |              1 |         1.00 |
|  pll.clk_pll/inst/cpu_clk   | cpu/u_regfile/led_data[1]_i_4_0[0]       | u_confreg/SR[0]        |                1 |              1 |         1.00 |
|  pll.clk_pll/inst/cpu_clk   |                                          | u_confreg/state_count0 |                1 |              4 |         4.00 |
|  pll.clk_pll/inst/cpu_clk   | cpu/u_regfile/ena                        |                        |                2 |              4 |         2.00 |
|  pll.clk_pll/inst/cpu_clk   | u_confreg/p_0_in_0                       | u_confreg/SR[0]        |                2 |              6 |         3.00 |
|  pll.clk_pll/inst/timer_clk |                                          |                        |                1 |              6 |         6.00 |
|  pll.clk_pll/inst/cpu_clk   | cpu/u_regfile/rf_reg_r1_0_31_0_5_i_2_n_0 |                        |                1 |              8 |         8.00 |
|  pll.clk_pll/inst/cpu_clk   |                                          | u_confreg/key_count0   |                5 |             20 |         4.00 |
|  pll.clk_pll/inst/cpu_clk   |                                          | u_confreg/step1_count0 |                5 |             20 |         4.00 |
|  pll.clk_pll/inst/cpu_clk   |                                          | cpu/reset              |                8 |             20 |         2.50 |
|  pll.clk_pll/inst/cpu_clk   |                                          |                        |               24 |             27 |         1.12 |
|  pll.clk_pll/inst/cpu_clk   |                                          | u_confreg/SR[0]        |               25 |             57 |         2.28 |
+-----------------------------+------------------------------------------+------------------------+------------------+----------------+--------------+


