#-----------------------------------------------------------
# Vivado v2023.2 (64-bit)
# SW Build 4029153 on Fri Oct 13 20:14:34 MDT 2023
# IP Build 4028589 on Sat Oct 14 00:45:43 MDT 2023
# SharedData Build 4025554 on Tue Oct 10 17:18:54 MDT 2023
# Start of session at: Thu Jul 24 18:45:51 2025
# Process ID: 31520
# Current directory: D:/Code/loongteam/mycpu_env_try/soc_verify/soc_axi/run_vivado/project
# Command line: vivado.exe -gui_launcher_event rodinguilauncherevent26216 D:\Code\loongteam\mycpu_env_try\soc_verify\soc_axi\run_vivado\project\loongson.xpr
# Log file: D:/Code/loongteam/mycpu_env_try/soc_verify/soc_axi/run_vivado/project/vivado.log
# Journal file: D:/Code/loongteam/mycpu_env_try/soc_verify/soc_axi/run_vivado/project\vivado.jou
# Running On: DESKTOP-HHJ88ET, OS: Windows, CPU Frequency: 2096 MHz, CPU Physical cores: 12, Host memory: 14887 MB
#-----------------------------------------------------------
start_gui
open_project D:/Code/loongteam/mycpu_env_try/soc_verify/soc_axi/run_vivado/project/loongson.xpr
WARNING: [Board 49-26] cannot add Board Part xilinx.com:kcu116:part0:1.4 available at D:/app/Xilinx/Vivado/2023.2/data/xhub/boards/XilinxBoardStore/boards/Xilinx/kcu116/1.4/board.xml as part xcku5p-ffvb676-2-e specified in board_part file is either invalid or not available
WARNING: [Board 49-26] cannot add Board Part xilinx.com:kcu116:part0:1.5 available at D:/app/Xilinx/Vivado/2023.2/data/xhub/boards/XilinxBoardStore/boards/Xilinx/kcu116/1.5/board.xml as part xcku5p-ffvb676-2-e specified in board_part file is either invalid or not available
WARNING: [Board 49-26] cannot add Board Part xilinx.com:sp701:part0:1.0 available at D:/app/Xilinx/Vivado/2023.2/data/xhub/boards/XilinxBoardStore/boards/Xilinx/sp701/1.0/board.xml as part xc7s100fgga676-2 specified in board_part file is either invalid or not available
WARNING: [Board 49-26] cannot add Board Part xilinx.com:sp701:part0:1.1 available at D:/app/Xilinx/Vivado/2023.2/data/xhub/boards/XilinxBoardStore/boards/Xilinx/sp701/1.1/board.xml as part xc7s100fgga676-2 specified in board_part file is either invalid or not available
WARNING: [Board 49-26] cannot add Board Part xilinx.com:vc707:part0:1.4 available at D:/app/Xilinx/Vivado/2023.2/data/xhub/boards/XilinxBoardStore/boards/Xilinx/vc707/1.4/board.xml as part xc7vx485tffg1761-2 specified in board_part file is either invalid or not available
WARNING: [Board 49-26] cannot add Board Part xilinx.com:vc709:part0:1.8 available at D:/app/Xilinx/Vivado/2023.2/data/xhub/boards/XilinxBoardStore/boards/Xilinx/vc709/1.8/board.xml as part xc7vx690tffg1761-2 specified in board_part file is either invalid or not available
WARNING: [Board 49-26] cannot add Board Part xilinx.com:vck190:part0:2.2 available at D:/app/Xilinx/Vivado/2023.2/data/xhub/boards/XilinxBoardStore/boards/Xilinx/vck190/production/2.2/board.xml as part xcvc1902-vsva2197-2mp-e-s specified in board_part file is either invalid or not available
WARNING: [Board 49-26] cannot add Board Part xilinx.com:vck190:part0:3.0 available at D:/app/Xilinx/Vivado/2023.2/data/xhub/boards/XilinxBoardStore/boards/Xilinx/vck190/production/3.0/board.xml as part xcvc1902-vsva2197-2mp-e-s specified in board_part file is either invalid or not available
WARNING: [Board 49-26] cannot add Board Part xilinx.com:vck190:part0:3.1 available at D:/app/Xilinx/Vivado/2023.2/data/xhub/boards/XilinxBoardStore/boards/Xilinx/vck190/production/3.1/board.xml as part xcvc1902-vsva2197-2mp-e-s specified in board_part file is either invalid or not available
WARNING: [Board 49-26] cannot add Board Part xilinx.com:vck190:part0:3.2 available at D:/app/Xilinx/Vivado/2023.2/data/xhub/boards/XilinxBoardStore/boards/Xilinx/vck190/production/3.2/board.xml as part xcvc1902-vsva2197-2mp-e-s specified in board_part file is either invalid or not available
WARNING: [Board 49-26] cannot add Board Part xilinx.com:vck190_newl:part0:1.0 available at D:/app/Xilinx/Vivado/2023.2/data/xhub/boards/XilinxBoardStore/boards/Xilinx/vck190_newl/production/1.0/board.xml as part xcvc1902-vsva2197-2mp-e-s specified in board_part file is either invalid or not available
WARNING: [Board 49-26] cannot add Board Part xilinx.com:vck190_newl:part0:1.1 available at D:/app/Xilinx/Vivado/2023.2/data/xhub/boards/XilinxBoardStore/boards/Xilinx/vck190_newl/production/1.1/board.xml as part xcvc1902-vsva2197-2mp-e-s specified in board_part file is either invalid or not available
WARNING: [Board 49-26] cannot add Board Part xilinx.com:vcu108:part0:1.6 available at D:/app/Xilinx/Vivado/2023.2/data/xhub/boards/XilinxBoardStore/boards/Xilinx/vcu108/1.6/board.xml as part xcvu095-ffva2104-2-e specified in board_part file is either invalid or not available
WARNING: [Board 49-26] cannot add Board Part xilinx.com:vcu108:part0:1.7 available at D:/app/Xilinx/Vivado/2023.2/data/xhub/boards/XilinxBoardStore/boards/Xilinx/vcu108/1.7/board.xml as part xcvu095-ffva2104-2-e specified in board_part file is either invalid or not available
WARNING: [Board 49-26] cannot add Board Part xilinx.com:vcu110:part0:1.4 available at D:/app/Xilinx/Vivado/2023.2/data/xhub/boards/XilinxBoardStore/boards/Xilinx/vcu110/1.4/board.xml as part xcvu190-flgc2104-2-e specified in board_part file is either invalid or not available
WARNING: [Board 49-26] cannot add Board Part xilinx.com:vcu118:part0:2.0 available at D:/app/Xilinx/Vivado/2023.2/data/xhub/boards/XilinxBoardStore/boards/Xilinx/vcu118/2.0/board.xml as part xcvu9p-flga2104-2l-e specified in board_part file is either invalid or not available
WARNING: [Board 49-26] cannot add Board Part xilinx.com:vcu118:part0:2.3 available at D:/app/Xilinx/Vivado/2023.2/data/xhub/boards/XilinxBoardStore/boards/Xilinx/vcu118/2.3/board.xml as part xcvu9p-flga2104-2l-e specified in board_part file is either invalid or not available
WARNING: [Board 49-26] cannot add Board Part xilinx.com:vcu118:part0:2.4 available at D:/app/Xilinx/Vivado/2023.2/data/xhub/boards/XilinxBoardStore/boards/Xilinx/vcu118/2.4/board.xml as part xcvu9p-flga2104-2l-e specified in board_part file is either invalid or not available
WARNING: [Board 49-26] cannot add Board Part xilinx.com:vcu128:part0:1.0 available at D:/app/Xilinx/Vivado/2023.2/data/xhub/boards/XilinxBoardStore/boards/Xilinx/vcu128/production/1.0/board.xml as part xcvu37p-fsvh2892-2l-e specified in board_part file is either invalid or not available
WARNING: [Board 49-26] cannot add Board Part xilinx.com:vcu129:part0:1.0 available at D:/app/Xilinx/Vivado/2023.2/data/xhub/boards/XilinxBoardStore/boards/Xilinx/vcu129/production/1.0/board.xml as part xcvu29p-fsga2577-2l-e specified in board_part file is either invalid or not available
WARNING: [Board 49-26] cannot add Board Part xilinx.com:vcu1525:part0:1.3 available at D:/app/Xilinx/Vivado/2023.2/data/xhub/boards/XilinxBoardStore/boards/Xilinx/vcu1525/1.3/board.xml as part xcvu9p-fsgd2104-2l-e specified in board_part file is either invalid or not available
WARNING: [Board 49-26] cannot add Board Part xilinx.com:vek280:part0:1.0 available at D:/app/Xilinx/Vivado/2023.2/data/xhub/boards/XilinxBoardStore/boards/Xilinx/vek280/production/1.0/board.xml as part xcve2802-vsvh1760-2mp-e-s specified in board_part file is either invalid or not available
WARNING: [Board 49-26] cannot add Board Part xilinx.com:vek280_es:part0:1.0 available at D:/app/Xilinx/Vivado/2023.2/data/xhub/boards/XilinxBoardStore/boards/Xilinx/vek280/es/rev_a/1.0/board.xml as part xcve2802-vsvh1760-2lp-e-s-es1 specified in board_part file is either invalid or not available
WARNING: [Board 49-26] cannot add Board Part xilinx.com:vek280_es:part0:1.1 available at D:/app/Xilinx/Vivado/2023.2/data/xhub/boards/XilinxBoardStore/boards/Xilinx/vek280/es/rev_a/1.1/board.xml as part xcve2802-vsvh1760-2lp-e-s-es1 specified in board_part file is either invalid or not available
WARNING: [Board 49-26] cannot add Board Part xilinx.com:vek280_es_revb:part0:1.0 available at D:/app/Xilinx/Vivado/2023.2/data/xhub/boards/XilinxBoardStore/boards/Xilinx/vek280/es/rev_b/1.0/board.xml as part xcve2802-vsvh1760-2mp-e-s-es1 specified in board_part file is either invalid or not available
WARNING: [Board 49-26] cannot add Board Part xilinx.com:vek280_es_revb:part0:1.1 available at D:/app/Xilinx/Vivado/2023.2/data/xhub/boards/XilinxBoardStore/boards/Xilinx/vek280/es/rev_b/1.1/board.xml as part xcve2802-vsvh1760-2mp-e-s-es1 specified in board_part file is either invalid or not available
WARNING: [Board 49-26] cannot add Board Part xilinx.com:vermeo_t1_mpsoc:part0:1.0 available at D:/app/Xilinx/Vivado/2023.2/data/xhub/boards/XilinxBoardStore/boards/Xilinx/vermeo_t1_mpsoc/1.0/board.xml as part xczu19eg-ffvd1760-2l-e specified in board_part file is either invalid or not available
WARNING: [Board 49-26] cannot add Board Part xilinx.com:vermeo_t1_rfsoc:part0:1.0 available at D:/app/Xilinx/Vivado/2023.2/data/xhub/boards/XilinxBoardStore/boards/Xilinx/vermeo_t1_rfsoc/1.0/board.xml as part xczu21dr-ffvd1156-2l-e specified in board_part file is either invalid or not available
WARNING: [Board 49-26] cannot add Board Part xilinx.com:vhk158:part0:1.0 available at D:/app/Xilinx/Vivado/2023.2/data/xhub/boards/XilinxBoardStore/boards/Xilinx/vhk158/production/1.0/board.xml as part xcvh1582-vsva3697-2mp-e-s specified in board_part file is either invalid or not available
WARNING: [Board 49-26] cannot add Board Part xilinx.com:vhk158:part0:1.1 available at D:/app/Xilinx/Vivado/2023.2/data/xhub/boards/XilinxBoardStore/boards/Xilinx/vhk158/production/1.1/board.xml as part xcvh1582-vsva3697-2mp-e-s specified in board_part file is either invalid or not available
WARNING: [Board 49-26] cannot add Board Part xilinx.com:vhk158_es:part0:1.0 available at D:/app/Xilinx/Vivado/2023.2/data/xhub/boards/XilinxBoardStore/boards/Xilinx/vhk158/es/1.0/board.xml as part xcvh1582-vsva3697-2mp-e-s-es1 specified in board_part file is either invalid or not available
WARNING: [Board 49-26] cannot add Board Part xilinx.com:vhk158_es:part0:1.1 available at D:/app/Xilinx/Vivado/2023.2/data/xhub/boards/XilinxBoardStore/boards/Xilinx/vhk158/es/1.1/board.xml as part xcvh1582-vsva3697-2mp-e-s-es1 specified in board_part file is either invalid or not available
WARNING: [Board 49-26] cannot add Board Part xilinx.com:vmk180:part0:2.2 available at D:/app/Xilinx/Vivado/2023.2/data/xhub/boards/XilinxBoardStore/boards/Xilinx/vmk180/production/2.2/board.xml as part xcvm1802-vsva2197-2mp-e-s specified in board_part file is either invalid or not available
WARNING: [Board 49-26] cannot add Board Part xilinx.com:vmk180:part0:3.0 available at D:/app/Xilinx/Vivado/2023.2/data/xhub/boards/XilinxBoardStore/boards/Xilinx/vmk180/production/3.0/board.xml as part xcvm1802-vsva2197-2mp-e-s specified in board_part file is either invalid or not available
WARNING: [Board 49-26] cannot add Board Part xilinx.com:vmk180:part0:3.1 available at D:/app/Xilinx/Vivado/2023.2/data/xhub/boards/XilinxBoardStore/boards/Xilinx/vmk180/production/3.1/board.xml as part xcvm1802-vsva2197-2mp-e-s specified in board_part file is either invalid or not available
WARNING: [Board 49-26] cannot add Board Part xilinx.com:vmk180:part0:3.2 available at D:/app/Xilinx/Vivado/2023.2/data/xhub/boards/XilinxBoardStore/boards/Xilinx/vmk180/production/3.2/board.xml as part xcvm1802-vsva2197-2mp-e-s specified in board_part file is either invalid or not available
WARNING: [Board 49-26] cannot add Board Part xilinx.com:vmk180_newl:part0:1.0 available at D:/app/Xilinx/Vivado/2023.2/data/xhub/boards/XilinxBoardStore/boards/Xilinx/vmk180_newl/production/1.0/board.xml as part xcvm1802-vsva2197-2mp-e-s specified in board_part file is either invalid or not available
WARNING: [Board 49-26] cannot add Board Part xilinx.com:vmk180_newl:part0:1.1 available at D:/app/Xilinx/Vivado/2023.2/data/xhub/boards/XilinxBoardStore/boards/Xilinx/vmk180_newl/production/1.1/board.xml as part xcvm1802-vsva2197-2mp-e-s specified in board_part file is either invalid or not available
WARNING: [Board 49-26] cannot add Board Part xilinx.com:vpk120:part0:1.0 available at D:/app/Xilinx/Vivado/2023.2/data/xhub/boards/XilinxBoardStore/boards/Xilinx/vpk120/production/1.0/board.xml as part xcvp1202-vsva2785-2mp-e-s specified in board_part file is either invalid or not available
WARNING: [Board 49-26] cannot add Board Part xilinx.com:vpk120:part0:1.1 available at D:/app/Xilinx/Vivado/2023.2/data/xhub/boards/XilinxBoardStore/boards/Xilinx/vpk120/production/1.1/board.xml as part xcvp1202-vsva2785-2mp-e-s specified in board_part file is either invalid or not available
WARNING: [Board 49-26] cannot add Board Part xilinx.com:vpk120:part0:1.2 available at D:/app/Xilinx/Vivado/2023.2/data/xhub/boards/XilinxBoardStore/boards/Xilinx/vpk120/production/1.2/board.xml as part xcvp1202-vsva2785-2mp-e-s specified in board_part file is either invalid or not available
WARNING: [Board 49-26] cannot add Board Part xilinx.com:vpk180:part0:1.0 available at D:/app/Xilinx/Vivado/2023.2/data/xhub/boards/XilinxBoardStore/boards/Xilinx/vpk180/production/1.0/board.xml as part xcvp1802-lsvc4072-2mp-e-s specified in board_part file is either invalid or not available
WARNING: [Board 49-26] cannot add Board Part xilinx.com:vpk180:part0:1.1 available at D:/app/Xilinx/Vivado/2023.2/data/xhub/boards/XilinxBoardStore/boards/Xilinx/vpk180/production/1.1/board.xml as part xcvp1802-lsvc4072-2mp-e-s specified in board_part file is either invalid or not available
WARNING: [Board 49-26] cannot add Board Part xilinx.com:zc702:part0:1.4 available at D:/app/Xilinx/Vivado/2023.2/data/xhub/boards/XilinxBoardStore/boards/Xilinx/zc702/1.4/board.xml as part xc7z020clg484-1 specified in board_part file is either invalid or not available
WARNING: [Board 49-26] cannot add Board Part xilinx.com:zc706:part0:1.4 available at D:/app/Xilinx/Vivado/2023.2/data/xhub/boards/XilinxBoardStore/boards/Xilinx/zc706/1.4/board.xml as part xc7z045ffg900-2 specified in board_part file is either invalid or not available
WARNING: [Board 49-26] cannot add Board Part xilinx.com:zcu102:part0:3.3 available at D:/app/Xilinx/Vivado/2023.2/data/xhub/boards/XilinxBoardStore/boards/Xilinx/zcu102/3.3/board.xml as part xczu9eg-ffvb1156-2-e specified in board_part file is either invalid or not available
WARNING: [Board 49-26] cannot add Board Part xilinx.com:zcu102:part0:3.4 available at D:/app/Xilinx/Vivado/2023.2/data/xhub/boards/XilinxBoardStore/boards/Xilinx/zcu102/3.4/board.xml as part xczu9eg-ffvb1156-2-e specified in board_part file is either invalid or not available
WARNING: [Board 49-26] cannot add Board Part xilinx.com:zcu104:part0:1.1 available at D:/app/Xilinx/Vivado/2023.2/data/xhub/boards/XilinxBoardStore/boards/Xilinx/zcu104/1.1/board.xml as part xczu7ev-ffvc1156-2-e specified in board_part file is either invalid or not available
WARNING: [Board 49-26] cannot add Board Part xilinx.com:zcu106:part0:2.4 available at D:/app/Xilinx/Vivado/2023.2/data/xhub/boards/XilinxBoardStore/boards/Xilinx/zcu106/2.4/board.xml as part xczu7ev-ffvc1156-2-e specified in board_part file is either invalid or not available
WARNING: [Board 49-26] cannot add Board Part xilinx.com:zcu106:part0:2.5 available at D:/app/Xilinx/Vivado/2023.2/data/xhub/boards/XilinxBoardStore/boards/Xilinx/zcu106/2.5/board.xml as part xczu7ev-ffvc1156-2-e specified in board_part file is either invalid or not available
WARNING: [Board 49-26] cannot add Board Part xilinx.com:zcu106:part0:2.6 available at D:/app/Xilinx/Vivado/2023.2/data/xhub/boards/XilinxBoardStore/boards/Xilinx/zcu106/2.6/board.xml as part xczu7ev-ffvc1156-2-e specified in board_part file is either invalid or not available
WARNING: [Board 49-26] cannot add Board Part xilinx.com:zcu111:part0:1.2 available at D:/app/Xilinx/Vivado/2023.2/data/xhub/boards/XilinxBoardStore/boards/Xilinx/zcu111/1.2/board.xml as part xczu28dr-ffvg1517-2-e specified in board_part file is either invalid or not available
WARNING: [Board 49-26] cannot add Board Part xilinx.com:zcu111:part0:1.3 available at D:/app/Xilinx/Vivado/2023.2/data/xhub/boards/XilinxBoardStore/boards/Xilinx/zcu111/1.3/board.xml as part xczu28dr-ffvg1517-2-e specified in board_part file is either invalid or not available
WARNING: [Board 49-26] cannot add Board Part xilinx.com:zcu111:part0:1.4 available at D:/app/Xilinx/Vivado/2023.2/data/xhub/boards/XilinxBoardStore/boards/Xilinx/zcu111/1.4/board.xml as part xczu28dr-ffvg1517-2-e specified in board_part file is either invalid or not available
WARNING: [Board 49-26] cannot add Board Part xilinx.com:zcu1275:part0:1.0 available at D:/app/Xilinx/Vivado/2023.2/data/xhub/boards/XilinxBoardStore/boards/Xilinx/zcu1275/1.0/board.xml as part xczu29dr-ffvf1760-2-e specified in board_part file is either invalid or not available
WARNING: [Board 49-26] cannot add Board Part xilinx.com:zcu1285:part0:1.0 available at D:/app/Xilinx/Vivado/2023.2/data/xhub/boards/XilinxBoardStore/boards/Xilinx/zcu1285/1.0/board.xml as part xczu39dr-ffvf1760-2-i specified in board_part file is either invalid or not available
WARNING: [Board 49-26] cannot add Board Part xilinx.com:zcu208:part0:2.0 available at D:/app/Xilinx/Vivado/2023.2/data/xhub/boards/XilinxBoardStore/boards/Xilinx/zcu208/production/2.0/board.xml as part xczu48dr-fsvg1517-2-e specified in board_part file is either invalid or not available
WARNING: [Board 49-26] cannot add Board Part xilinx.com:zcu208ld:part0:2.0 available at D:/app/Xilinx/Vivado/2023.2/data/xhub/boards/XilinxBoardStore/boards/Xilinx/zcu208ld/production/2.0/board.xml as part xczu58dr-fsvg1517-2-i specified in board_part file is either invalid or not available
WARNING: [Board 49-26] cannot add Board Part xilinx.com:zcu216:part0:2.0 available at D:/app/Xilinx/Vivado/2023.2/data/xhub/boards/XilinxBoardStore/boards/Xilinx/zcu216/production/2.0/board.xml as part xczu49dr-ffvf1760-2-e specified in board_part file is either invalid or not available
WARNING: [Board 49-26] cannot add Board Part xilinx.com:zcu216ld:part0:2.0 available at D:/app/Xilinx/Vivado/2023.2/data/xhub/boards/XilinxBoardStore/boards/Xilinx/zcu216ld/production/2.0/board.xml as part xczu59dr-ffvf1760-2-i specified in board_part file is either invalid or not available
WARNING: [Board 49-26] cannot add Board Part xilinx.com:zcu670:part0:2.0 available at D:/app/Xilinx/Vivado/2023.2/data/xhub/boards/XilinxBoardStore/boards/Xilinx/zcu670/2.0/board.xml as part xczu67dr-fsve1156-2-i specified in board_part file is either invalid or not available
WARNING: [Board 49-26] cannot add Board Part xilinx.com:zcu670ld:part0:1.0 available at D:/app/Xilinx/Vivado/2023.2/data/xhub/boards/XilinxBoardStore/boards/Xilinx/zcu670ld/1.0/board.xml as part xczu57dr-fsve1156-2-i specified in board_part file is either invalid or not available
INFO: [filemgmt 56-3] Default IP Output Path : Could not find the directory 'D:/Code/loongteam/mycpu_env_try/soc_verify/soc_axi/run_vivado/project/loongson.gen/sources_1'.
CRITICAL WARNING: [Project 1-19] Could not find the file 'D:/Code/loongteam/mycpu_env_try/myCPU/icache/icache.v'.
CRITICAL WARNING: [Project 1-19] Could not find the file 'D:/Code/loongteam/mycpu_env_try/myCPU/icache/icache_data_ram.v'.
CRITICAL WARNING: [Project 1-19] Could not find the file 'D:/Code/loongteam/mycpu_env_try/myCPU/icache/icache_tag_ram.v'.
CRITICAL WARNING: [Project 1-19] Could not find the file 'D:/Code/loongteam/mycpu_env_try/func/obj/inst_ram.coe'.
Scanning sources...
Finished scanning sources
INFO: [IP_Flow 19-234] Refreshing IP repositories
INFO: [IP_Flow 19-1704] No user IP repositories specified
INFO: [IP_Flow 19-2313] Loaded Vivado IP repository 'D:/app/Xilinx/Vivado/2023.2/data/ip'.
open_project: Time (s): cpu = 00:00:17 ; elapsed = 00:00:14 . Memory (MB): peak = 1522.742 ; gain = 393.098
update_compile_order -fileset sources_1
export_ip_user_files -of_objects  [get_files D:/Code/loongteam/mycpu_env_try/myCPU/icache/icache.v] -no_script -reset -force -quiet
remove_files  D:/Code/loongteam/mycpu_env_try/myCPU/icache/icache.v
export_ip_user_files -of_objects  [get_files D:/Code/loongteam/mycpu_env_try/myCPU/icache/icache_data_ram.v] -no_script -reset -force -quiet
remove_files  D:/Code/loongteam/mycpu_env_try/myCPU/icache/icache_data_ram.v
export_ip_user_files -of_objects  [get_files D:/Code/loongteam/mycpu_env_try/myCPU/icache/icache_tag_ram.v] -no_script -reset -force -quiet
remove_files  D:/Code/loongteam/mycpu_env_try/myCPU/icache/icache_tag_ram.v
launch_simulation
Command: launch_simulation 
INFO: [Vivado 12-12493] Simulation top is 'tb_top'
WARNING: [Vivado 12-13340] Unable to auto find GCC executables from simulator install path! (path not set)
INFO: [Vivado 12-5698] Checking validity of IPs in the design for the 'XSim' simulator...
INFO: [Vivado 12-5682] Launching behavioral simulation in 'D:/Code/loongteam/mycpu_env_try/soc_verify/soc_axi/run_vivado/project/loongson.sim/sim_1/behav/xsim'
INFO: [Vivado 12-4795] Using compiled simulation libraries for IPs
INFO: [SIM-utils-51] Simulation object is 'sim_1'
INFO: [SIM-utils-72] Using boost library from 'D:/app/Xilinx/Vivado/2023.2/tps/boost_1_72_0'
INFO: [USF-XSim-7] Finding pre-compiled libraries...
INFO: [USF-XSim-11] File 'D:/app/Xilinx/Vivado/2023.2/data/xsim/xsim.ini' copied to run dir:'D:/Code/loongteam/mycpu_env_try/soc_verify/soc_axi/run_vivado/project/loongson.sim/sim_1/behav/xsim'
INFO: [SIM-utils-54] Inspecting design source files for 'tb_top' in fileset 'sim_1'...
WARNING: [SIM-utils-42] Failed to copy file 'D:/Code/loongteam/mycpu_env_try/soc_verify/soc_axi/run_vivado/project/loongson.ip_user_files/mem_init_files/inst_ram.coe' to 'D:/Code/loongteam/mycpu_env_try/soc_verify/soc_axi/run_vivado/project/loongson.sim/sim_1/behav/xsim' : error copying "D:/Code/loongteam/mycpu_env_try/soc_verify/soc_axi/run_vivado/project/loongson.ip_user_files/mem_init_files/inst_ram.coe": no such file or directory
INFO: [USF-XSim-97] Finding global include files...
INFO: [USF-XSim-98] Fetching design files from 'sim_1'...
INFO: [USF-XSim-2] XSim::Compile design
INFO: [USF-XSim-61] Executing 'COMPILE and ANALYZE' step in 'D:/Code/loongteam/mycpu_env_try/soc_verify/soc_axi/run_vivado/project/loongson.sim/sim_1/behav/xsim'
"xvlog --incr --relax -prj tb_top_vlog.prj"
ECHO is off.
ECHO is off.
INFO: [VRFC 10-2263] Analyzing Verilog file "D:/Code/loongteam/mycpu_env_try/soc_verify/soc_axi/rtl/xilinx_ip/clk_pll/clk_pll_clk_wiz.v" into library xil_defaultlib
INFO: [VRFC 10-311] analyzing module clk_pll_clk_wiz
INFO: [VRFC 10-2263] Analyzing Verilog file "D:/Code/loongteam/mycpu_env_try/soc_verify/soc_axi/rtl/xilinx_ip/clk_pll/clk_pll.v" into library xil_defaultlib
INFO: [VRFC 10-311] analyzing module clk_pll
INFO: [VRFC 10-2263] Analyzing Verilog file "D:/Code/loongteam/mycpu_env_try/soc_verify/soc_axi/rtl/xilinx_ip/axi_ram/sim/axi_ram.v" into library xil_defaultlib
INFO: [VRFC 10-311] analyzing module axi_ram
INFO: [VRFC 10-2263] Analyzing Verilog file "D:/Code/loongteam/mycpu_env_try/soc_verify/soc_axi/rtl/xilinx_ip/axi_crossbar_1x2/sim/axi_crossbar_1x2.v" into library xil_defaultlib
INFO: [VRFC 10-311] analyzing module axi_crossbar_1x2
INFO: [VRFC 10-2263] Analyzing Verilog file "D:/Code/loongteam/mycpu_env_try/myCPU/alu.v" into library xil_defaultlib
INFO: [VRFC 10-311] analyzing module alu
INFO: [VRFC 10-2263] Analyzing Verilog file "D:/Code/loongteam/mycpu_env_try/myCPU/axi_bridge.v" into library xil_defaultlib
INFO: [VRFC 10-311] analyzing module axi_bridge
INFO: [VRFC 10-2263] Analyzing Verilog file "D:/Code/loongteam/mycpu_env_try/soc_verify/soc_axi/rtl/axi_wrap/axi_wrap.v" into library xil_defaultlib
INFO: [VRFC 10-311] analyzing module axi_wrap
INFO: [VRFC 10-2263] Analyzing Verilog file "D:/Code/loongteam/mycpu_env_try/soc_verify/soc_axi/rtl/ram_wrap/axi_wrap_ram.v" into library xil_defaultlib
INFO: [VRFC 10-311] analyzing module axi_wrap_ram
INFO: [VRFC 10-2263] Analyzing Verilog file "D:/Code/loongteam/mycpu_env_try/soc_verify/soc_axi/rtl/CONFREG/confreg.v" into library xil_defaultlib
INFO: [VRFC 10-311] analyzing module confreg
INFO: [VRFC 10-2263] Analyzing Verilog file "D:/Code/loongteam/mycpu_env_try/myCPU/csr.v" into library xil_defaultlib
INFO: [VRFC 10-311] analyzing module csr
INFO: [VRFC 10-2263] Analyzing Verilog file "D:/Code/loongteam/mycpu_env_try/myCPU/div.v" into library xil_defaultlib
INFO: [VRFC 10-311] analyzing module div
INFO: [VRFC 10-2263] Analyzing Verilog file "D:/Code/loongteam/mycpu_env_try/myCPU/exe_stage.v" into library xil_defaultlib
INFO: [VRFC 10-311] analyzing module exe_stage
WARNING: [VRFC 10-3380] identifier 'mul_stall' is used before its declaration [D:/Code/loongteam/mycpu_env_try/myCPU/exe_stage.v:160]
WARNING: [VRFC 10-3380] identifier 'mul_valid' is used before its declaration [D:/Code/loongteam/mycpu_env_try/myCPU/exe_stage.v:233]
INFO: [VRFC 10-2263] Analyzing Verilog file "D:/Code/loongteam/mycpu_env_try/myCPU/id_stage.v" into library xil_defaultlib
INFO: [VRFC 10-311] analyzing module id_stage
INFO: [VRFC 10-2263] Analyzing Verilog file "D:/Code/loongteam/mycpu_env_try/myCPU/if_stage.v" into library xil_defaultlib
INFO: [VRFC 10-311] analyzing module if_stage
INFO: [VRFC 10-2263] Analyzing Verilog file "D:/Code/loongteam/mycpu_env_try/myCPU/mem_stage.v" into library xil_defaultlib
INFO: [VRFC 10-311] analyzing module mem_stage
INFO: [VRFC 10-2263] Analyzing Verilog file "D:/Code/loongteam/mycpu_env_try/myCPU/mul.v" into library xil_defaultlib
INFO: [VRFC 10-311] analyzing module YDecoder
INFO: [VRFC 10-311] analyzing module BoothBase
INFO: [VRFC 10-311] analyzing module BoothInterBase
INFO: [VRFC 10-311] analyzing module addr
INFO: [VRFC 10-311] analyzing module WallaceTreeBase
INFO: [VRFC 10-311] analyzing module mul
INFO: [VRFC 10-2263] Analyzing Verilog file "D:/Code/loongteam/mycpu_env_try/myCPU/mycpu_top_toblock.v" into library xil_defaultlib
INFO: [VRFC 10-311] analyzing module mycpu_top
WARNING: [VRFC 10-3380] identifier 'excp_flush' is used before its declaration [D:/Code/loongteam/mycpu_env_try/myCPU/mycpu_top_toblock.v:188]
INFO: [VRFC 10-2263] Analyzing Verilog file "D:/Code/loongteam/mycpu_env_try/myCPU/regfile.v" into library xil_defaultlib
INFO: [VRFC 10-311] analyzing module regfile
INFO: [VRFC 10-2263] Analyzing Verilog file "D:/Code/loongteam/mycpu_env_try/soc_verify/soc_axi/rtl/soc_lite_top.v" into library xil_defaultlib
INFO: [VRFC 10-311] analyzing module soc_lite_top
INFO: [VRFC 10-2263] Analyzing Verilog file "D:/Code/loongteam/mycpu_env_try/myCPU/tools.v" into library xil_defaultlib
INFO: [VRFC 10-311] analyzing module decoder_2_4
INFO: [VRFC 10-311] analyzing module decoder_4_16
INFO: [VRFC 10-311] analyzing module decoder_5_32
INFO: [VRFC 10-311] analyzing module decoder_6_64
INFO: [VRFC 10-2263] Analyzing Verilog file "D:/Code/loongteam/mycpu_env_try/myCPU/wb_stage.v" into library xil_defaultlib
INFO: [VRFC 10-311] analyzing module wb_stage
INFO: [VRFC 10-2263] Analyzing Verilog file "D:/Code/loongteam/mycpu_env_try/soc_verify/soc_axi/testbench/mycpu_tb.v" into library xil_defaultlib
INFO: [VRFC 10-311] analyzing module tb_top
WARNING: [VRFC 10-2096] empty statement in sequential block [D:/Code/loongteam/mycpu_env_try/soc_verify/soc_axi/testbench/mycpu_tb.v:234]
INFO: [VRFC 10-2263] Analyzing Verilog file "D:/Code/loongteam/mycpu_env_try/soc_verify/soc_axi/run_vivado/project/loongson.sim/sim_1/behav/xsim/glbl.v" into library xil_defaultlib
INFO: [VRFC 10-311] analyzing module glbl
"xvhdl --incr --relax -prj tb_top_vhdl.prj"
ECHO is off.
ECHO is off.
run_program: Time (s): cpu = 00:00:00 ; elapsed = 00:00:05 . Memory (MB): peak = 1551.785 ; gain = 12.582
INFO: [USF-XSim-69] 'compile' step finished in '5' seconds
INFO: [USF-XSim-3] XSim::Elaborate design
INFO: [USF-XSim-61] Executing 'ELABORATE' step in 'D:/Code/loongteam/mycpu_env_try/soc_verify/soc_axi/run_vivado/project/loongson.sim/sim_1/behav/xsim'
"xelab --incr --debug typical --relax --mt 2 -L xil_defaultlib -L blk_mem_gen_v8_4_7 -L generic_baseblocks_v2_1_1 -L axi_infrastructure_v1_1_0 -L axi_register_slice_v2_1_29 -L fifo_generator_v13_2_9 -L axi_data_fifo_v2_1_28 -L axi_crossbar_v2_1_30 -L unisims_ver -L unimacro_ver -L secureip -L xpm --snapshot tb_top_behav xil_defaultlib.tb_top xil_defaultlib.glbl -log elaborate.log"
ECHO is off.
ECHO is off.
Vivado Simulator v2023.2
Copyright 1986-2022 Xilinx, Inc. All Rights Reserved.
Copyright 2022-2023 Advanced Micro Devices, Inc. All Rights Reserved.
Running: D:/app/Xilinx/Vivado/2023.2/bin/unwrapped/win64.o/xelab.exe --incr --debug typical --relax --mt 2 -L xil_defaultlib -L blk_mem_gen_v8_4_7 -L generic_baseblocks_v2_1_1 -L axi_infrastructure_v1_1_0 -L axi_register_slice_v2_1_29 -L fifo_generator_v13_2_9 -L axi_data_fifo_v2_1_28 -L axi_crossbar_v2_1_30 -L unisims_ver -L unimacro_ver -L secureip -L xpm --snapshot tb_top_behav xil_defaultlib.tb_top xil_defaultlib.glbl -log elaborate.log 
Using 2 slave threads.
Starting static elaboration
Pass Through NonSizing Optimizer
WARNING: [VRFC 10-3091] actual bit length 4 differs from formal bit length 8 for port 'arlen' [D:/Code/loongteam/mycpu_env_try/soc_verify/soc_axi/rtl/soc_lite_top.v:557]
WARNING: [VRFC 10-3091] actual bit length 4 differs from formal bit length 8 for port 'awlen' [D:/Code/loongteam/mycpu_env_try/soc_verify/soc_axi/rtl/soc_lite_top.v:573]
WARNING: [VRFC 10-5021] port 'aclk2x' is not connected on this instance [/wrk/ci/prod/2023.2/sw/continuous/3079/packages/customer/vivado/data/ip/xilinx/axi_crossbar_v2_1/hdl/axi_crossbar_v2_1_vl_rfs.v:3097]
Completed static elaboration
Starting simulation data flow analysis
Completed simulation data flow analysis
Time Resolution for simulation is 1ps
Compiling module xil_defaultlib.csr
Compiling module xil_defaultlib.if_stage
Compiling module xil_defaultlib.decoder_6_64
Compiling module xil_defaultlib.decoder_4_16
Compiling module xil_defaultlib.decoder_2_4
Compiling module xil_defaultlib.decoder_5_32
Compiling module xil_defaultlib.regfile
Compiling module xil_defaultlib.id_stage
Compiling module xil_defaultlib.alu
Compiling module xil_defaultlib.YDecoder
Compiling module xil_defaultlib.BoothBase
Compiling module xil_defaultlib.BoothInterBase_default
Compiling module xil_defaultlib.addr
Compiling module xil_defaultlib.WallaceTreeBase
Compiling module xil_defaultlib.mul_default
Compiling module xil_defaultlib.div
Compiling module xil_defaultlib.exe_stage
Compiling module xil_defaultlib.mem_stage
Compiling module xil_defaultlib.wb_stage
Compiling module xil_defaultlib.axi_bridge
Compiling module xil_defaultlib.mycpu_top
Compiling module xil_defaultlib.axi_wrap
Compiling module generic_baseblocks_v2_1_1.generic_baseblocks_v2_1_1_carry_...
Compiling module generic_baseblocks_v2_1_1.generic_baseblocks_v2_1_1_compar...
Compiling module generic_baseblocks_v2_1_1.generic_baseblocks_v2_1_1_compar...
Compiling module generic_baseblocks_v2_1_1.generic_baseblocks_v2_1_1_compar...
Compiling module generic_baseblocks_v2_1_1.generic_baseblocks_v2_1_1_compar...
Compiling module generic_baseblocks_v2_1_1.generic_baseblocks_v2_1_1_compar...
Compiling module generic_baseblocks_v2_1_1.generic_baseblocks_v2_1_1_compar...
Compiling module generic_baseblocks_v2_1_1.generic_baseblocks_v2_1_1_compar...
Compiling module axi_crossbar_v2_1_30.axi_crossbar_v2_1_30_addr_decode...
Compiling module axi_crossbar_v2_1_30.axi_crossbar_v2_1_30_arbiter_res...
Compiling module generic_baseblocks_v2_1_1.generic_baseblocks_v2_1_1_mux_en...
Compiling module unisims_ver.SRLC32E_default
Compiling module axi_data_fifo_v2_1_28.axi_data_fifo_v2_1_28_ndeep_srl(...
Compiling module axi_data_fifo_v2_1_28.axi_data_fifo_v2_1_28_axic_srl_f...
Compiling module axi_crossbar_v2_1_30.axi_crossbar_v2_1_30_si_transact...
Compiling module generic_baseblocks_v2_1_1.generic_baseblocks_v2_1_1_mux_en...
Compiling module axi_crossbar_v2_1_30.axi_crossbar_v2_1_30_si_transact...
Compiling module axi_crossbar_v2_1_30.axi_crossbar_v2_1_30_splitter
Compiling module axi_data_fifo_v2_1_28.axi_data_fifo_v2_1_28_ndeep_srl(...
Compiling module axi_data_fifo_v2_1_28.axi_data_fifo_v2_1_28_axic_reg_s...
Compiling module axi_crossbar_v2_1_30.axi_crossbar_v2_1_30_wdata_route...
Compiling module axi_crossbar_v2_1_30.axi_crossbar_v2_1_30_wdata_mux(C...
Compiling module axi_data_fifo_v2_1_28.axi_data_fifo_v2_1_28_axic_srl_f...
Compiling module axi_infrastructure_v1_1_0.axi_infrastructure_v1_1_0_axi2ve...
Compiling module axi_infrastructure_v1_1_0.axi_infrastructure_v1_1_0_vector...
Compiling module axi_register_slice_v2_1_29.axi_register_slice_v2_1_29_axic_...
Compiling module axi_register_slice_v2_1_29.axi_register_slice_v2_1_29_axic_...
Compiling module axi_register_slice_v2_1_29.axi_register_slice_v2_1_29_axic_...
Compiling module axi_register_slice_v2_1_29.axi_register_slice_v2_1_29_axic_...
Compiling module axi_register_slice_v2_1_29.axi_register_slice_v2_1_29_axi_r...
Compiling module axi_crossbar_v2_1_30.axi_crossbar_v2_1_30_wdata_mux(C...
Compiling module axi_data_fifo_v2_1_28.axi_data_fifo_v2_1_28_axic_srl_f...
Compiling module axi_crossbar_v2_1_30.axi_crossbar_v2_1_30_addr_arbite...
Compiling module axi_crossbar_v2_1_30.axi_crossbar_v2_1_30_decerr_slav...
Compiling module axi_crossbar_v2_1_30.axi_crossbar_v2_1_30_crossbar(C_...
Compiling module axi_crossbar_v2_1_30.axi_crossbar_v2_1_30_axi_crossba...
Compiling module xil_defaultlib.axi_crossbar_1x2
Compiling module blk_mem_gen_v8_4_7.beh_vlog_ff_clr_v8_4
Compiling module blk_mem_gen_v8_4_7.beh_vlog_ff_pre_v8_4
Compiling module blk_mem_gen_v8_4_7.STATE_LOGIC_v8_4(INIT=64'b010101...
Compiling module blk_mem_gen_v8_4_7.STATE_LOGIC_v8_4(INIT=64'b101111...
Compiling module blk_mem_gen_v8_4_7.STATE_LOGIC_v8_4(INIT=64'b101010...
Compiling module blk_mem_gen_v8_4_7.STATE_LOGIC_v8_4(INIT=64'b010101...
Compiling module blk_mem_gen_v8_4_7.STATE_LOGIC_v8_4(INIT=64'b010001...
Compiling module blk_mem_gen_v8_4_7.STATE_LOGIC_v8_4(INIT=64'b010001...
Compiling module blk_mem_gen_v8_4_7.STATE_LOGIC_v8_4(INIT=64'b011010...
Compiling module blk_mem_gen_v8_4_7.STATE_LOGIC_v8_4(INIT=64'b111111...
Compiling module blk_mem_gen_v8_4_7.STATE_LOGIC_v8_4(INIT=64'b011000...
Compiling module blk_mem_gen_v8_4_7.STATE_LOGIC_v8_4(INIT=64'b011111...
Compiling module blk_mem_gen_v8_4_7.STATE_LOGIC_v8_4(INIT=64'b0111)
Compiling module blk_mem_gen_v8_4_7.STATE_LOGIC_v8_4(INIT=64'b111110...
Compiling module blk_mem_gen_v8_4_7.STATE_LOGIC_v8_4(INIT=64'b01000)
Compiling module blk_mem_gen_v8_4_7.STATE_LOGIC_v8_4(INIT=64'b100010...
Compiling module blk_mem_gen_v8_4_7.write_netlist_v8_4(C_AXI_TYPE=1)
Compiling module blk_mem_gen_v8_4_7.blk_mem_axi_write_wrapper_beh_v8...
Compiling module blk_mem_gen_v8_4_7.beh_vlog_ff_ce_clr_v8_4
Compiling module blk_mem_gen_v8_4_7.STATE_LOGIC_v8_4(INIT=64'b01011)
Compiling module blk_mem_gen_v8_4_7.STATE_LOGIC_v8_4(INIT=64'b0100)
Compiling module blk_mem_gen_v8_4_7.STATE_LOGIC_v8_4(INIT=64'b111011...
Compiling module blk_mem_gen_v8_4_7.STATE_LOGIC_v8_4(INIT=64'b010001...
Compiling module blk_mem_gen_v8_4_7.STATE_LOGIC_v8_4(INIT=64'b010000...
Compiling module blk_mem_gen_v8_4_7.STATE_LOGIC_v8_4(INIT=64'b011111...
Compiling module blk_mem_gen_v8_4_7.STATE_LOGIC_v8_4(INIT=64'b01)
Compiling module blk_mem_gen_v8_4_7.STATE_LOGIC_v8_4(INIT=64'b010000...
Compiling module blk_mem_gen_v8_4_7.STATE_LOGIC_v8_4(INIT=64'b010001...
Compiling module blk_mem_gen_v8_4_7.STATE_LOGIC_v8_4(INIT=64'b011101...
Compiling module blk_mem_gen_v8_4_7.STATE_LOGIC_v8_4(INIT=64'b111111...
Compiling module blk_mem_gen_v8_4_7.STATE_LOGIC_v8_4(INIT=64'b010101...
Compiling module blk_mem_gen_v8_4_7.STATE_LOGIC_v8_4(INIT=64'b111100...
Compiling module blk_mem_gen_v8_4_7.beh_vlog_muxf7_v8_4
Compiling module blk_mem_gen_v8_4_7.STATE_LOGIC_v8_4(INIT=64'b010101...
Compiling module blk_mem_gen_v8_4_7.STATE_LOGIC_v8_4(INIT=64'b011100...
Compiling module blk_mem_gen_v8_4_7.STATE_LOGIC_v8_4(INIT=64'b011111...
Compiling module blk_mem_gen_v8_4_7.STATE_LOGIC_v8_4(INIT=64'b010001...
Compiling module blk_mem_gen_v8_4_7.STATE_LOGIC_v8_4(INIT=64'b010001...
Compiling module blk_mem_gen_v8_4_7.STATE_LOGIC_v8_4(INIT=64'b011100...
Compiling module blk_mem_gen_v8_4_7.read_netlist_v8_4(C_ADDRB_WIDTH=...
Compiling module blk_mem_gen_v8_4_7.blk_mem_axi_read_wrapper_beh_v8_...
Compiling module blk_mem_gen_v8_4_7.blk_mem_gen_v8_4_7_output_stage(...
Compiling module blk_mem_gen_v8_4_7.blk_mem_gen_v8_4_7_output_stage(...
Compiling module blk_mem_gen_v8_4_7.blk_mem_gen_v8_4_7_softecc_outpu...
Compiling module blk_mem_gen_v8_4_7.blk_mem_gen_v8_4_7_mem_module(C_...
Compiling module blk_mem_gen_v8_4_7.blk_mem_gen_v8_4_7(C_FAMILY="art...
Compiling module xil_defaultlib.axi_ram
Compiling module xil_defaultlib.axi_wrap_ram
Compiling module xil_defaultlib.confreg(SIMULATION=1'b1)
Compiling module xil_defaultlib.soc_lite_top(SIMULATION=1'b1)
Compiling module xil_defaultlib.tb_top
WARNING: [XSIM 43-3373] "D:/Code/loongteam/mycpu_env_try/soc_verify/soc_axi/testbench/mycpu_tb.v" Line 124. System function $fscanf is used as system task. This system function should have a LHS e.g. x=$fscanf().
Compiling module xil_defaultlib.glbl
Built simulation snapshot tb_top_behav
run_program: Time (s): cpu = 00:00:01 ; elapsed = 00:00:19 . Memory (MB): peak = 1551.785 ; gain = 0.000
INFO: [USF-XSim-69] 'elaborate' step finished in '20' seconds
INFO: [USF-XSim-4] XSim::Simulate design
INFO: [USF-XSim-61] Executing 'SIMULATE' step in 'D:/Code/loongteam/mycpu_env_try/soc_verify/soc_axi/run_vivado/project/loongson.sim/sim_1/behav/xsim'
INFO: [USF-XSim-98] *** Running xsim
   with args "tb_top_behav -key {Behavioral:sim_1:Functional:tb_top} -tclbatch {tb_top.tcl} -log {simulate.log}"
INFO: [USF-XSim-8] Loading simulator feature
Time resolution is 1 ps
source tb_top.tcl
# set curr_wave [current_wave_config]
# if { [string length $curr_wave] == 0 } {
#   if { [llength [get_objects]] > 0} {
#     add_wave /
#     set_property needs_save false [current_wave_config]
#   } else {
#      send_msg_id Add_Wave-1 WARNING "No top level signals found. Simulator will start without a wave window. If you want to open a wave window go to 'File->New Waveform Configuration' or type 'create_wave_config' in the TCL console."
#   }
# }
# log_wave -r /
WARNING: [Simtcl 6-197] One or more HDL objects could not be logged because of object type or size limitations.  To see details please rerun the command with -verbose (-v).
# run 1000ns
Block Memory Generator module tb_top.soc_lite.u_axi_ram.ram.inst.\axi_mem_module.blk_mem_gen_v8_4_7_inst  is using a behavioral model for simulation which will not precisely model memory collision behavior.
WARNING: file ../../../../../../../../gettrace/golden_trace.txt could not be opened
xsim: Time (s): cpu = 00:00:06 ; elapsed = 00:00:09 . Memory (MB): peak = 1625.133 ; gain = 73.348
INFO: [USF-XSim-96] XSim completed. Design snapshot 'tb_top_behav' loaded.
INFO: [USF-XSim-97] XSim simulation ran for 1000ns
launch_simulation: Time (s): cpu = 00:00:08 ; elapsed = 00:00:37 . Memory (MB): peak = 1625.133 ; gain = 97.832
WARNING: [IP_Flow 19-4067] Ignoring invalid widget type specified checkbox.Providing a default widget
WARNING: [IP_Flow 19-4067] Ignoring invalid widget type specified checkbox.Providing a default widget
INFO: [IP_Flow 19-3484] Absolute path of file 'd:/Code/loongteam/mycpu_env_try/func/obj/inst_ram.coe' provided. It will be converted relative to IP Instance files '../../../../../../../../func/obj/inst_ram.coe'
set_property -dict [list \
  CONFIG.Coe_File {D:/Code/loongteam/mycpu_env_try/func/obj/inst_ram.coe} \
  CONFIG.Load_Init_File {true} \
] [get_ips axi_ram]
INFO: [IP_Flow 19-3484] Absolute path of file 'd:/Code/loongteam/mycpu_env_try/func/obj/inst_ram.coe' provided. It will be converted relative to IP Instance files '../../../../../func/obj/inst_ram.coe'
generate_target all [get_files  D:/Code/loongteam/mycpu_env_try/soc_verify/soc_axi/rtl/xilinx_ip/axi_ram/axi_ram.xci]
INFO: [IP_Flow 19-1686] Generating 'Instantiation Template' target for IP 'axi_ram'...
INFO: [IP_Flow 19-1686] Generating 'Synthesis' target for IP 'axi_ram'...
INFO: [IP_Flow 19-1686] Generating 'Simulation' target for IP 'axi_ram'...
INFO: [IP_Flow 19-1686] Generating 'Miscellaneous' target for IP 'axi_ram'...
INFO: [IP_Flow 19-1686] Generating 'Change Log' target for IP 'axi_ram'...
generate_target: Time (s): cpu = 00:00:13 ; elapsed = 00:00:14 . Memory (MB): peak = 1705.250 ; gain = 0.000
catch { config_ip_cache -export [get_ips -all axi_ram] }
INFO: [IP_Flow 19-6924] IPCACHE: Running cache check for IP inst: axi_ram
export_ip_user_files -of_objects [get_files D:/Code/loongteam/mycpu_env_try/soc_verify/soc_axi/rtl/xilinx_ip/axi_ram/axi_ram.xci] -no_script -sync -force -quiet
reset_run axi_ram_synth_1
WARNING: [Vivado 12-1017] Problems encountered:
1. Failed to delete one or more files in run directory D:/Code/loongteam/mycpu_env_try/soc_verify/soc_axi/run_vivado/project/loongson.runs/axi_ram_synth_1

launch_runs axi_ram_synth_1 -jobs 12
INFO: [IP_Flow 19-6924] IPCACHE: Running cache check for IP inst: axi_ram
[Thu Jul 24 19:36:08 2025] Launched axi_ram_synth_1...
Run output will be captured here: D:/Code/loongteam/mycpu_env_try/soc_verify/soc_axi/run_vivado/project/loongson.runs/axi_ram_synth_1/runme.log
export_simulation -of_objects [get_files D:/Code/loongteam/mycpu_env_try/soc_verify/soc_axi/rtl/xilinx_ip/axi_ram/axi_ram.xci] -directory D:/Code/loongteam/mycpu_env_try/soc_verify/soc_axi/run_vivado/project/loongson.ip_user_files/sim_scripts -ip_user_files_dir D:/Code/loongteam/mycpu_env_try/soc_verify/soc_axi/run_vivado/project/loongson.ip_user_files -ipstatic_source_dir D:/Code/loongteam/mycpu_env_try/soc_verify/soc_axi/run_vivado/project/loongson.ip_user_files/ipstatic -lib_map_path [list {modelsim=D:/Code/loongteam/mycpu_env_try/soc_verify/soc_axi/run_vivado/project/loongson.cache/compile_simlib/modelsim} {questa=D:/Code/loongteam/mycpu_env_try/soc_verify/soc_axi/run_vivado/project/loongson.cache/compile_simlib/questa} {riviera=D:/Code/loongteam/mycpu_env_try/soc_verify/soc_axi/run_vivado/project/loongson.cache/compile_simlib/riviera} {activehdl=D:/Code/loongteam/mycpu_env_try/soc_verify/soc_axi/run_vivado/project/loongson.cache/compile_simlib/activehdl}] -use_ip_compiled_libs -force -quiet
run all
==============================================================
Test begin!
        [  22000 ns] Test is running, debug_wb_pc = 0xxxxxxxX0
        [  32000 ns] Test is running, debug_wb_pc = 0xxxxxxxX0
        [  42000 ns] Test is running, debug_wb_pc = 0xxxxxxxX0
        [  52000 ns] Test is running, debug_wb_pc = 0xxxxxxxX0
        [  62000 ns] Test is running, debug_wb_pc = 0xxxxxxxX0
        [  72000 ns] Test is running, debug_wb_pc = 0xxxxxxxX0
        [  82000 ns] Test is running, debug_wb_pc = 0xxxxxxxX0
        [  92000 ns] Test is running, debug_wb_pc = 0xxxxxxxX0
        [ 102000 ns] Test is running, debug_wb_pc = 0xxxxxxxX0
        [ 112000 ns] Test is running, debug_wb_pc = 0xxxxxxxX0
        [ 122000 ns] Test is running, debug_wb_pc = 0xxxxxxxX0
        [ 132000 ns] Test is running, debug_wb_pc = 0xxxxxxxX0
        [ 142000 ns] Test is running, debug_wb_pc = 0xxxxxxxX0
        [ 152000 ns] Test is running, debug_wb_pc = 0xxxxxxxX0
        [ 162000 ns] Test is running, debug_wb_pc = 0xxxxxxxX0
        [ 172000 ns] Test is running, debug_wb_pc = 0xxxxxxxX0
        [ 182000 ns] Test is running, debug_wb_pc = 0xxxxxxxX0
        [ 192000 ns] Test is running, debug_wb_pc = 0xxxxxxxX0
        [ 202000 ns] Test is running, debug_wb_pc = 0xxxxxxxX0
        [ 212000 ns] Test is running, debug_wb_pc = 0xxxxxxxX0
        [ 222000 ns] Test is running, debug_wb_pc = 0xxxxxxxX0
        [ 232000 ns] Test is running, debug_wb_pc = 0xxxxxxxX0
        [ 242000 ns] Test is running, debug_wb_pc = 0xxxxxxxX0
        [ 252000 ns] Test is running, debug_wb_pc = 0xxxxxxxX0
        [ 262000 ns] Test is running, debug_wb_pc = 0xxxxxxxX0
        [ 272000 ns] Test is running, debug_wb_pc = 0xxxxxxxX0
        [ 282000 ns] Test is running, debug_wb_pc = 0xxxxxxxX0
        [ 292000 ns] Test is running, debug_wb_pc = 0xxxxxxxX0
        [ 302000 ns] Test is running, debug_wb_pc = 0xxxxxxxX0
        [ 312000 ns] Test is running, debug_wb_pc = 0xxxxxxxX0
        [ 322000 ns] Test is running, debug_wb_pc = 0xxxxxxxX0
        [ 332000 ns] Test is running, debug_wb_pc = 0xxxxxxxX0
        [ 342000 ns] Test is running, debug_wb_pc = 0xxxxxxxX0
        [ 352000 ns] Test is running, debug_wb_pc = 0xxxxxxxX0
        [ 362000 ns] Test is running, debug_wb_pc = 0xxxxxxxX0
        [ 372000 ns] Test is running, debug_wb_pc = 0xxxxxxxX0
        [ 382000 ns] Test is running, debug_wb_pc = 0xxxxxxxX0
        [ 392000 ns] Test is running, debug_wb_pc = 0xxxxxxxX0
        [ 402000 ns] Test is running, debug_wb_pc = 0xxxxxxxX0
        [ 412000 ns] Test is running, debug_wb_pc = 0xxxxxxxX0
        [ 422000 ns] Test is running, debug_wb_pc = 0xxxxxxxX0
        [ 432000 ns] Test is running, debug_wb_pc = 0xxxxxxxX0
        [ 442000 ns] Test is running, debug_wb_pc = 0xxxxxxxX0
        [ 452000 ns] Test is running, debug_wb_pc = 0xxxxxxxX0
        [ 462000 ns] Test is running, debug_wb_pc = 0xxxxxxxX0
        [ 472000 ns] Test is running, debug_wb_pc = 0xxxxxxxX0
        [ 482000 ns] Test is running, debug_wb_pc = 0xxxxxxxX0
        [ 492000 ns] Test is running, debug_wb_pc = 0xxxxxxxX0
        [ 502000 ns] Test is running, debug_wb_pc = 0xxxxxxxX0
        [ 512000 ns] Test is running, debug_wb_pc = 0xxxxxxxX0
        [ 522000 ns] Test is running, debug_wb_pc = 0xxxxxxxX0
        [ 532000 ns] Test is running, debug_wb_pc = 0xxxxxxxX0
        [ 542000 ns] Test is running, debug_wb_pc = 0xxxxxxxX0
        [ 552000 ns] Test is running, debug_wb_pc = 0xxxxxxxX0
        [ 562000 ns] Test is running, debug_wb_pc = 0xxxxxxxX0
        [ 572000 ns] Test is running, debug_wb_pc = 0xxxxxxxX0
        [ 582000 ns] Test is running, debug_wb_pc = 0xxxxxxxX0
        [ 592000 ns] Test is running, debug_wb_pc = 0xxxxxxxX0
        [ 602000 ns] Test is running, debug_wb_pc = 0xxxxxxxX0
        [ 612000 ns] Test is running, debug_wb_pc = 0xxxxxxxX0
        [ 622000 ns] Test is running, debug_wb_pc = 0xxxxxxxX0
        [ 632000 ns] Test is running, debug_wb_pc = 0xxxxxxxX0
        [ 642000 ns] Test is running, debug_wb_pc = 0xxxxxxxX0
        [ 652000 ns] Test is running, debug_wb_pc = 0xxxxxxxX0
        [ 662000 ns] Test is running, debug_wb_pc = 0xxxxxxxX0
        [ 672000 ns] Test is running, debug_wb_pc = 0xxxxxxxX0
        [ 682000 ns] Test is running, debug_wb_pc = 0xxxxxxxX0
        [ 692000 ns] Test is running, debug_wb_pc = 0xxxxxxxX0
        [ 702000 ns] Test is running, debug_wb_pc = 0xxxxxxxX0
        [ 712000 ns] Test is running, debug_wb_pc = 0xxxxxxxX0
        [ 722000 ns] Test is running, debug_wb_pc = 0xxxxxxxX0
        [ 732000 ns] Test is running, debug_wb_pc = 0xxxxxxxX0
        [ 742000 ns] Test is running, debug_wb_pc = 0xxxxxxxX0
        [ 752000 ns] Test is running, debug_wb_pc = 0xxxxxxxX0
        [ 762000 ns] Test is running, debug_wb_pc = 0xxxxxxxX0
        [ 772000 ns] Test is running, debug_wb_pc = 0xxxxxxxX0
        [ 782000 ns] Test is running, debug_wb_pc = 0xxxxxxxX0
        [ 792000 ns] Test is running, debug_wb_pc = 0xxxxxxxX0
        [ 802000 ns] Test is running, debug_wb_pc = 0xxxxxxxX0
        [ 812000 ns] Test is running, debug_wb_pc = 0xxxxxxxX0
        [ 822000 ns] Test is running, debug_wb_pc = 0xxxxxxxX0
        [ 832000 ns] Test is running, debug_wb_pc = 0xxxxxxxX0
        [ 842000 ns] Test is running, debug_wb_pc = 0xxxxxxxX0
        [ 852000 ns] Test is running, debug_wb_pc = 0xxxxxxxX0
        [ 862000 ns] Test is running, debug_wb_pc = 0xxxxxxxX0
        [ 872000 ns] Test is running, debug_wb_pc = 0xxxxxxxX0
        [ 882000 ns] Test is running, debug_wb_pc = 0xxxxxxxX0
        [ 892000 ns] Test is running, debug_wb_pc = 0xxxxxxxX0
        [ 902000 ns] Test is running, debug_wb_pc = 0xxxxxxxX0
        [ 912000 ns] Test is running, debug_wb_pc = 0xxxxxxxX0
        [ 922000 ns] Test is running, debug_wb_pc = 0xxxxxxxX0
        [ 932000 ns] Test is running, debug_wb_pc = 0xxxxxxxX0
        [ 942000 ns] Test is running, debug_wb_pc = 0xxxxxxxX0
        [ 952000 ns] Test is running, debug_wb_pc = 0xxxxxxxX0
        [ 962000 ns] Test is running, debug_wb_pc = 0xxxxxxxX0
        [ 972000 ns] Test is running, debug_wb_pc = 0xxxxxxxX0
        [ 982000 ns] Test is running, debug_wb_pc = 0xxxxxxxX0
        [ 992000 ns] Test is running, debug_wb_pc = 0xxxxxxxX0
        [1002000 ns] Test is running, debug_wb_pc = 0xxxxxxxX0
        [1012000 ns] Test is running, debug_wb_pc = 0xxxxxxxX0
        [1022000 ns] Test is running, debug_wb_pc = 0xxxxxxxX0
        [1032000 ns] Test is running, debug_wb_pc = 0xxxxxxxX0
        [1042000 ns] Test is running, debug_wb_pc = 0xxxxxxxX0
        [1052000 ns] Test is running, debug_wb_pc = 0xxxxxxxX0
        [1062000 ns] Test is running, debug_wb_pc = 0xxxxxxxX0
        [1072000 ns] Test is running, debug_wb_pc = 0xxxxxxxX0
        [1082000 ns] Test is running, debug_wb_pc = 0xxxxxxxX0
        [1092000 ns] Test is running, debug_wb_pc = 0xxxxxxxX0
        [1102000 ns] Test is running, debug_wb_pc = 0xxxxxxxX0
        [1112000 ns] Test is running, debug_wb_pc = 0xxxxxxxX0
        [1122000 ns] Test is running, debug_wb_pc = 0xxxxxxxX0
        [1132000 ns] Test is running, debug_wb_pc = 0xxxxxxxX0
        [1142000 ns] Test is running, debug_wb_pc = 0xxxxxxxX0
        [1152000 ns] Test is running, debug_wb_pc = 0xxxxxxxX0
        [1162000 ns] Test is running, debug_wb_pc = 0xxxxxxxX0
        [1172000 ns] Test is running, debug_wb_pc = 0xxxxxxxX0
        [1182000 ns] Test is running, debug_wb_pc = 0xxxxxxxX0
        [1192000 ns] Test is running, debug_wb_pc = 0xxxxxxxX0
        [1202000 ns] Test is running, debug_wb_pc = 0xxxxxxxX0
        [1212000 ns] Test is running, debug_wb_pc = 0xxxxxxxX0
        [1222000 ns] Test is running, debug_wb_pc = 0xxxxxxxX0
        [1232000 ns] Test is running, debug_wb_pc = 0xxxxxxxX0
        [1242000 ns] Test is running, debug_wb_pc = 0xxxxxxxX0
        [1252000 ns] Test is running, debug_wb_pc = 0xxxxxxxX0
        [1262000 ns] Test is running, debug_wb_pc = 0xxxxxxxX0
        [1272000 ns] Test is running, debug_wb_pc = 0xxxxxxxX0
        [1282000 ns] Test is running, debug_wb_pc = 0xxxxxxxX0
        [1292000 ns] Test is running, debug_wb_pc = 0xxxxxxxX0
        [1302000 ns] Test is running, debug_wb_pc = 0xxxxxxxX0
        [1312000 ns] Test is running, debug_wb_pc = 0xxxxxxxX0
        [1322000 ns] Test is running, debug_wb_pc = 0xxxxxxxX0
        [1332000 ns] Test is running, debug_wb_pc = 0xxxxxxxX0
        [1342000 ns] Test is running, debug_wb_pc = 0xxxxxxxX0
        [1352000 ns] Test is running, debug_wb_pc = 0xxxxxxxX0
        [1362000 ns] Test is running, debug_wb_pc = 0xxxxxxxX0
        [1372000 ns] Test is running, debug_wb_pc = 0xxxxxxxX0
        [1382000 ns] Test is running, debug_wb_pc = 0xxxxxxxX0
        [1392000 ns] Test is running, debug_wb_pc = 0xxxxxxxX0
        [1402000 ns] Test is running, debug_wb_pc = 0xxxxxxxX0
        [1412000 ns] Test is running, debug_wb_pc = 0xxxxxxxX0
        [1422000 ns] Test is running, debug_wb_pc = 0xxxxxxxX0
        [1432000 ns] Test is running, debug_wb_pc = 0xxxxxxxX0
        [1442000 ns] Test is running, debug_wb_pc = 0xxxxxxxX0
        [1452000 ns] Test is running, debug_wb_pc = 0xxxxxxxX0
        [1462000 ns] Test is running, debug_wb_pc = 0xxxxxxxX0
        [1472000 ns] Test is running, debug_wb_pc = 0xxxxxxxX0
        [1482000 ns] Test is running, debug_wb_pc = 0xxxxxxxX0
        [1492000 ns] Test is running, debug_wb_pc = 0xxxxxxxX0
        [1502000 ns] Test is running, debug_wb_pc = 0xxxxxxxX0
        [1512000 ns] Test is running, debug_wb_pc = 0xxxxxxxX0
        [1522000 ns] Test is running, debug_wb_pc = 0xxxxxxxX0
        [1532000 ns] Test is running, debug_wb_pc = 0xxxxxxxX0
        [1542000 ns] Test is running, debug_wb_pc = 0xxxxxxxX0
        [1552000 ns] Test is running, debug_wb_pc = 0xxxxxxxX0
        [1562000 ns] Test is running, debug_wb_pc = 0xxxxxxxX0
        [1572000 ns] Test is running, debug_wb_pc = 0xxxxxxxX0
        [1582000 ns] Test is running, debug_wb_pc = 0xxxxxxxX0
        [1592000 ns] Test is running, debug_wb_pc = 0xxxxxxxX0
        [1602000 ns] Test is running, debug_wb_pc = 0xxxxxxxX0
        [1612000 ns] Test is running, debug_wb_pc = 0xxxxxxxX0
        [1622000 ns] Test is running, debug_wb_pc = 0xxxxxxxX0
        [1632000 ns] Test is running, debug_wb_pc = 0xxxxxxxX0
        [1642000 ns] Test is running, debug_wb_pc = 0xxxxxxxX0
        [1652000 ns] Test is running, debug_wb_pc = 0xxxxxxxX0
        [1662000 ns] Test is running, debug_wb_pc = 0xxxxxxxX0
        [1672000 ns] Test is running, debug_wb_pc = 0xxxxxxxX0
        [1682000 ns] Test is running, debug_wb_pc = 0xxxxxxxX0
        [1692000 ns] Test is running, debug_wb_pc = 0xxxxxxxX0
run: Time (s): cpu = 00:00:08 ; elapsed = 00:00:09 . Memory (MB): peak = 1710.582 ; gain = 0.836
reset_run axi_ram_synth_1
WARNING: [Vivado 12-1017] Problems encountered:
1. Failed to delete one or more files in run directory D:/Code/loongteam/mycpu_env_try/soc_verify/soc_axi/run_vivado/project/loongson.runs/axi_ram_synth_1

close_sim
INFO: [Simtcl 6-16] Simulation closed
exit
INFO: [Common 17-206] Exiting Vivado at Thu Jul 24 19:36:40 2025...
