
*** Running vivado
    with args -log soc_lite_top.vds -m64 -product Vivado -mode batch -messageDb vivado.pb -notrace -source soc_lite_top.tcl


ECHO is off.
ECHO is off.

****** Vivado v2023.2 (64-bit)
  **** SW Build 4029153 on Fri Oct 13 20:14:34 MDT 2023
  **** IP Build 4028589 on Sat Oct 14 00:45:43 MDT 2023
  **** SharedData Build 4025554 on Tue Oct 10 17:18:54 MDT 2023
    ** Copyright 1986-2022 Xilinx, Inc. All Rights Reserved.
    ** Copyright 2022-2023 Advanced Micro Devices, Inc. All Rights Reserved.

source soc_lite_top.tcl -notrace
create_project: Time (s): cpu = 00:00:03 ; elapsed = 00:00:07 . Memory (MB): peak = 476.488 ; gain = 181.637
Command: read_checkpoint -auto_incremental -incremental D:/Code/CPUshizhan/cdp_ede_local-master/cdp_ede_local-master/mycpu_env/soc_verify/soc_dram/run_vivado/project/loongson.srcs/utils_1/imports/synth_1/soc_lite_top.dcp
INFO: [Vivado 12-5825] Read reference checkpoint from D:/Code/CPUshizhan/cdp_ede_local-master/cdp_ede_local-master/mycpu_env/soc_verify/soc_dram/run_vivado/project/loongson.srcs/utils_1/imports/synth_1/soc_lite_top.dcp for incremental synthesis
INFO: [Vivado 12-7989] Please ensure there are no constraint changes
Command: synth_design -top soc_lite_top -part xc7a200tfbg676-1
Starting synth_design
Attempting to get a license for feature 'Synthesis' and/or device 'xc7a200t'
INFO: [Common 17-349] Got license for feature 'Synthesis' and/or device 'xc7a200t'
INFO: [Device 21-403] Loading part xc7a200tfbg676-1
INFO: [Designutils 20-5440] No compile time benefit to using incremental synthesis; A full resynthesis will be run
INFO: [Designutils 20-4379] Flow is switching to default flow due to incremental criteria not met. If you would like to alter this behaviour and have the flow terminate instead, please set the following parameter config_implementation {autoIncr.Synth.RejectBehavior Terminate}
INFO: [Synth 8-7079] Multithreading enabled for synth_design using a maximum of 2 processes.
INFO: [Synth 8-7078] Launching helper process for spawning children vivado processes
INFO: [Synth 8-7075] Helper process launched with PID 26552
---------------------------------------------------------------------------------
Starting RTL Elaboration : Time (s): cpu = 00:00:03 ; elapsed = 00:00:08 . Memory (MB): peak = 1375.719 ; gain = 441.059
---------------------------------------------------------------------------------
INFO: [Synth 8-11241] undeclared symbol 'rj_eq_rd', assumed default net type 'wire' [D:/Code/CPUshizhan/cdp_ede_local-master/cdp_ede_local-master/mycpu_env/myCPU/mycpu_top.v:238]
INFO: [Synth 8-11241] undeclared symbol 'final_result', assumed default net type 'wire' [D:/Code/CPUshizhan/cdp_ede_local-master/cdp_ede_local-master/mycpu_env/myCPU/mycpu_top.v:263]
INFO: [Synth 8-6157] synthesizing module 'soc_lite_top' [D:/Code/CPUshizhan/cdp_ede_local-master/cdp_ede_local-master/mycpu_env/soc_verify/soc_dram/rtl/soc_lite_top.v:67]
INFO: [Synth 8-6157] synthesizing module 'clk_pll' [D:/Code/CPUshizhan/cdp_ede_local-master/cdp_ede_local-master/mycpu_env/soc_verify/soc_dram/run_vivado/project/loongson.runs/synth_1/.Xil/Vivado-27976-DESKTOP-HHJ88ET/realtime/clk_pll_stub.v:6]
INFO: [Synth 8-6155] done synthesizing module 'clk_pll' (0#1) [D:/Code/CPUshizhan/cdp_ede_local-master/cdp_ede_local-master/mycpu_env/soc_verify/soc_dram/run_vivado/project/loongson.runs/synth_1/.Xil/Vivado-27976-DESKTOP-HHJ88ET/realtime/clk_pll_stub.v:6]
INFO: [Synth 8-6157] synthesizing module 'mycpu_top' [D:/Code/CPUshizhan/cdp_ede_local-master/cdp_ede_local-master/mycpu_env/myCPU/mycpu_top.v:1]
INFO: [Synth 8-6157] synthesizing module 'decoder_6_64' [D:/Code/CPUshizhan/cdp_ede_local-master/cdp_ede_local-master/mycpu_env/myCPU/tools.v:40]
INFO: [Synth 8-6155] done synthesizing module 'decoder_6_64' (0#1) [D:/Code/CPUshizhan/cdp_ede_local-master/cdp_ede_local-master/mycpu_env/myCPU/tools.v:40]
INFO: [Synth 8-6157] synthesizing module 'decoder_4_16' [D:/Code/CPUshizhan/cdp_ede_local-master/cdp_ede_local-master/mycpu_env/myCPU/tools.v:14]
INFO: [Synth 8-6155] done synthesizing module 'decoder_4_16' (0#1) [D:/Code/CPUshizhan/cdp_ede_local-master/cdp_ede_local-master/mycpu_env/myCPU/tools.v:14]
INFO: [Synth 8-6157] synthesizing module 'decoder_2_4' [D:/Code/CPUshizhan/cdp_ede_local-master/cdp_ede_local-master/mycpu_env/myCPU/tools.v:1]
INFO: [Synth 8-6155] done synthesizing module 'decoder_2_4' (0#1) [D:/Code/CPUshizhan/cdp_ede_local-master/cdp_ede_local-master/mycpu_env/myCPU/tools.v:1]
INFO: [Synth 8-6157] synthesizing module 'decoder_5_32' [D:/Code/CPUshizhan/cdp_ede_local-master/cdp_ede_local-master/mycpu_env/myCPU/tools.v:27]
INFO: [Synth 8-6155] done synthesizing module 'decoder_5_32' (0#1) [D:/Code/CPUshizhan/cdp_ede_local-master/cdp_ede_local-master/mycpu_env/myCPU/tools.v:27]
INFO: [Synth 8-6157] synthesizing module 'regfile' [D:/Code/CPUshizhan/cdp_ede_local-master/cdp_ede_local-master/mycpu_env/myCPU/regfile.v:1]
INFO: [Synth 8-6155] done synthesizing module 'regfile' (0#1) [D:/Code/CPUshizhan/cdp_ede_local-master/cdp_ede_local-master/mycpu_env/myCPU/regfile.v:1]
INFO: [Synth 8-6157] synthesizing module 'alu' [D:/Code/CPUshizhan/cdp_ede_local-master/cdp_ede_local-master/mycpu_env/myCPU/alu.v:1]
INFO: [Synth 8-6155] done synthesizing module 'alu' (0#1) [D:/Code/CPUshizhan/cdp_ede_local-master/cdp_ede_local-master/mycpu_env/myCPU/alu.v:1]
INFO: [Synth 8-6155] done synthesizing module 'mycpu_top' (0#1) [D:/Code/CPUshizhan/cdp_ede_local-master/cdp_ede_local-master/mycpu_env/myCPU/mycpu_top.v:1]
INFO: [Synth 8-6157] synthesizing module 'inst_ram' [D:/Code/CPUshizhan/cdp_ede_local-master/cdp_ede_local-master/mycpu_env/soc_verify/soc_dram/run_vivado/project/loongson.runs/synth_1/.Xil/Vivado-27976-DESKTOP-HHJ88ET/realtime/inst_ram_stub.v:6]
INFO: [Synth 8-6155] done synthesizing module 'inst_ram' (0#1) [D:/Code/CPUshizhan/cdp_ede_local-master/cdp_ede_local-master/mycpu_env/soc_verify/soc_dram/run_vivado/project/loongson.runs/synth_1/.Xil/Vivado-27976-DESKTOP-HHJ88ET/realtime/inst_ram_stub.v:6]
WARNING: [Synth 8-689] width (16) of port connection 'a' does not match port width (6) of module 'inst_ram' [D:/Code/CPUshizhan/cdp_ede_local-master/cdp_ede_local-master/mycpu_env/soc_verify/soc_dram/rtl/soc_lite_top.v:166]
WARNING: [Synth 8-689] width (32) of port connection 'd' does not match port width (16) of module 'inst_ram' [D:/Code/CPUshizhan/cdp_ede_local-master/cdp_ede_local-master/mycpu_env/soc_verify/soc_dram/rtl/soc_lite_top.v:167]
WARNING: [Synth 8-689] width (32) of port connection 'spo' does not match port width (16) of module 'inst_ram' [D:/Code/CPUshizhan/cdp_ede_local-master/cdp_ede_local-master/mycpu_env/soc_verify/soc_dram/rtl/soc_lite_top.v:168]
INFO: [Synth 8-6157] synthesizing module 'bridge_1x2' [D:/Code/CPUshizhan/cdp_ede_local-master/cdp_ede_local-master/mycpu_env/soc_verify/soc_dram/rtl/BRIDGE/bridge_1x2.v:50]
INFO: [Synth 8-6155] done synthesizing module 'bridge_1x2' (0#1) [D:/Code/CPUshizhan/cdp_ede_local-master/cdp_ede_local-master/mycpu_env/soc_verify/soc_dram/rtl/BRIDGE/bridge_1x2.v:50]
INFO: [Synth 8-6157] synthesizing module 'data_ram' [D:/Code/CPUshizhan/cdp_ede_local-master/cdp_ede_local-master/mycpu_env/soc_verify/soc_dram/run_vivado/project/loongson.runs/synth_1/.Xil/Vivado-27976-DESKTOP-HHJ88ET/realtime/data_ram_stub.v:6]
INFO: [Synth 8-6155] done synthesizing module 'data_ram' (0#1) [D:/Code/CPUshizhan/cdp_ede_local-master/cdp_ede_local-master/mycpu_env/soc_verify/soc_dram/run_vivado/project/loongson.runs/synth_1/.Xil/Vivado-27976-DESKTOP-HHJ88ET/realtime/data_ram_stub.v:6]
WARNING: [Synth 8-689] width (16) of port connection 'a' does not match port width (10) of module 'data_ram' [D:/Code/CPUshizhan/cdp_ede_local-master/cdp_ede_local-master/mycpu_env/soc_verify/soc_dram/rtl/soc_lite_top.v:198]
INFO: [Synth 8-6157] synthesizing module 'confreg' [D:/Code/CPUshizhan/cdp_ede_local-master/cdp_ede_local-master/mycpu_env/soc_verify/soc_dram/rtl/CONFREG/confreg.v:73]
	Parameter SIMULATION bound to: 1'b0 
INFO: [Synth 8-6155] done synthesizing module 'confreg' (0#1) [D:/Code/CPUshizhan/cdp_ede_local-master/cdp_ede_local-master/mycpu_env/soc_verify/soc_dram/rtl/CONFREG/confreg.v:73]
INFO: [Synth 8-6155] done synthesizing module 'soc_lite_top' (0#1) [D:/Code/CPUshizhan/cdp_ede_local-master/cdp_ede_local-master/mycpu_env/soc_verify/soc_dram/rtl/soc_lite_top.v:67]
WARNING: [Synth 8-6014] Unused sequential element confreg_uart_data_reg was removed.  [D:/Code/CPUshizhan/cdp_ede_local-master/cdp_ede_local-master/mycpu_env/soc_verify/soc_dram/rtl/CONFREG/confreg.v:304]
WARNING: [Synth 8-6014] Unused sequential element confreg_uart_valid_reg was removed.  [D:/Code/CPUshizhan/cdp_ede_local-master/cdp_ede_local-master/mycpu_env/soc_verify/soc_dram/rtl/CONFREG/confreg.v:305]
WARNING: [Synth 8-7129] Port conf_addr[31] in module confreg is either unconnected or has no load
WARNING: [Synth 8-7129] Port conf_addr[30] in module confreg is either unconnected or has no load
WARNING: [Synth 8-7129] Port conf_addr[29] in module confreg is either unconnected or has no load
WARNING: [Synth 8-7129] Port conf_addr[28] in module confreg is either unconnected or has no load
WARNING: [Synth 8-7129] Port conf_addr[27] in module confreg is either unconnected or has no load
WARNING: [Synth 8-7129] Port conf_addr[26] in module confreg is either unconnected or has no load
WARNING: [Synth 8-7129] Port conf_addr[25] in module confreg is either unconnected or has no load
WARNING: [Synth 8-7129] Port conf_addr[24] in module confreg is either unconnected or has no load
WARNING: [Synth 8-7129] Port conf_addr[23] in module confreg is either unconnected or has no load
WARNING: [Synth 8-7129] Port conf_addr[22] in module confreg is either unconnected or has no load
WARNING: [Synth 8-7129] Port conf_addr[21] in module confreg is either unconnected or has no load
WARNING: [Synth 8-7129] Port conf_addr[20] in module confreg is either unconnected or has no load
WARNING: [Synth 8-7129] Port conf_addr[19] in module confreg is either unconnected or has no load
WARNING: [Synth 8-7129] Port conf_addr[18] in module confreg is either unconnected or has no load
WARNING: [Synth 8-7129] Port conf_addr[17] in module confreg is either unconnected or has no load
WARNING: [Synth 8-7129] Port conf_addr[16] in module confreg is either unconnected or has no load
WARNING: [Synth 8-7129] Port clk in module bridge_1x2 is either unconnected or has no load
WARNING: [Synth 8-7129] Port resetn in module bridge_1x2 is either unconnected or has no load
WARNING: [Synth 8-7129] Port data_sram_rdata[31] in module mycpu_top is either unconnected or has no load
WARNING: [Synth 8-7129] Port data_sram_rdata[30] in module mycpu_top is either unconnected or has no load
WARNING: [Synth 8-7129] Port data_sram_rdata[29] in module mycpu_top is either unconnected or has no load
WARNING: [Synth 8-7129] Port data_sram_rdata[28] in module mycpu_top is either unconnected or has no load
WARNING: [Synth 8-7129] Port data_sram_rdata[27] in module mycpu_top is either unconnected or has no load
WARNING: [Synth 8-7129] Port data_sram_rdata[26] in module mycpu_top is either unconnected or has no load
WARNING: [Synth 8-7129] Port data_sram_rdata[25] in module mycpu_top is either unconnected or has no load
WARNING: [Synth 8-7129] Port data_sram_rdata[24] in module mycpu_top is either unconnected or has no load
WARNING: [Synth 8-7129] Port data_sram_rdata[23] in module mycpu_top is either unconnected or has no load
WARNING: [Synth 8-7129] Port data_sram_rdata[22] in module mycpu_top is either unconnected or has no load
WARNING: [Synth 8-7129] Port data_sram_rdata[21] in module mycpu_top is either unconnected or has no load
WARNING: [Synth 8-7129] Port data_sram_rdata[20] in module mycpu_top is either unconnected or has no load
WARNING: [Synth 8-7129] Port data_sram_rdata[19] in module mycpu_top is either unconnected or has no load
WARNING: [Synth 8-7129] Port data_sram_rdata[18] in module mycpu_top is either unconnected or has no load
WARNING: [Synth 8-7129] Port data_sram_rdata[17] in module mycpu_top is either unconnected or has no load
WARNING: [Synth 8-7129] Port data_sram_rdata[16] in module mycpu_top is either unconnected or has no load
WARNING: [Synth 8-7129] Port data_sram_rdata[15] in module mycpu_top is either unconnected or has no load
WARNING: [Synth 8-7129] Port data_sram_rdata[14] in module mycpu_top is either unconnected or has no load
WARNING: [Synth 8-7129] Port data_sram_rdata[13] in module mycpu_top is either unconnected or has no load
WARNING: [Synth 8-7129] Port data_sram_rdata[12] in module mycpu_top is either unconnected or has no load
WARNING: [Synth 8-7129] Port data_sram_rdata[11] in module mycpu_top is either unconnected or has no load
WARNING: [Synth 8-7129] Port data_sram_rdata[10] in module mycpu_top is either unconnected or has no load
WARNING: [Synth 8-7129] Port data_sram_rdata[9] in module mycpu_top is either unconnected or has no load
WARNING: [Synth 8-7129] Port data_sram_rdata[8] in module mycpu_top is either unconnected or has no load
WARNING: [Synth 8-7129] Port data_sram_rdata[7] in module mycpu_top is either unconnected or has no load
WARNING: [Synth 8-7129] Port data_sram_rdata[6] in module mycpu_top is either unconnected or has no load
WARNING: [Synth 8-7129] Port data_sram_rdata[5] in module mycpu_top is either unconnected or has no load
WARNING: [Synth 8-7129] Port data_sram_rdata[4] in module mycpu_top is either unconnected or has no load
WARNING: [Synth 8-7129] Port data_sram_rdata[3] in module mycpu_top is either unconnected or has no load
WARNING: [Synth 8-7129] Port data_sram_rdata[2] in module mycpu_top is either unconnected or has no load
WARNING: [Synth 8-7129] Port data_sram_rdata[1] in module mycpu_top is either unconnected or has no load
---------------------------------------------------------------------------------
Finished RTL Elaboration : Time (s): cpu = 00:00:04 ; elapsed = 00:00:11 . Memory (MB): peak = 1492.316 ; gain = 557.656
---------------------------------------------------------------------------------
---------------------------------------------------------------------------------
Start Handling Custom Attributes
---------------------------------------------------------------------------------
---------------------------------------------------------------------------------
Finished Handling Custom Attributes : Time (s): cpu = 00:00:04 ; elapsed = 00:00:12 . Memory (MB): peak = 1492.316 ; gain = 557.656
---------------------------------------------------------------------------------
---------------------------------------------------------------------------------
Finished RTL Optimization Phase 1 : Time (s): cpu = 00:00:04 ; elapsed = 00:00:12 . Memory (MB): peak = 1492.316 ; gain = 557.656
---------------------------------------------------------------------------------
Netlist sorting complete. Time (s): cpu = 00:00:00 ; elapsed = 00:00:00.046 . Memory (MB): peak = 1492.316 ; gain = 0.000
INFO: [Project 1-570] Preparing netlist for logic optimization

Processing XDC Constraints
Initializing timing engine
Parsing XDC File [d:/Code/CPUshizhan/cdp_ede_local-master/cdp_ede_local-master/mycpu_env/soc_verify/soc_dram/rtl/xilinx_ip/inst_ram/inst_ram/inst_ram_in_context.xdc] for cell 'inst_ram'
Finished Parsing XDC File [d:/Code/CPUshizhan/cdp_ede_local-master/cdp_ede_local-master/mycpu_env/soc_verify/soc_dram/rtl/xilinx_ip/inst_ram/inst_ram/inst_ram_in_context.xdc] for cell 'inst_ram'
Parsing XDC File [d:/Code/CPUshizhan/cdp_ede_local-master/cdp_ede_local-master/mycpu_env/soc_verify/soc_dram/rtl/xilinx_ip/clk_pll/clk_pll/clk_pll_in_context.xdc] for cell 'pll.clk_pll'
Finished Parsing XDC File [d:/Code/CPUshizhan/cdp_ede_local-master/cdp_ede_local-master/mycpu_env/soc_verify/soc_dram/rtl/xilinx_ip/clk_pll/clk_pll/clk_pll_in_context.xdc] for cell 'pll.clk_pll'
Parsing XDC File [d:/Code/CPUshizhan/cdp_ede_local-master/cdp_ede_local-master/mycpu_env/soc_verify/soc_dram/rtl/xilinx_ip/data_ram/data_ram/data_ram_in_context.xdc] for cell 'data_ram'
Finished Parsing XDC File [d:/Code/CPUshizhan/cdp_ede_local-master/cdp_ede_local-master/mycpu_env/soc_verify/soc_dram/rtl/xilinx_ip/data_ram/data_ram/data_ram_in_context.xdc] for cell 'data_ram'
Parsing XDC File [D:/Code/CPUshizhan/cdp_ede_local-master/cdp_ede_local-master/mycpu_env/soc_verify/soc_dram/run_vivado/constraints/soc_lite_top.xdc]
WARNING: [Constraints 18-619] A clock with name 'clk' already exists, overwriting the previous clock with the same name. [D:/Code/CPUshizhan/cdp_ede_local-master/cdp_ede_local-master/mycpu_env/soc_verify/soc_dram/run_vivado/constraints/soc_lite_top.xdc:5]
WARNING: [Vivado 12-508] No pins matched 'pll.clk_pll/inst/plle2_adv_inst/CLKOUT1'. [D:/Code/CPUshizhan/cdp_ede_local-master/cdp_ede_local-master/mycpu_env/soc_verify/soc_dram/run_vivado/constraints/soc_lite_top.xdc:126]
WARNING: [Vivado 12-508] No pins matched 'pll.clk_pll/inst/plle2_adv_inst/CLKOUT0'. [D:/Code/CPUshizhan/cdp_ede_local-master/cdp_ede_local-master/mycpu_env/soc_verify/soc_dram/run_vivado/constraints/soc_lite_top.xdc:127]
Finished Parsing XDC File [D:/Code/CPUshizhan/cdp_ede_local-master/cdp_ede_local-master/mycpu_env/soc_verify/soc_dram/run_vivado/constraints/soc_lite_top.xdc]
WARNING: [Project 1-498] One or more constraints failed evaluation while reading constraint file [D:/Code/CPUshizhan/cdp_ede_local-master/cdp_ede_local-master/mycpu_env/soc_verify/soc_dram/run_vivado/constraints/soc_lite_top.xdc] and the design contains unresolved black boxes. These constraints will be read post-synthesis (as long as their source constraint file is marked as used_in_implementation) and should be applied correctly then. You should review the constraints listed in the file [.Xil/soc_lite_top_propImpl.xdc] and check the run log file to verify that these constraints were correctly applied.
INFO: [Project 1-236] Implementation specific constraints were found while reading constraint file [D:/Code/CPUshizhan/cdp_ede_local-master/cdp_ede_local-master/mycpu_env/soc_verify/soc_dram/run_vivado/constraints/soc_lite_top.xdc]. These constraints will be ignored for synthesis but will be used in implementation. Impacted constraints are listed in the file [.Xil/soc_lite_top_propImpl.xdc].
Resolution: To avoid this warning, move constraints listed in [.Xil/soc_lite_top_propImpl.xdc] to another XDC file and exclude this new file from synthesis with the used_in_synthesis property (File Properties dialog in GUI) and re-run elaboration/synthesis.
Completed Processing XDC Constraints

Netlist sorting complete. Time (s): cpu = 00:00:00 ; elapsed = 00:00:00.001 . Memory (MB): peak = 1528.086 ; gain = 0.000
INFO: [Project 1-111] Unisim Transformation Summary:
No Unisim elements were transformed.

The system cannot find the path specified.
Constraint Validation Runtime : Time (s): cpu = 00:00:00 ; elapsed = 00:00:00.015 . Memory (MB): peak = 1528.086 ; gain = 0.000
INFO: [Designutils 20-5440] No compile time benefit to using incremental synthesis; A full resynthesis will be run
INFO: [Designutils 20-4379] Flow is switching to default flow due to incremental criteria not met. If you would like to alter this behaviour and have the flow terminate instead, please set the following parameter config_implementation {autoIncr.Synth.RejectBehavior Terminate}
---------------------------------------------------------------------------------
Finished Constraint Validation : Time (s): cpu = 00:00:09 ; elapsed = 00:00:25 . Memory (MB): peak = 1528.086 ; gain = 593.426
---------------------------------------------------------------------------------
---------------------------------------------------------------------------------
Start Loading Part and Timing Information
---------------------------------------------------------------------------------
Loading part: xc7a200tfbg676-1
---------------------------------------------------------------------------------
Finished Loading Part and Timing Information : Time (s): cpu = 00:00:09 ; elapsed = 00:00:25 . Memory (MB): peak = 1528.086 ; gain = 593.426
---------------------------------------------------------------------------------
---------------------------------------------------------------------------------
Start Applying 'set_property' XDC Constraints
---------------------------------------------------------------------------------
Applied set_property IO_BUFFER_TYPE = NONE for clk. (constraint file  d:/Code/CPUshizhan/cdp_ede_local-master/cdp_ede_local-master/mycpu_env/soc_verify/soc_dram/rtl/xilinx_ip/clk_pll/clk_pll/clk_pll_in_context.xdc, line 4).
Applied set_property CLOCK_BUFFER_TYPE = NONE for clk. (constraint file  d:/Code/CPUshizhan/cdp_ede_local-master/cdp_ede_local-master/mycpu_env/soc_verify/soc_dram/rtl/xilinx_ip/clk_pll/clk_pll/clk_pll_in_context.xdc, line 5).
Applied set_property KEEP_HIERARCHY = SOFT for inst_ram. (constraint file  auto generated constraint).
Applied set_property KEEP_HIERARCHY = SOFT for \pll.clk_pll . (constraint file  auto generated constraint).
Applied set_property KEEP_HIERARCHY = SOFT for data_ram. (constraint file  auto generated constraint).
---------------------------------------------------------------------------------
Finished applying 'set_property' XDC Constraints : Time (s): cpu = 00:00:09 ; elapsed = 00:00:25 . Memory (MB): peak = 1528.086 ; gain = 593.426
---------------------------------------------------------------------------------
INFO: [Synth 8-802] inferred FSM for state register 'state_reg' in module 'confreg'
---------------------------------------------------------------------------------------------------
                   State |                     New Encoding |                Previous Encoding 
---------------------------------------------------------------------------------------------------
                 iSTATE4 |                           000001 |                              000
                  iSTATE |                           100000 |                              001
                 iSTATE0 |                           010000 |                              010
                 iSTATE1 |                           001000 |                              011
                 iSTATE2 |                           000100 |                              100
                 iSTATE3 |                           000010 |                              111
---------------------------------------------------------------------------------------------------
INFO: [Synth 8-3354] encoded FSM with state register 'state_reg' using encoding 'one-hot' in module 'confreg'
---------------------------------------------------------------------------------
Finished RTL Optimization Phase 2 : Time (s): cpu = 00:00:09 ; elapsed = 00:00:27 . Memory (MB): peak = 1528.086 ; gain = 593.426
---------------------------------------------------------------------------------
---------------------------------------------------------------------------------
Start RTL Component Statistics 
---------------------------------------------------------------------------------
Detailed RTL Component Info : 
+---Adders : 
	   3 Input   33 Bit       Adders := 1     
	   2 Input   32 Bit       Adders := 2     
	   2 Input    4 Bit       Adders := 1     
+---XORs : 
	   2 Input     32 Bit         XORs := 1     
	   2 Input      1 Bit         XORs := 1     
+---Registers : 
	               32 Bit    Registers := 20    
	               16 Bit    Registers := 1     
	                8 Bit    Registers := 2     
	                7 Bit    Registers := 1     
	                4 Bit    Registers := 2     
	                1 Bit    Registers := 16    
+---Muxes : 
	   2 Input   32 Bit        Muxes := 11    
	   2 Input   16 Bit        Muxes := 14    
	   5 Input   16 Bit        Muxes := 1     
	  17 Input   16 Bit        Muxes := 1     
	   8 Input    8 Bit        Muxes := 1     
	   6 Input    6 Bit        Muxes := 1     
	   2 Input    6 Bit        Muxes := 6     
	   2 Input    5 Bit        Muxes := 2     
	   6 Input    4 Bit        Muxes := 1     
	   2 Input    3 Bit        Muxes := 10    
	   6 Input    3 Bit        Muxes := 2     
	   2 Input    1 Bit        Muxes := 6     
---------------------------------------------------------------------------------
Finished RTL Component Statistics 
---------------------------------------------------------------------------------
---------------------------------------------------------------------------------
Start Part Resource Summary
---------------------------------------------------------------------------------
Part Resources:
DSPs: 740 (col length:100)
BRAMs: 730 (col length: RAMB18 100 RAMB36 50)
---------------------------------------------------------------------------------
Finished Part Resource Summary
---------------------------------------------------------------------------------
---------------------------------------------------------------------------------
Start Cross Boundary and Area Optimization
---------------------------------------------------------------------------------
WARNING: [Synth 8-7080] Parallel synthesis criteria is not met
WARNING: [Synth 8-7129] Port conf_addr[31] in module confreg is either unconnected or has no load
WARNING: [Synth 8-7129] Port conf_addr[30] in module confreg is either unconnected or has no load
WARNING: [Synth 8-7129] Port conf_addr[29] in module confreg is either unconnected or has no load
WARNING: [Synth 8-7129] Port conf_addr[28] in module confreg is either unconnected or has no load
WARNING: [Synth 8-7129] Port conf_addr[27] in module confreg is either unconnected or has no load
WARNING: [Synth 8-7129] Port conf_addr[26] in module confreg is either unconnected or has no load
WARNING: [Synth 8-7129] Port conf_addr[25] in module confreg is either unconnected or has no load
WARNING: [Synth 8-7129] Port conf_addr[24] in module confreg is either unconnected or has no load
WARNING: [Synth 8-7129] Port conf_addr[23] in module confreg is either unconnected or has no load
WARNING: [Synth 8-7129] Port conf_addr[22] in module confreg is either unconnected or has no load
WARNING: [Synth 8-7129] Port conf_addr[21] in module confreg is either unconnected or has no load
WARNING: [Synth 8-7129] Port conf_addr[20] in module confreg is either unconnected or has no load
WARNING: [Synth 8-7129] Port conf_addr[19] in module confreg is either unconnected or has no load
WARNING: [Synth 8-7129] Port conf_addr[18] in module confreg is either unconnected or has no load
WARNING: [Synth 8-7129] Port conf_addr[17] in module confreg is either unconnected or has no load
WARNING: [Synth 8-7129] Port conf_addr[16] in module confreg is either unconnected or has no load
WARNING: [Synth 8-7129] Port clk in module bridge_1x2 is either unconnected or has no load
WARNING: [Synth 8-7129] Port resetn in module bridge_1x2 is either unconnected or has no load
WARNING: [Synth 8-7129] Port data_sram_rdata[31] in module mycpu_top is either unconnected or has no load
WARNING: [Synth 8-7129] Port data_sram_rdata[30] in module mycpu_top is either unconnected or has no load
WARNING: [Synth 8-7129] Port data_sram_rdata[29] in module mycpu_top is either unconnected or has no load
WARNING: [Synth 8-7129] Port data_sram_rdata[28] in module mycpu_top is either unconnected or has no load
WARNING: [Synth 8-7129] Port data_sram_rdata[27] in module mycpu_top is either unconnected or has no load
WARNING: [Synth 8-7129] Port data_sram_rdata[26] in module mycpu_top is either unconnected or has no load
WARNING: [Synth 8-7129] Port data_sram_rdata[25] in module mycpu_top is either unconnected or has no load
WARNING: [Synth 8-7129] Port data_sram_rdata[24] in module mycpu_top is either unconnected or has no load
WARNING: [Synth 8-7129] Port data_sram_rdata[23] in module mycpu_top is either unconnected or has no load
WARNING: [Synth 8-7129] Port data_sram_rdata[22] in module mycpu_top is either unconnected or has no load
WARNING: [Synth 8-7129] Port data_sram_rdata[21] in module mycpu_top is either unconnected or has no load
WARNING: [Synth 8-7129] Port data_sram_rdata[20] in module mycpu_top is either unconnected or has no load
WARNING: [Synth 8-7129] Port data_sram_rdata[19] in module mycpu_top is either unconnected or has no load
WARNING: [Synth 8-7129] Port data_sram_rdata[18] in module mycpu_top is either unconnected or has no load
WARNING: [Synth 8-7129] Port data_sram_rdata[17] in module mycpu_top is either unconnected or has no load
WARNING: [Synth 8-7129] Port data_sram_rdata[16] in module mycpu_top is either unconnected or has no load
WARNING: [Synth 8-7129] Port data_sram_rdata[15] in module mycpu_top is either unconnected or has no load
WARNING: [Synth 8-7129] Port data_sram_rdata[14] in module mycpu_top is either unconnected or has no load
WARNING: [Synth 8-7129] Port data_sram_rdata[13] in module mycpu_top is either unconnected or has no load
WARNING: [Synth 8-7129] Port data_sram_rdata[12] in module mycpu_top is either unconnected or has no load
WARNING: [Synth 8-7129] Port data_sram_rdata[11] in module mycpu_top is either unconnected or has no load
WARNING: [Synth 8-7129] Port data_sram_rdata[10] in module mycpu_top is either unconnected or has no load
WARNING: [Synth 8-7129] Port data_sram_rdata[9] in module mycpu_top is either unconnected or has no load
WARNING: [Synth 8-7129] Port data_sram_rdata[8] in module mycpu_top is either unconnected or has no load
WARNING: [Synth 8-7129] Port data_sram_rdata[7] in module mycpu_top is either unconnected or has no load
WARNING: [Synth 8-7129] Port data_sram_rdata[6] in module mycpu_top is either unconnected or has no load
WARNING: [Synth 8-7129] Port data_sram_rdata[5] in module mycpu_top is either unconnected or has no load
WARNING: [Synth 8-7129] Port data_sram_rdata[4] in module mycpu_top is either unconnected or has no load
WARNING: [Synth 8-7129] Port data_sram_rdata[3] in module mycpu_top is either unconnected or has no load
WARNING: [Synth 8-7129] Port data_sram_rdata[2] in module mycpu_top is either unconnected or has no load
WARNING: [Synth 8-7129] Port data_sram_rdata[1] in module mycpu_top is either unconnected or has no load
---------------------------------------------------------------------------------
Finished Cross Boundary and Area Optimization : Time (s): cpu = 00:00:10 ; elapsed = 00:00:30 . Memory (MB): peak = 1528.086 ; gain = 593.426
---------------------------------------------------------------------------------
---------------------------------------------------------------------------------
Start ROM, RAM, DSP, Shift Register and Retiming Reporting
---------------------------------------------------------------------------------

Distributed RAM: Preliminary Mapping Report (see note below)
+-------------+----------------------+-----------+----------------------+--------------+
|Module Name  | RTL Object           | Inference | Size (Depth x Width) | Primitives   | 
+-------------+----------------------+-----------+----------------------+--------------+
|soc_lite_top | cpu/u_regfile/rf_reg | Implied   | 32 x 1               | RAM32M x 12  | 
+-------------+----------------------+-----------+----------------------+--------------+

Note: The table above is a preliminary report that shows the Distributed RAMs at the current stage of the synthesis flow. Some Distributed RAMs may be reimplemented as non Distributed RAM primitives later in the synthesis flow. Multiple instantiated RAMs are reported only once.
---------------------------------------------------------------------------------
Finished ROM, RAM, DSP, Shift Register and Retiming Reporting
---------------------------------------------------------------------------------
---------------------------------------------------------------------------------
Start Applying XDC Timing Constraints
---------------------------------------------------------------------------------
WARNING: [Synth 8-565] redefining clock 'clk'
---------------------------------------------------------------------------------
Finished Applying XDC Timing Constraints : Time (s): cpu = 00:00:12 ; elapsed = 00:00:37 . Memory (MB): peak = 1528.086 ; gain = 593.426
---------------------------------------------------------------------------------
---------------------------------------------------------------------------------
Start Timing Optimization
---------------------------------------------------------------------------------
---------------------------------------------------------------------------------
Finished Timing Optimization : Time (s): cpu = 00:00:12 ; elapsed = 00:00:37 . Memory (MB): peak = 1528.086 ; gain = 593.426
---------------------------------------------------------------------------------
---------------------------------------------------------------------------------
Start ROM, RAM, DSP, Shift Register and Retiming Reporting
---------------------------------------------------------------------------------

Distributed RAM: Final Mapping Report
+-------------+----------------------+-----------+----------------------+--------------+
|Module Name  | RTL Object           | Inference | Size (Depth x Width) | Primitives   | 
+-------------+----------------------+-----------+----------------------+--------------+
|soc_lite_top | cpu/u_regfile/rf_reg | Implied   | 32 x 1               | RAM32M x 12  | 
+-------------+----------------------+-----------+----------------------+--------------+

---------------------------------------------------------------------------------
Finished ROM, RAM, DSP, Shift Register and Retiming Reporting
---------------------------------------------------------------------------------
---------------------------------------------------------------------------------
Start Technology Mapping
---------------------------------------------------------------------------------
---------------------------------------------------------------------------------
Finished Technology Mapping : Time (s): cpu = 00:00:12 ; elapsed = 00:00:37 . Memory (MB): peak = 1528.086 ; gain = 593.426
---------------------------------------------------------------------------------
---------------------------------------------------------------------------------
Start IO Insertion
---------------------------------------------------------------------------------
---------------------------------------------------------------------------------
Start Flattening Before IO Insertion
---------------------------------------------------------------------------------
---------------------------------------------------------------------------------
Finished Flattening Before IO Insertion
---------------------------------------------------------------------------------
---------------------------------------------------------------------------------
Start Final Netlist Cleanup
---------------------------------------------------------------------------------
---------------------------------------------------------------------------------
Finished Final Netlist Cleanup
---------------------------------------------------------------------------------
