#-----------------------------------------------------------
# Vivado v2023.2 (64-bit)
# SW Build 4029153 on Fri Oct 13 20:14:34 MDT 2023
# IP Build 4028589 on Sat Oct 14 00:45:43 MDT 2023
# SharedData Build 4025554 on Tue Oct 10 17:18:54 MDT 2023
# Start of session at: Thu Dec 12 17:50:02 2024
# Process ID: 29760
# Current directory: E:/projects_2024/Loong_Team/mycpu_env_try/mycpu_env_try/gettrace
# Command line: vivado.exe -gui_launcher_event rodinguilauncherevent24000 E:\projects_2024\Loong_Team\mycpu_env_try\mycpu_env_try\gettrace\gettrace.xpr
# Log file: E:/projects_2024/Loong_Team/mycpu_env_try/mycpu_env_try/gettrace/vivado.log
# Journal file: E:/projects_2024/Loong_Team/mycpu_env_try/mycpu_env_try/gettrace\vivado.jou
# Running On: Super-EvilLoong, OS: Windows, CPU Frequency: 2688 MHz, CPU Physical cores: 10, Host memory: 16793 MB
#-----------------------------------------------------------
start_gui
open_project E:/projects_2024/Loong_Team/mycpu_env_try/mycpu_env_try/gettrace/gettrace.xpr
WARNING: [Board 49-26] cannot add Board Part xilinx.com:kc705:part0:1.6 available at D:/Xilinx/Vivado/2023.2/data/xhub/boards/XilinxBoardStore/boards/Xilinx/kc705/1.6/board.xml as part xc7k325tffg900-2 specified in board_part file is either invalid or not available
WARNING: [Board 49-26] cannot add Board Part xilinx.com:kcu105:part0:1.6 available at D:/Xilinx/Vivado/2023.2/data/xhub/boards/XilinxBoardStore/boards/Xilinx/kcu105/1.6/board.xml as part xcku040-ffva1156-2-e specified in board_part file is either invalid or not available
WARNING: [Board 49-26] cannot add Board Part xilinx.com:kcu105:part0:1.7 available at D:/Xilinx/Vivado/2023.2/data/xhub/boards/XilinxBoardStore/boards/Xilinx/kcu105/1.7/board.xml as part xcku040-ffva1156-2-e specified in board_part file is either invalid or not available
WARNING: [Board 49-26] cannot add Board Part xilinx.com:kcu1500:part0:1.2 available at D:/Xilinx/Vivado/2023.2/data/xhub/boards/XilinxBoardStore/boards/Xilinx/kcu1500/1.2/board.xml as part xcku115-flvb2104-2-e specified in board_part file is either invalid or not available
WARNING: [Board 49-26] cannot add Board Part xilinx.com:vc707:part0:1.4 available at D:/Xilinx/Vivado/2023.2/data/xhub/boards/XilinxBoardStore/boards/Xilinx/vc707/1.4/board.xml as part xc7vx485tffg1761-2 specified in board_part file is either invalid or not available
WARNING: [Board 49-26] cannot add Board Part xilinx.com:vc709:part0:1.8 available at D:/Xilinx/Vivado/2023.2/data/xhub/boards/XilinxBoardStore/boards/Xilinx/vc709/1.8/board.xml as part xc7vx690tffg1761-2 specified in board_part file is either invalid or not available
WARNING: [Board 49-26] cannot add Board Part xilinx.com:vck190:part0:2.2 available at D:/Xilinx/Vivado/2023.2/data/xhub/boards/XilinxBoardStore/boards/Xilinx/vck190/production/2.2/board.xml as part xcvc1902-vsva2197-2mp-e-s specified in board_part file is either invalid or not available
WARNING: [Board 49-26] cannot add Board Part xilinx.com:vck190:part0:3.0 available at D:/Xilinx/Vivado/2023.2/data/xhub/boards/XilinxBoardStore/boards/Xilinx/vck190/production/3.0/board.xml as part xcvc1902-vsva2197-2mp-e-s specified in board_part file is either invalid or not available
WARNING: [Board 49-26] cannot add Board Part xilinx.com:vck190:part0:3.1 available at D:/Xilinx/Vivado/2023.2/data/xhub/boards/XilinxBoardStore/boards/Xilinx/vck190/production/3.1/board.xml as part xcvc1902-vsva2197-2mp-e-s specified in board_part file is either invalid or not available
WARNING: [Board 49-26] cannot add Board Part xilinx.com:vck190:part0:3.2 available at D:/Xilinx/Vivado/2023.2/data/xhub/boards/XilinxBoardStore/boards/Xilinx/vck190/production/3.2/board.xml as part xcvc1902-vsva2197-2mp-e-s specified in board_part file is either invalid or not available
WARNING: [Board 49-26] cannot add Board Part xilinx.com:vck190_newl:part0:1.0 available at D:/Xilinx/Vivado/2023.2/data/xhub/boards/XilinxBoardStore/boards/Xilinx/vck190_newl/production/1.0/board.xml as part xcvc1902-vsva2197-2mp-e-s specified in board_part file is either invalid or not available
WARNING: [Board 49-26] cannot add Board Part xilinx.com:vck190_newl:part0:1.1 available at D:/Xilinx/Vivado/2023.2/data/xhub/boards/XilinxBoardStore/boards/Xilinx/vck190_newl/production/1.1/board.xml as part xcvc1902-vsva2197-2mp-e-s specified in board_part file is either invalid or not available
WARNING: [Board 49-26] cannot add Board Part xilinx.com:vcu108:part0:1.6 available at D:/Xilinx/Vivado/2023.2/data/xhub/boards/XilinxBoardStore/boards/Xilinx/vcu108/1.6/board.xml as part xcvu095-ffva2104-2-e specified in board_part file is either invalid or not available
WARNING: [Board 49-26] cannot add Board Part xilinx.com:vcu108:part0:1.7 available at D:/Xilinx/Vivado/2023.2/data/xhub/boards/XilinxBoardStore/boards/Xilinx/vcu108/1.7/board.xml as part xcvu095-ffva2104-2-e specified in board_part file is either invalid or not available
WARNING: [Board 49-26] cannot add Board Part xilinx.com:vcu110:part0:1.4 available at D:/Xilinx/Vivado/2023.2/data/xhub/boards/XilinxBoardStore/boards/Xilinx/vcu110/1.4/board.xml as part xcvu190-flgc2104-2-e specified in board_part file is either invalid or not available
WARNING: [Board 49-26] cannot add Board Part xilinx.com:vcu118:part0:2.0 available at D:/Xilinx/Vivado/2023.2/data/xhub/boards/XilinxBoardStore/boards/Xilinx/vcu118/2.0/board.xml as part xcvu9p-flga2104-2l-e specified in board_part file is either invalid or not available
WARNING: [Board 49-26] cannot add Board Part xilinx.com:vcu118:part0:2.3 available at D:/Xilinx/Vivado/2023.2/data/xhub/boards/XilinxBoardStore/boards/Xilinx/vcu118/2.3/board.xml as part xcvu9p-flga2104-2l-e specified in board_part file is either invalid or not available
WARNING: [Board 49-26] cannot add Board Part xilinx.com:vcu118:part0:2.4 available at D:/Xilinx/Vivado/2023.2/data/xhub/boards/XilinxBoardStore/boards/Xilinx/vcu118/2.4/board.xml as part xcvu9p-flga2104-2l-e specified in board_part file is either invalid or not available
WARNING: [Board 49-26] cannot add Board Part xilinx.com:vcu129:part0:1.0 available at D:/Xilinx/Vivado/2023.2/data/xhub/boards/XilinxBoardStore/boards/Xilinx/vcu129/production/1.0/board.xml as part xcvu29p-fsga2577-2l-e specified in board_part file is either invalid or not available
WARNING: [Board 49-26] cannot add Board Part xilinx.com:vcu1525:part0:1.3 available at D:/Xilinx/Vivado/2023.2/data/xhub/boards/XilinxBoardStore/boards/Xilinx/vcu1525/1.3/board.xml as part xcvu9p-fsgd2104-2l-e specified in board_part file is either invalid or not available
WARNING: [Board 49-26] cannot add Board Part xilinx.com:vek280:part0:1.0 available at D:/Xilinx/Vivado/2023.2/data/xhub/boards/XilinxBoardStore/boards/Xilinx/vek280/production/1.0/board.xml as part xcve2802-vsvh1760-2mp-e-s specified in board_part file is either invalid or not available
WARNING: [Board 49-26] cannot add Board Part xilinx.com:vek280_es:part0:1.0 available at D:/Xilinx/Vivado/2023.2/data/xhub/boards/XilinxBoardStore/boards/Xilinx/vek280/es/rev_a/1.0/board.xml as part xcve2802-vsvh1760-2lp-e-s-es1 specified in board_part file is either invalid or not available
WARNING: [Board 49-26] cannot add Board Part xilinx.com:vek280_es:part0:1.1 available at D:/Xilinx/Vivado/2023.2/data/xhub/boards/XilinxBoardStore/boards/Xilinx/vek280/es/rev_a/1.1/board.xml as part xcve2802-vsvh1760-2lp-e-s-es1 specified in board_part file is either invalid or not available
WARNING: [Board 49-26] cannot add Board Part xilinx.com:vek280_es_revb:part0:1.0 available at D:/Xilinx/Vivado/2023.2/data/xhub/boards/XilinxBoardStore/boards/Xilinx/vek280/es/rev_b/1.0/board.xml as part xcve2802-vsvh1760-2mp-e-s-es1 specified in board_part file is either invalid or not available
WARNING: [Board 49-26] cannot add Board Part xilinx.com:vek280_es_revb:part0:1.1 available at D:/Xilinx/Vivado/2023.2/data/xhub/boards/XilinxBoardStore/boards/Xilinx/vek280/es/rev_b/1.1/board.xml as part xcve2802-vsvh1760-2mp-e-s-es1 specified in board_part file is either invalid or not available
WARNING: [Board 49-26] cannot add Board Part xilinx.com:vermeo_t1_mpsoc:part0:1.0 available at D:/Xilinx/Vivado/2023.2/data/xhub/boards/XilinxBoardStore/boards/Xilinx/vermeo_t1_mpsoc/1.0/board.xml as part xczu19eg-ffvd1760-2l-e specified in board_part file is either invalid or not available
WARNING: [Board 49-26] cannot add Board Part xilinx.com:vermeo_t1_rfsoc:part0:1.0 available at D:/Xilinx/Vivado/2023.2/data/xhub/boards/XilinxBoardStore/boards/Xilinx/vermeo_t1_rfsoc/1.0/board.xml as part xczu21dr-ffvd1156-2l-e specified in board_part file is either invalid or not available
WARNING: [Board 49-26] cannot add Board Part xilinx.com:vhk158:part0:1.0 available at D:/Xilinx/Vivado/2023.2/data/xhub/boards/XilinxBoardStore/boards/Xilinx/vhk158/production/1.0/board.xml as part xcvh1582-vsva3697-2mp-e-s specified in board_part file is either invalid or not available
WARNING: [Board 49-26] cannot add Board Part xilinx.com:vhk158:part0:1.1 available at D:/Xilinx/Vivado/2023.2/data/xhub/boards/XilinxBoardStore/boards/Xilinx/vhk158/production/1.1/board.xml as part xcvh1582-vsva3697-2mp-e-s specified in board_part file is either invalid or not available
WARNING: [Board 49-26] cannot add Board Part xilinx.com:vhk158_es:part0:1.0 available at D:/Xilinx/Vivado/2023.2/data/xhub/boards/XilinxBoardStore/boards/Xilinx/vhk158/es/1.0/board.xml as part xcvh1582-vsva3697-2mp-e-s-es1 specified in board_part file is either invalid or not available
WARNING: [Board 49-26] cannot add Board Part xilinx.com:vhk158_es:part0:1.1 available at D:/Xilinx/Vivado/2023.2/data/xhub/boards/XilinxBoardStore/boards/Xilinx/vhk158/es/1.1/board.xml as part xcvh1582-vsva3697-2mp-e-s-es1 specified in board_part file is either invalid or not available
WARNING: [Board 49-26] cannot add Board Part xilinx.com:vmk180:part0:2.2 available at D:/Xilinx/Vivado/2023.2/data/xhub/boards/XilinxBoardStore/boards/Xilinx/vmk180/production/2.2/board.xml as part xcvm1802-vsva2197-2mp-e-s specified in board_part file is either invalid or not available
WARNING: [Board 49-26] cannot add Board Part xilinx.com:vmk180:part0:3.0 available at D:/Xilinx/Vivado/2023.2/data/xhub/boards/XilinxBoardStore/boards/Xilinx/vmk180/production/3.0/board.xml as part xcvm1802-vsva2197-2mp-e-s specified in board_part file is either invalid or not available
WARNING: [Board 49-26] cannot add Board Part xilinx.com:vmk180:part0:3.1 available at D:/Xilinx/Vivado/2023.2/data/xhub/boards/XilinxBoardStore/boards/Xilinx/vmk180/production/3.1/board.xml as part xcvm1802-vsva2197-2mp-e-s specified in board_part file is either invalid or not available
WARNING: [Board 49-26] cannot add Board Part xilinx.com:vmk180:part0:3.2 available at D:/Xilinx/Vivado/2023.2/data/xhub/boards/XilinxBoardStore/boards/Xilinx/vmk180/production/3.2/board.xml as part xcvm1802-vsva2197-2mp-e-s specified in board_part file is either invalid or not available
WARNING: [Board 49-26] cannot add Board Part xilinx.com:vmk180_newl:part0:1.0 available at D:/Xilinx/Vivado/2023.2/data/xhub/boards/XilinxBoardStore/boards/Xilinx/vmk180_newl/production/1.0/board.xml as part xcvm1802-vsva2197-2mp-e-s specified in board_part file is either invalid or not available
WARNING: [Board 49-26] cannot add Board Part xilinx.com:vmk180_newl:part0:1.1 available at D:/Xilinx/Vivado/2023.2/data/xhub/boards/XilinxBoardStore/boards/Xilinx/vmk180_newl/production/1.1/board.xml as part xcvm1802-vsva2197-2mp-e-s specified in board_part file is either invalid or not available
WARNING: [Board 49-26] cannot add Board Part xilinx.com:vpk120:part0:1.0 available at D:/Xilinx/Vivado/2023.2/data/xhub/boards/XilinxBoardStore/boards/Xilinx/vpk120/production/1.0/board.xml as part xcvp1202-vsva2785-2mp-e-s specified in board_part file is either invalid or not available
WARNING: [Board 49-26] cannot add Board Part xilinx.com:vpk120:part0:1.1 available at D:/Xilinx/Vivado/2023.2/data/xhub/boards/XilinxBoardStore/boards/Xilinx/vpk120/production/1.1/board.xml as part xcvp1202-vsva2785-2mp-e-s specified in board_part file is either invalid or not available
WARNING: [Board 49-26] cannot add Board Part xilinx.com:vpk120:part0:1.2 available at D:/Xilinx/Vivado/2023.2/data/xhub/boards/XilinxBoardStore/boards/Xilinx/vpk120/production/1.2/board.xml as part xcvp1202-vsva2785-2mp-e-s specified in board_part file is either invalid or not available
WARNING: [Board 49-26] cannot add Board Part xilinx.com:vpk180:part0:1.0 available at D:/Xilinx/Vivado/2023.2/data/xhub/boards/XilinxBoardStore/boards/Xilinx/vpk180/production/1.0/board.xml as part xcvp1802-lsvc4072-2mp-e-s specified in board_part file is either invalid or not available
WARNING: [Board 49-26] cannot add Board Part xilinx.com:vpk180:part0:1.1 available at D:/Xilinx/Vivado/2023.2/data/xhub/boards/XilinxBoardStore/boards/Xilinx/vpk180/production/1.1/board.xml as part xcvp1802-lsvc4072-2mp-e-s specified in board_part file is either invalid or not available
WARNING: [Board 49-26] cannot add Board Part xilinx.com:zc706:part0:1.4 available at D:/Xilinx/Vivado/2023.2/data/xhub/boards/XilinxBoardStore/boards/Xilinx/zc706/1.4/board.xml as part xc7z045ffg900-2 specified in board_part file is either invalid or not available
WARNING: [Board 49-26] cannot add Board Part xilinx.com:zcu102:part0:3.3 available at D:/Xilinx/Vivado/2023.2/data/xhub/boards/XilinxBoardStore/boards/Xilinx/zcu102/3.3/board.xml as part xczu9eg-ffvb1156-2-e specified in board_part file is either invalid or not available
WARNING: [Board 49-26] cannot add Board Part xilinx.com:zcu102:part0:3.4 available at D:/Xilinx/Vivado/2023.2/data/xhub/boards/XilinxBoardStore/boards/Xilinx/zcu102/3.4/board.xml as part xczu9eg-ffvb1156-2-e specified in board_part file is either invalid or not available
WARNING: [Board 49-26] cannot add Board Part xilinx.com:zcu111:part0:1.2 available at D:/Xilinx/Vivado/2023.2/data/xhub/boards/XilinxBoardStore/boards/Xilinx/zcu111/1.2/board.xml as part xczu28dr-ffvg1517-2-e specified in board_part file is either invalid or not available
WARNING: [Board 49-26] cannot add Board Part xilinx.com:zcu111:part0:1.3 available at D:/Xilinx/Vivado/2023.2/data/xhub/boards/XilinxBoardStore/boards/Xilinx/zcu111/1.3/board.xml as part xczu28dr-ffvg1517-2-e specified in board_part file is either invalid or not available
WARNING: [Board 49-26] cannot add Board Part xilinx.com:zcu111:part0:1.4 available at D:/Xilinx/Vivado/2023.2/data/xhub/boards/XilinxBoardStore/boards/Xilinx/zcu111/1.4/board.xml as part xczu28dr-ffvg1517-2-e specified in board_part file is either invalid or not available
WARNING: [Board 49-26] cannot add Board Part xilinx.com:zcu1275:part0:1.0 available at D:/Xilinx/Vivado/2023.2/data/xhub/boards/XilinxBoardStore/boards/Xilinx/zcu1275/1.0/board.xml as part xczu29dr-ffvf1760-2-e specified in board_part file is either invalid or not available
WARNING: [Board 49-26] cannot add Board Part xilinx.com:zcu1285:part0:1.0 available at D:/Xilinx/Vivado/2023.2/data/xhub/boards/XilinxBoardStore/boards/Xilinx/zcu1285/1.0/board.xml as part xczu39dr-ffvf1760-2-i specified in board_part file is either invalid or not available
WARNING: [Board 49-26] cannot add Board Part xilinx.com:zcu208:part0:2.0 available at D:/Xilinx/Vivado/2023.2/data/xhub/boards/XilinxBoardStore/boards/Xilinx/zcu208/production/2.0/board.xml as part xczu48dr-fsvg1517-2-e specified in board_part file is either invalid or not available
WARNING: [Board 49-26] cannot add Board Part xilinx.com:zcu208ld:part0:2.0 available at D:/Xilinx/Vivado/2023.2/data/xhub/boards/XilinxBoardStore/boards/Xilinx/zcu208ld/production/2.0/board.xml as part xczu58dr-fsvg1517-2-i specified in board_part file is either invalid or not available
WARNING: [Board 49-26] cannot add Board Part xilinx.com:zcu216:part0:2.0 available at D:/Xilinx/Vivado/2023.2/data/xhub/boards/XilinxBoardStore/boards/Xilinx/zcu216/production/2.0/board.xml as part xczu49dr-ffvf1760-2-e specified in board_part file is either invalid or not available
WARNING: [Board 49-26] cannot add Board Part xilinx.com:zcu216ld:part0:2.0 available at D:/Xilinx/Vivado/2023.2/data/xhub/boards/XilinxBoardStore/boards/Xilinx/zcu216ld/production/2.0/board.xml as part xczu59dr-ffvf1760-2-i specified in board_part file is either invalid or not available
WARNING: [Board 49-26] cannot add Board Part xilinx.com:zcu670:part0:2.0 available at D:/Xilinx/Vivado/2023.2/data/xhub/boards/XilinxBoardStore/boards/Xilinx/zcu670/2.0/board.xml as part xczu67dr-fsve1156-2-i specified in board_part file is either invalid or not available
WARNING: [Board 49-26] cannot add Board Part xilinx.com:zcu670ld:part0:1.0 available at D:/Xilinx/Vivado/2023.2/data/xhub/boards/XilinxBoardStore/boards/Xilinx/zcu670ld/1.0/board.xml as part xczu57dr-fsve1156-2-i specified in board_part file is either invalid or not available
INFO: [filemgmt 56-3] Default IP Output Path : Could not find the directory 'E:/projects_2024/Loong_Team/mycpu_env_try/mycpu_env_try/gettrace/gettrace.gen/sources_1'.
Scanning sources...
Finished scanning sources
INFO: [IP_Flow 19-234] Refreshing IP repositories
INFO: [IP_Flow 19-1704] No user IP repositories specified
INFO: [IP_Flow 19-2313] Loaded Vivado IP repository 'D:/Xilinx/Vivado/2023.2/data/ip'.
open_project: Time (s): cpu = 00:00:02 ; elapsed = 00:00:07 . Memory (MB): peak = 1510.055 ; gain = 380.004
update_compile_order -fileset sources_1
launch_simulation
Command: launch_simulation 
INFO: [Vivado 12-12493] Simulation top is 'tb_top'
WARNING: [Vivado 12-13340] Unable to auto find GCC executables from simulator install path! (path not set)
INFO: [Vivado 12-5682] Launching behavioral simulation in 'E:/projects_2024/Loong_Team/mycpu_env_try/mycpu_env_try/gettrace/gettrace.sim/sim_1/behav/xsim'
INFO: [SIM-utils-51] Simulation object is 'sim_1'
INFO: [SIM-utils-72] Using boost library from 'D:/Xilinx/Vivado/2023.2/tps/boost_1_72_0'
INFO: [SIM-utils-54] Inspecting design source files for 'tb_top' in fileset 'sim_1'...
INFO: [USF-XSim-97] Finding global include files...
INFO: [USF-XSim-98] Fetching design files from 'sim_1'...
INFO: [USF-XSim-2] XSim::Compile design
INFO: [USF-XSim-61] Executing 'COMPILE and ANALYZE' step in 'E:/projects_2024/Loong_Team/mycpu_env_try/mycpu_env_try/gettrace/gettrace.sim/sim_1/behav/xsim'
"xvlog --incr --relax -prj tb_top_vlog.prj"
ECHO 揭衾壽敕袨怓﹝
ECHO 揭衾壽敕袨怓﹝
INFO: [USF-XSim-69] 'compile' step finished in '1' seconds
INFO: [USF-XSim-3] XSim::Elaborate design
INFO: [USF-XSim-61] Executing 'ELABORATE' step in 'E:/projects_2024/Loong_Team/mycpu_env_try/mycpu_env_try/gettrace/gettrace.sim/sim_1/behav/xsim'
"xelab --incr --debug typical --relax --mt 2 -L xil_defaultlib -L unisims_ver -L unimacro_ver -L secureip --snapshot tb_top_behav xil_defaultlib.tb_top xil_defaultlib.glbl -log elaborate.log"
ECHO 揭衾壽敕袨怓﹝
ECHO 揭衾壽敕袨怓﹝
Vivado Simulator v2023.2
Copyright 1986-2022 Xilinx, Inc. All Rights Reserved.
Copyright 2022-2023 Advanced Micro Devices, Inc. All Rights Reserved.
Running: D:/Xilinx/Vivado/2023.2/bin/unwrapped/win64.o/xelab.exe --incr --debug typical --relax --mt 2 -L xil_defaultlib -L unisims_ver -L unimacro_ver -L secureip --snapshot tb_top_behav xil_defaultlib.tb_top xil_defaultlib.glbl -log elaborate.log 
Using 2 slave threads.
Starting static elaboration
Pass Through NonSizing Optimizer
Completed static elaboration
INFO: [XSIM 43-4323] No Change in HDL. Linking previously generated obj files to create kernel
INFO: [USF-XSim-69] 'elaborate' step finished in '2' seconds
INFO: [USF-XSim-4] XSim::Simulate design
INFO: [USF-XSim-61] Executing 'SIMULATE' step in 'E:/projects_2024/Loong_Team/mycpu_env_try/mycpu_env_try/gettrace/gettrace.sim/sim_1/behav/xsim'
INFO: [USF-XSim-98] *** Running xsim
   with args "tb_top_behav -key {Behavioral:sim_1:Functional:tb_top} -tclbatch {tb_top.tcl} -log {simulate.log}"
INFO: [USF-XSim-8] Loading simulator feature
Time resolution is 1 ps
source tb_top.tcl
# set curr_wave [current_wave_config]
# if { [string length $curr_wave] == 0 } {
#   if { [llength [get_objects]] > 0} {
#     add_wave /
#     set_property needs_save false [current_wave_config]
#   } else {
#      send_msg_id Add_Wave-1 WARNING "No top level signals found. Simulator will start without a wave window. If you want to open a wave window go to 'File->New Waveform Configuration' or type 'create_wave_config' in the TCL console."
#   }
# }
# run 1000ns
INFO: [USF-XSim-96] XSim completed. Design snapshot 'tb_top_behav' loaded.
INFO: [USF-XSim-97] XSim simulation ran for 1000ns
launch_simulation: Time (s): cpu = 00:00:01 ; elapsed = 00:00:06 . Memory (MB): peak = 1542.109 ; gain = 25.055
run all
==============================================================
Test begin!
        [  22000 ns] Test is running, debug_wb_pc = 0x1c06d464
        [  32000 ns] Test is running, debug_wb_pc = 0x1c06e404
----[  35575 ns] Number 8'd01 Functional Test Point PASS!!!
        [  42000 ns] Test is running, debug_wb_pc = 0x1c0ca1bc
        [  52000 ns] Test is running, debug_wb_pc = 0x1c0cb15c
        [  62000 ns] Test is running, debug_wb_pc = 0x1c0cc0fc
        [  72000 ns] Test is running, debug_wb_pc = 0x1c0cd09c
        [  82000 ns] Test is running, debug_wb_pc = 0x1c0ce03c
        [  92000 ns] Test is running, debug_wb_pc = 0x1c0cefdc
        [ 102000 ns] Test is running, debug_wb_pc = 0x1c0cff7c
        [ 112000 ns] Test is running, debug_wb_pc = 0x1c0d0f1c
        [ 122000 ns] Test is running, debug_wb_pc = 0x1c0d1ebc
        [ 132000 ns] Test is running, debug_wb_pc = 0x1c0d2e5c
----[ 132925 ns] Number 8'd02 Functional Test Point PASS!!!
        [ 142000 ns] Test is running, debug_wb_pc = 0x1c07fa50
        [ 152000 ns] Test is running, debug_wb_pc = 0x1c0809f0
        [ 162000 ns] Test is running, debug_wb_pc = 0x1c081990
        [ 172000 ns] Test is running, debug_wb_pc = 0x1c082930
        [ 182000 ns] Test is running, debug_wb_pc = 0x1c0838d0
        [ 192000 ns] Test is running, debug_wb_pc = 0x1c084870
        [ 202000 ns] Test is running, debug_wb_pc = 0x1c085810
        [ 212000 ns] Test is running, debug_wb_pc = 0x1c0867b0
----[ 212215 ns] Number 8'd03 Functional Test Point PASS!!!
        [ 222000 ns] Test is running, debug_wb_pc = 0x1c0365e4
        [ 232000 ns] Test is running, debug_wb_pc = 0x1c037584
        [ 242000 ns] Test is running, debug_wb_pc = 0x1c038524
        [ 252000 ns] Test is running, debug_wb_pc = 0x1c0394c4
        [ 262000 ns] Test is running, debug_wb_pc = 0x1c03a464
        [ 272000 ns] Test is running, debug_wb_pc = 0x1c03b404
        [ 282000 ns] Test is running, debug_wb_pc = 0x1c03c3a4
        [ 292000 ns] Test is running, debug_wb_pc = 0x1c03d344
        [ 302000 ns] Test is running, debug_wb_pc = 0x1c03e2e4
----[ 309565 ns] Number 8'd04 Functional Test Point PASS!!!
        [ 312000 ns] Test is running, debug_wb_pc = 0x1c086a98
        [ 322000 ns] Test is running, debug_wb_pc = 0x1c087a38
        [ 332000 ns] Test is running, debug_wb_pc = 0x1c0889d8
        [ 342000 ns] Test is running, debug_wb_pc = 0x1c089978
        [ 352000 ns] Test is running, debug_wb_pc = 0x1c08a918
        [ 362000 ns] Test is running, debug_wb_pc = 0x1c08b8b8
        [ 372000 ns] Test is running, debug_wb_pc = 0x1c08c858
        [ 382000 ns] Test is running, debug_wb_pc = 0x1c08d7f8
        [ 392000 ns] Test is running, debug_wb_pc = 0x1c08e798
        [ 402000 ns] Test is running, debug_wb_pc = 0x1c08f738
----[ 406915 ns] Number 8'd05 Functional Test Point PASS!!!
        [ 412000 ns] Test is running, debug_wb_pc = 0x1c05ab34
        [ 422000 ns] Test is running, debug_wb_pc = 0x1c05bad4
        [ 432000 ns] Test is running, debug_wb_pc = 0x1c05ca74
        [ 442000 ns] Test is running, debug_wb_pc = 0x1c05da14
        [ 452000 ns] Test is running, debug_wb_pc = 0x1c05e9b4
        [ 462000 ns] Test is running, debug_wb_pc = 0x1c05f954
        [ 472000 ns] Test is running, debug_wb_pc = 0x1c0608f4
        [ 482000 ns] Test is running, debug_wb_pc = 0x1c061894
        [ 492000 ns] Test is running, debug_wb_pc = 0x1c062834
        [ 502000 ns] Test is running, debug_wb_pc = 0x1c0637d4
----[ 504265 ns] Number 8'd06 Functional Test Point PASS!!!
        [ 512000 ns] Test is running, debug_wb_pc = 0x1c02cbd0
        [ 522000 ns] Test is running, debug_wb_pc = 0x1c02db70
        [ 532000 ns] Test is running, debug_wb_pc = 0x1c02eb10
        [ 542000 ns] Test is running, debug_wb_pc = 0x1c02fab0
        [ 552000 ns] Test is running, debug_wb_pc = 0x1c030a50
        [ 562000 ns] Test is running, debug_wb_pc = 0x1c0319f0
        [ 572000 ns] Test is running, debug_wb_pc = 0x1c032990
        [ 582000 ns] Test is running, debug_wb_pc = 0x1c033930
        [ 592000 ns] Test is running, debug_wb_pc = 0x1c0348d0
----[ 601615 ns] Number 8'd07 Functional Test Point PASS!!!
        [ 602000 ns] Test is running, debug_wb_pc = 0x1c0105cc
        [ 612000 ns] Test is running, debug_wb_pc = 0x1c0d3ecc
        [ 622000 ns] Test is running, debug_wb_pc = 0x1c0d4e6c
        [ 632000 ns] Test is running, debug_wb_pc = 0x1c0d5e0c
        [ 642000 ns] Test is running, debug_wb_pc = 0x1c0d6dac
        [ 652000 ns] Test is running, debug_wb_pc = 0x1c0d7d4c
        [ 662000 ns] Test is running, debug_wb_pc = 0x1c0d8cec
        [ 672000 ns] Test is running, debug_wb_pc = 0x1c0d9c8c
        [ 682000 ns] Test is running, debug_wb_pc = 0x1c0dac2c
        [ 692000 ns] Test is running, debug_wb_pc = 0x1c0dbbcc
----[ 698965 ns] Number 8'd08 Functional Test Point PASS!!!
        [ 702000 ns] Test is running, debug_wb_pc = 0x1c090268
        [ 712000 ns] Test is running, debug_wb_pc = 0x1c091208
        [ 722000 ns] Test is running, debug_wb_pc = 0x1c0921a8
        [ 732000 ns] Test is running, debug_wb_pc = 0x1c093148
        [ 742000 ns] Test is running, debug_wb_pc = 0x1c0940e8
        [ 752000 ns] Test is running, debug_wb_pc = 0x1c095088
        [ 762000 ns] Test is running, debug_wb_pc = 0x1c096028
        [ 772000 ns] Test is running, debug_wb_pc = 0x1c096fc8
        [ 782000 ns] Test is running, debug_wb_pc = 0x1c097f68
        [ 792000 ns] Test is running, debug_wb_pc = 0x1c098f08
----[ 796315 ns] Number 8'd09 Functional Test Point PASS!!!
        [ 802000 ns] Test is running, debug_wb_pc = 0x1c0c09b4
        [ 812000 ns] Test is running, debug_wb_pc = 0x1c0c1954
        [ 822000 ns] Test is running, debug_wb_pc = 0x1c0c28f4
        [ 832000 ns] Test is running, debug_wb_pc = 0x1c0c3894
        [ 842000 ns] Test is running, debug_wb_pc = 0x1c0c4834
        [ 852000 ns] Test is running, debug_wb_pc = 0x1c0c57d4
        [ 862000 ns] Test is running, debug_wb_pc = 0x1c0c6774
        [ 872000 ns] Test is running, debug_wb_pc = 0x1c0c7714
        [ 882000 ns] Test is running, debug_wb_pc = 0x1c0c86b4
        [ 892000 ns] Test is running, debug_wb_pc = 0x1c0c9654
----[ 893665 ns] Number 8'd10 Functional Test Point PASS!!!
        [ 902000 ns] Test is running, debug_wb_pc = 0x1c0dd278
        [ 912000 ns] Test is running, debug_wb_pc = 0x1c0de218
        [ 922000 ns] Test is running, debug_wb_pc = 0x1c0df1b8
        [ 932000 ns] Test is running, debug_wb_pc = 0x1c0e0158
        [ 942000 ns] Test is running, debug_wb_pc = 0x1c0e10f8
        [ 952000 ns] Test is running, debug_wb_pc = 0x1c0e2098
        [ 962000 ns] Test is running, debug_wb_pc = 0x1c0e3038
        [ 972000 ns] Test is running, debug_wb_pc = 0x1c0e3fd8
----[ 972955 ns] Number 8'd11 Functional Test Point PASS!!!
        [ 982000 ns] Test is running, debug_wb_pc = 0x1c0a872c
        [ 992000 ns] Test is running, debug_wb_pc = 0x1c0a96cc
        [1002000 ns] Test is running, debug_wb_pc = 0x1c0aa66c
        [1012000 ns] Test is running, debug_wb_pc = 0x1c0ab60c
        [1022000 ns] Test is running, debug_wb_pc = 0x1c0ac5ac
        [1032000 ns] Test is running, debug_wb_pc = 0x1c0ad54c
        [1042000 ns] Test is running, debug_wb_pc = 0x1c0ae4ec
        [1052000 ns] Test is running, debug_wb_pc = 0x1c0af48c
----[1052245 ns] Number 8'd12 Functional Test Point PASS!!!
        [1062000 ns] Test is running, debug_wb_pc = 0x1c064960
        [1072000 ns] Test is running, debug_wb_pc = 0x1c065900
        [1082000 ns] Test is running, debug_wb_pc = 0x1c0668a0
        [1092000 ns] Test is running, debug_wb_pc = 0x1c067840
        [1102000 ns] Test is running, debug_wb_pc = 0x1c0687e0
        [1112000 ns] Test is running, debug_wb_pc = 0x1c069780
        [1122000 ns] Test is running, debug_wb_pc = 0x1c06a720
----[1131535 ns] Number 8'd13 Functional Test Point PASS!!!
        [1132000 ns] Test is running, debug_wb_pc = 0x1c0105ec
        [1142000 ns] Test is running, debug_wb_pc = 0x1c0e5074
        [1152000 ns] Test is running, debug_wb_pc = 0x1c0e6014
----[1158165 ns] Number 8'd14 Functional Test Point PASS!!!
        [1162000 ns] Test is running, debug_wb_pc = 0x1c0e6e78
        [1172000 ns] Test is running, debug_wb_pc = 0x1c0e7e18
        [1182000 ns] Test is running, debug_wb_pc = 0x1c0e8db8
----[1186795 ns] Number 8'd15 Functional Test Point PASS!!!
        [1192000 ns] Test is running, debug_wb_pc = 0x1c01155c
        [1202000 ns] Test is running, debug_wb_pc = 0x1c012c7c
        [1212000 ns] Test is running, debug_wb_pc = 0x1c01439c
        [1222000 ns] Test is running, debug_wb_pc = 0x1c015a94
        [1232000 ns] Test is running, debug_wb_pc = 0x1c0171b4
        [1242000 ns] Test is running, debug_wb_pc = 0x1c0188d4
        [1252000 ns] Test is running, debug_wb_pc = 0x1c019f64
        [1262000 ns] Test is running, debug_wb_pc = 0x1c01b3d4
        [1272000 ns] Test is running, debug_wb_pc = 0x1c01c844
        [1282000 ns] Test is running, debug_wb_pc = 0x1c01dcb4
        [1292000 ns] Test is running, debug_wb_pc = 0x1c01f174
        [1302000 ns] Test is running, debug_wb_pc = 0x1c0205e4
        [1312000 ns] Test is running, debug_wb_pc = 0x1c021a54
        [1322000 ns] Test is running, debug_wb_pc = 0x1c022ec4
        [1332000 ns] Test is running, debug_wb_pc = 0x1c0245e4
        [1342000 ns] Test is running, debug_wb_pc = 0x1c025d04
        [1352000 ns] Test is running, debug_wb_pc = 0x1c0273d4
        [1362000 ns] Test is running, debug_wb_pc = 0x1c028af4
        [1372000 ns] Test is running, debug_wb_pc = 0x1c02a214
        [1382000 ns] Test is running, debug_wb_pc = 0x1c02b934
----[1385535 ns] Number 8'd16 Functional Test Point PASS!!!
        [1392000 ns] Test is running, debug_wb_pc = 0x1c03fa54
        [1402000 ns] Test is running, debug_wb_pc = 0x1c040ec4
        [1412000 ns] Test is running, debug_wb_pc = 0x1c042334
        [1422000 ns] Test is running, debug_wb_pc = 0x1c0437a4
        [1432000 ns] Test is running, debug_wb_pc = 0x1c044c64
        [1442000 ns] Test is running, debug_wb_pc = 0x1c0460d4
        [1452000 ns] Test is running, debug_wb_pc = 0x1c047544
        [1462000 ns] Test is running, debug_wb_pc = 0x1c048aec
        [1472000 ns] Test is running, debug_wb_pc = 0x1c04a1bc
        [1482000 ns] Test is running, debug_wb_pc = 0x1c04b8dc
        [1492000 ns] Test is running, debug_wb_pc = 0x1c04cffc
        [1502000 ns] Test is running, debug_wb_pc = 0x1c04e71c
        [1512000 ns] Test is running, debug_wb_pc = 0x1c04fe3c
        [1522000 ns] Test is running, debug_wb_pc = 0x1c0514f4
        [1532000 ns] Test is running, debug_wb_pc = 0x1c052964
        [1542000 ns] Test is running, debug_wb_pc = 0x1c053dd4
        [1552000 ns] Test is running, debug_wb_pc = 0x1c0551c0
        [1562000 ns] Test is running, debug_wb_pc = 0x1c0566bc
        [1572000 ns] Test is running, debug_wb_pc = 0x1c057b2c
        [1582000 ns] Test is running, debug_wb_pc = 0x1c058f9c
        [1592000 ns] Test is running, debug_wb_pc = 0x1c05a42c
----[1592195 ns] Number 8'd17 Functional Test Point PASS!!!
        [1602000 ns] Test is running, debug_wb_pc = 0x1c0b04e4
        [1612000 ns] Test is running, debug_wb_pc = 0x1c0b168c
        [1622000 ns] Test is running, debug_wb_pc = 0x1c0b2834
        [1632000 ns] Test is running, debug_wb_pc = 0x1c0b3a20
        [1642000 ns] Test is running, debug_wb_pc = 0x1c0b4b6c
        [1652000 ns] Test is running, debug_wb_pc = 0x1c0b5d54
        [1662000 ns] Test is running, debug_wb_pc = 0x1c0b6efc
        [1672000 ns] Test is running, debug_wb_pc = 0x1c0b80a4
        [1682000 ns] Test is running, debug_wb_pc = 0x1c0b924c
        [1692000 ns] Test is running, debug_wb_pc = 0x1c0ba3f4
        [1702000 ns] Test is running, debug_wb_pc = 0x1c0bb584
        [1712000 ns] Test is running, debug_wb_pc = 0x1c0bc76c
        [1722000 ns] Test is running, debug_wb_pc = 0x1c0bd914
        [1732000 ns] Test is running, debug_wb_pc = 0x1c0beabc
        [1742000 ns] Test is running, debug_wb_pc = 0x1c0bfc64
----[1745225 ns] Number 8'd18 Functional Test Point PASS!!!
        [1752000 ns] Test is running, debug_wb_pc = 0x1c06f4f0
        [1762000 ns] Test is running, debug_wb_pc = 0x1c0707a0
        [1772000 ns] Test is running, debug_wb_pc = 0x1c071a88
        [1782000 ns] Test is running, debug_wb_pc = 0x1c072d38
        [1792000 ns] Test is running, debug_wb_pc = 0x1c074020
        [1802000 ns] Test is running, debug_wb_pc = 0x1c0752d0
        [1812000 ns] Test is running, debug_wb_pc = 0x1c0765b8
        [1822000 ns] Test is running, debug_wb_pc = 0x1c077868
        [1832000 ns] Test is running, debug_wb_pc = 0x1c078b50
        [1842000 ns] Test is running, debug_wb_pc = 0x1c079e00
        [1852000 ns] Test is running, debug_wb_pc = 0x1c07b0ac
        [1862000 ns] Test is running, debug_wb_pc = 0x1c07c398
        [1872000 ns] Test is running, debug_wb_pc = 0x1c07d644
        [1882000 ns] Test is running, debug_wb_pc = 0x1c07e930
----[1884255 ns] Number 8'd19 Functional Test Point PASS!!!
        [1892000 ns] Test is running, debug_wb_pc = 0x1c09a574
        [1902000 ns] Test is running, debug_wb_pc = 0x1c09bb9c
        [1912000 ns] Test is running, debug_wb_pc = 0x1c09d21c
        [1922000 ns] Test is running, debug_wb_pc = 0x1c09e850
        [1932000 ns] Test is running, debug_wb_pc = 0x1c09fec4
        [1942000 ns] Test is running, debug_wb_pc = 0x1c0a1544
        [1952000 ns] Test is running, debug_wb_pc = 0x1c0a2b6c
        [1962000 ns] Test is running, debug_wb_pc = 0x1c0a41ec
        [1972000 ns] Test is running, debug_wb_pc = 0x1c0a5820
        [1982000 ns] Test is running, debug_wb_pc = 0x1c0a6e94
----[1987285 ns] Number 8'd20 Functional Test Point PASS!!!
==============================================================
gettrace end!
----Succeed in generating trace file!
$finish called at time : 1988495 ns : File "E:/projects_2024/Loong_Team/mycpu_env_try/mycpu_env_try/gettrace/src/tb_top.v" Line 224
run: Time (s): cpu = 00:00:01 ; elapsed = 00:00:14 . Memory (MB): peak = 1549.164 ; gain = 7.055
close_sim
INFO: [Simtcl 6-16] Simulation closed
exit
INFO: [Common 17-206] Exiting Vivado at Thu Dec 12 17:52:34 2024...
