#-----------------------------------------------------------
# Vivado v2023.2 (64-bit)
# SW Build 4029153 on Fri Oct 13 20:14:34 MDT 2023
# IP Build 4028589 on Sat Oct 14 00:45:43 MDT 2023
# SharedData Build 4025554 on Tue Oct 10 17:18:54 MDT 2023
# Start of session at: Thu Jul 24 19:33:05 2025
# Process ID: 24040
# Current directory: D:/Code/loongteam/mycpu_env_try/gettrace
# Command line: vivado.exe -gui_launcher_event rodinguilauncherevent13808 D:\Code\loongteam\mycpu_env_try\gettrace\gettrace.xpr
# Log file: D:/Code/loongteam/mycpu_env_try/gettrace/vivado.log
# Journal file: D:/Code/loongteam/mycpu_env_try/gettrace\vivado.jou
# Running On: DESKTOP-HHJ88ET, OS: Windows, CPU Frequency: 2096 MHz, CPU Physical cores: 12, Host memory: 14887 MB
#-----------------------------------------------------------
start_gui
WARNING: [Board 49-26] cannot add Board Part xilinx.com:kcu116:part0:1.4 available at D:/app/Xilinx/Vivado/2023.2/data/xhub/boards/XilinxBoardStore/boards/Xilinx/kcu116/1.4/board.xml as part xcku5p-ffvb676-2-e specified in board_part file is either invalid or not available
WARNING: [Board 49-26] cannot add Board Part xilinx.com:kcu116:part0:1.5 available at D:/app/Xilinx/Vivado/2023.2/data/xhub/boards/XilinxBoardStore/boards/Xilinx/kcu116/1.5/board.xml as part xcku5p-ffvb676-2-e specified in board_part file is either invalid or not available
WARNING: [Board 49-26] cannot add Board Part xilinx.com:sp701:part0:1.0 available at D:/app/Xilinx/Vivado/2023.2/data/xhub/boards/XilinxBoardStore/boards/Xilinx/sp701/1.0/board.xml as part xc7s100fgga676-2 specified in board_part file is either invalid or not available
WARNING: [Board 49-26] cannot add Board Part xilinx.com:sp701:part0:1.1 available at D:/app/Xilinx/Vivado/2023.2/data/xhub/boards/XilinxBoardStore/boards/Xilinx/sp701/1.1/board.xml as part xc7s100fgga676-2 specified in board_part file is either invalid or not available
WARNING: [Board 49-26] cannot add Board Part xilinx.com:vc707:part0:1.4 available at D:/app/Xilinx/Vivado/2023.2/data/xhub/boards/XilinxBoardStore/boards/Xilinx/vc707/1.4/board.xml as part xc7vx485tffg1761-2 specified in board_part file is either invalid or not available
WARNING: [Board 49-26] cannot add Board Part xilinx.com:vc709:part0:1.8 available at D:/app/Xilinx/Vivado/2023.2/data/xhub/boards/XilinxBoardStore/boards/Xilinx/vc709/1.8/board.xml as part xc7vx690tffg1761-2 specified in board_part file is either invalid or not available
WARNING: [Board 49-26] cannot add Board Part xilinx.com:vck190:part0:2.2 available at D:/app/Xilinx/Vivado/2023.2/data/xhub/boards/XilinxBoardStore/boards/Xilinx/vck190/production/2.2/board.xml as part xcvc1902-vsva2197-2mp-e-s specified in board_part file is either invalid or not available
WARNING: [Board 49-26] cannot add Board Part xilinx.com:vck190:part0:3.0 available at D:/app/Xilinx/Vivado/2023.2/data/xhub/boards/XilinxBoardStore/boards/Xilinx/vck190/production/3.0/board.xml as part xcvc1902-vsva2197-2mp-e-s specified in board_part file is either invalid or not available
WARNING: [Board 49-26] cannot add Board Part xilinx.com:vck190:part0:3.1 available at D:/app/Xilinx/Vivado/2023.2/data/xhub/boards/XilinxBoardStore/boards/Xilinx/vck190/production/3.1/board.xml as part xcvc1902-vsva2197-2mp-e-s specified in board_part file is either invalid or not available
WARNING: [Board 49-26] cannot add Board Part xilinx.com:vck190:part0:3.2 available at D:/app/Xilinx/Vivado/2023.2/data/xhub/boards/XilinxBoardStore/boards/Xilinx/vck190/production/3.2/board.xml as part xcvc1902-vsva2197-2mp-e-s specified in board_part file is either invalid or not available
WARNING: [Board 49-26] cannot add Board Part xilinx.com:vck190_newl:part0:1.0 available at D:/app/Xilinx/Vivado/2023.2/data/xhub/boards/XilinxBoardStore/boards/Xilinx/vck190_newl/production/1.0/board.xml as part xcvc1902-vsva2197-2mp-e-s specified in board_part file is either invalid or not available
WARNING: [Board 49-26] cannot add Board Part xilinx.com:vck190_newl:part0:1.1 available at D:/app/Xilinx/Vivado/2023.2/data/xhub/boards/XilinxBoardStore/boards/Xilinx/vck190_newl/production/1.1/board.xml as part xcvc1902-vsva2197-2mp-e-s specified in board_part file is either invalid or not available
WARNING: [Board 49-26] cannot add Board Part xilinx.com:vcu108:part0:1.6 available at D:/app/Xilinx/Vivado/2023.2/data/xhub/boards/XilinxBoardStore/boards/Xilinx/vcu108/1.6/board.xml as part xcvu095-ffva2104-2-e specified in board_part file is either invalid or not available
WARNING: [Board 49-26] cannot add Board Part xilinx.com:vcu108:part0:1.7 available at D:/app/Xilinx/Vivado/2023.2/data/xhub/boards/XilinxBoardStore/boards/Xilinx/vcu108/1.7/board.xml as part xcvu095-ffva2104-2-e specified in board_part file is either invalid or not available
WARNING: [Board 49-26] cannot add Board Part xilinx.com:vcu110:part0:1.4 available at D:/app/Xilinx/Vivado/2023.2/data/xhub/boards/XilinxBoardStore/boards/Xilinx/vcu110/1.4/board.xml as part xcvu190-flgc2104-2-e specified in board_part file is either invalid or not available
WARNING: [Board 49-26] cannot add Board Part xilinx.com:vcu118:part0:2.0 available at D:/app/Xilinx/Vivado/2023.2/data/xhub/boards/XilinxBoardStore/boards/Xilinx/vcu118/2.0/board.xml as part xcvu9p-flga2104-2l-e specified in board_part file is either invalid or not available
WARNING: [Board 49-26] cannot add Board Part xilinx.com:vcu118:part0:2.3 available at D:/app/Xilinx/Vivado/2023.2/data/xhub/boards/XilinxBoardStore/boards/Xilinx/vcu118/2.3/board.xml as part xcvu9p-flga2104-2l-e specified in board_part file is either invalid or not available
WARNING: [Board 49-26] cannot add Board Part xilinx.com:vcu118:part0:2.4 available at D:/app/Xilinx/Vivado/2023.2/data/xhub/boards/XilinxBoardStore/boards/Xilinx/vcu118/2.4/board.xml as part xcvu9p-flga2104-2l-e specified in board_part file is either invalid or not available
WARNING: [Board 49-26] cannot add Board Part xilinx.com:vcu128:part0:1.0 available at D:/app/Xilinx/Vivado/2023.2/data/xhub/boards/XilinxBoardStore/boards/Xilinx/vcu128/production/1.0/board.xml as part xcvu37p-fsvh2892-2l-e specified in board_part file is either invalid or not available
WARNING: [Board 49-26] cannot add Board Part xilinx.com:vcu129:part0:1.0 available at D:/app/Xilinx/Vivado/2023.2/data/xhub/boards/XilinxBoardStore/boards/Xilinx/vcu129/production/1.0/board.xml as part xcvu29p-fsga2577-2l-e specified in board_part file is either invalid or not available
WARNING: [Board 49-26] cannot add Board Part xilinx.com:vcu1525:part0:1.3 available at D:/app/Xilinx/Vivado/2023.2/data/xhub/boards/XilinxBoardStore/boards/Xilinx/vcu1525/1.3/board.xml as part xcvu9p-fsgd2104-2l-e specified in board_part file is either invalid or not available
WARNING: [Board 49-26] cannot add Board Part xilinx.com:vek280:part0:1.0 available at D:/app/Xilinx/Vivado/2023.2/data/xhub/boards/XilinxBoardStore/boards/Xilinx/vek280/production/1.0/board.xml as part xcve2802-vsvh1760-2mp-e-s specified in board_part file is either invalid or not available
WARNING: [Board 49-26] cannot add Board Part xilinx.com:vek280_es:part0:1.0 available at D:/app/Xilinx/Vivado/2023.2/data/xhub/boards/XilinxBoardStore/boards/Xilinx/vek280/es/rev_a/1.0/board.xml as part xcve2802-vsvh1760-2lp-e-s-es1 specified in board_part file is either invalid or not available
WARNING: [Board 49-26] cannot add Board Part xilinx.com:vek280_es:part0:1.1 available at D:/app/Xilinx/Vivado/2023.2/data/xhub/boards/XilinxBoardStore/boards/Xilinx/vek280/es/rev_a/1.1/board.xml as part xcve2802-vsvh1760-2lp-e-s-es1 specified in board_part file is either invalid or not available
WARNING: [Board 49-26] cannot add Board Part xilinx.com:vek280_es_revb:part0:1.0 available at D:/app/Xilinx/Vivado/2023.2/data/xhub/boards/XilinxBoardStore/boards/Xilinx/vek280/es/rev_b/1.0/board.xml as part xcve2802-vsvh1760-2mp-e-s-es1 specified in board_part file is either invalid or not available
WARNING: [Board 49-26] cannot add Board Part xilinx.com:vek280_es_revb:part0:1.1 available at D:/app/Xilinx/Vivado/2023.2/data/xhub/boards/XilinxBoardStore/boards/Xilinx/vek280/es/rev_b/1.1/board.xml as part xcve2802-vsvh1760-2mp-e-s-es1 specified in board_part file is either invalid or not available
WARNING: [Board 49-26] cannot add Board Part xilinx.com:vermeo_t1_mpsoc:part0:1.0 available at D:/app/Xilinx/Vivado/2023.2/data/xhub/boards/XilinxBoardStore/boards/Xilinx/vermeo_t1_mpsoc/1.0/board.xml as part xczu19eg-ffvd1760-2l-e specified in board_part file is either invalid or not available
WARNING: [Board 49-26] cannot add Board Part xilinx.com:vermeo_t1_rfsoc:part0:1.0 available at D:/app/Xilinx/Vivado/2023.2/data/xhub/boards/XilinxBoardStore/boards/Xilinx/vermeo_t1_rfsoc/1.0/board.xml as part xczu21dr-ffvd1156-2l-e specified in board_part file is either invalid or not available
WARNING: [Board 49-26] cannot add Board Part xilinx.com:vhk158:part0:1.0 available at D:/app/Xilinx/Vivado/2023.2/data/xhub/boards/XilinxBoardStore/boards/Xilinx/vhk158/production/1.0/board.xml as part xcvh1582-vsva3697-2mp-e-s specified in board_part file is either invalid or not available
WARNING: [Board 49-26] cannot add Board Part xilinx.com:vhk158:part0:1.1 available at D:/app/Xilinx/Vivado/2023.2/data/xhub/boards/XilinxBoardStore/boards/Xilinx/vhk158/production/1.1/board.xml as part xcvh1582-vsva3697-2mp-e-s specified in board_part file is either invalid or not available
WARNING: [Board 49-26] cannot add Board Part xilinx.com:vhk158_es:part0:1.0 available at D:/app/Xilinx/Vivado/2023.2/data/xhub/boards/XilinxBoardStore/boards/Xilinx/vhk158/es/1.0/board.xml as part xcvh1582-vsva3697-2mp-e-s-es1 specified in board_part file is either invalid or not available
WARNING: [Board 49-26] cannot add Board Part xilinx.com:vhk158_es:part0:1.1 available at D:/app/Xilinx/Vivado/2023.2/data/xhub/boards/XilinxBoardStore/boards/Xilinx/vhk158/es/1.1/board.xml as part xcvh1582-vsva3697-2mp-e-s-es1 specified in board_part file is either invalid or not available
WARNING: [Board 49-26] cannot add Board Part xilinx.com:vmk180:part0:2.2 available at D:/app/Xilinx/Vivado/2023.2/data/xhub/boards/XilinxBoardStore/boards/Xilinx/vmk180/production/2.2/board.xml as part xcvm1802-vsva2197-2mp-e-s specified in board_part file is either invalid or not available
WARNING: [Board 49-26] cannot add Board Part xilinx.com:vmk180:part0:3.0 available at D:/app/Xilinx/Vivado/2023.2/data/xhub/boards/XilinxBoardStore/boards/Xilinx/vmk180/production/3.0/board.xml as part xcvm1802-vsva2197-2mp-e-s specified in board_part file is either invalid or not available
WARNING: [Board 49-26] cannot add Board Part xilinx.com:vmk180:part0:3.1 available at D:/app/Xilinx/Vivado/2023.2/data/xhub/boards/XilinxBoardStore/boards/Xilinx/vmk180/production/3.1/board.xml as part xcvm1802-vsva2197-2mp-e-s specified in board_part file is either invalid or not available
WARNING: [Board 49-26] cannot add Board Part xilinx.com:vmk180:part0:3.2 available at D:/app/Xilinx/Vivado/2023.2/data/xhub/boards/XilinxBoardStore/boards/Xilinx/vmk180/production/3.2/board.xml as part xcvm1802-vsva2197-2mp-e-s specified in board_part file is either invalid or not available
WARNING: [Board 49-26] cannot add Board Part xilinx.com:vmk180_newl:part0:1.0 available at D:/app/Xilinx/Vivado/2023.2/data/xhub/boards/XilinxBoardStore/boards/Xilinx/vmk180_newl/production/1.0/board.xml as part xcvm1802-vsva2197-2mp-e-s specified in board_part file is either invalid or not available
WARNING: [Board 49-26] cannot add Board Part xilinx.com:vmk180_newl:part0:1.1 available at D:/app/Xilinx/Vivado/2023.2/data/xhub/boards/XilinxBoardStore/boards/Xilinx/vmk180_newl/production/1.1/board.xml as part xcvm1802-vsva2197-2mp-e-s specified in board_part file is either invalid or not available
WARNING: [Board 49-26] cannot add Board Part xilinx.com:vpk120:part0:1.0 available at D:/app/Xilinx/Vivado/2023.2/data/xhub/boards/XilinxBoardStore/boards/Xilinx/vpk120/production/1.0/board.xml as part xcvp1202-vsva2785-2mp-e-s specified in board_part file is either invalid or not available
WARNING: [Board 49-26] cannot add Board Part xilinx.com:vpk120:part0:1.1 available at D:/app/Xilinx/Vivado/2023.2/data/xhub/boards/XilinxBoardStore/boards/Xilinx/vpk120/production/1.1/board.xml as part xcvp1202-vsva2785-2mp-e-s specified in board_part file is either invalid or not available
WARNING: [Board 49-26] cannot add Board Part xilinx.com:vpk120:part0:1.2 available at D:/app/Xilinx/Vivado/2023.2/data/xhub/boards/XilinxBoardStore/boards/Xilinx/vpk120/production/1.2/board.xml as part xcvp1202-vsva2785-2mp-e-s specified in board_part file is either invalid or not available
WARNING: [Board 49-26] cannot add Board Part xilinx.com:vpk180:part0:1.0 available at D:/app/Xilinx/Vivado/2023.2/data/xhub/boards/XilinxBoardStore/boards/Xilinx/vpk180/production/1.0/board.xml as part xcvp1802-lsvc4072-2mp-e-s specified in board_part file is either invalid or not available
WARNING: [Board 49-26] cannot add Board Part xilinx.com:vpk180:part0:1.1 available at D:/app/Xilinx/Vivado/2023.2/data/xhub/boards/XilinxBoardStore/boards/Xilinx/vpk180/production/1.1/board.xml as part xcvp1802-lsvc4072-2mp-e-s specified in board_part file is either invalid or not available
WARNING: [Board 49-26] cannot add Board Part xilinx.com:zc702:part0:1.4 available at D:/app/Xilinx/Vivado/2023.2/data/xhub/boards/XilinxBoardStore/boards/Xilinx/zc702/1.4/board.xml as part xc7z020clg484-1 specified in board_part file is either invalid or not available
WARNING: [Board 49-26] cannot add Board Part xilinx.com:zc706:part0:1.4 available at D:/app/Xilinx/Vivado/2023.2/data/xhub/boards/XilinxBoardStore/boards/Xilinx/zc706/1.4/board.xml as part xc7z045ffg900-2 specified in board_part file is either invalid or not available
WARNING: [Board 49-26] cannot add Board Part xilinx.com:zcu102:part0:3.3 available at D:/app/Xilinx/Vivado/2023.2/data/xhub/boards/XilinxBoardStore/boards/Xilinx/zcu102/3.3/board.xml as part xczu9eg-ffvb1156-2-e specified in board_part file is either invalid or not available
WARNING: [Board 49-26] cannot add Board Part xilinx.com:zcu102:part0:3.4 available at D:/app/Xilinx/Vivado/2023.2/data/xhub/boards/XilinxBoardStore/boards/Xilinx/zcu102/3.4/board.xml as part xczu9eg-ffvb1156-2-e specified in board_part file is either invalid or not available
WARNING: [Board 49-26] cannot add Board Part xilinx.com:zcu104:part0:1.1 available at D:/app/Xilinx/Vivado/2023.2/data/xhub/boards/XilinxBoardStore/boards/Xilinx/zcu104/1.1/board.xml as part xczu7ev-ffvc1156-2-e specified in board_part file is either invalid or not available
WARNING: [Board 49-26] cannot add Board Part xilinx.com:zcu106:part0:2.4 available at D:/app/Xilinx/Vivado/2023.2/data/xhub/boards/XilinxBoardStore/boards/Xilinx/zcu106/2.4/board.xml as part xczu7ev-ffvc1156-2-e specified in board_part file is either invalid or not available
WARNING: [Board 49-26] cannot add Board Part xilinx.com:zcu106:part0:2.5 available at D:/app/Xilinx/Vivado/2023.2/data/xhub/boards/XilinxBoardStore/boards/Xilinx/zcu106/2.5/board.xml as part xczu7ev-ffvc1156-2-e specified in board_part file is either invalid or not available
WARNING: [Board 49-26] cannot add Board Part xilinx.com:zcu106:part0:2.6 available at D:/app/Xilinx/Vivado/2023.2/data/xhub/boards/XilinxBoardStore/boards/Xilinx/zcu106/2.6/board.xml as part xczu7ev-ffvc1156-2-e specified in board_part file is either invalid or not available
WARNING: [Board 49-26] cannot add Board Part xilinx.com:zcu111:part0:1.2 available at D:/app/Xilinx/Vivado/2023.2/data/xhub/boards/XilinxBoardStore/boards/Xilinx/zcu111/1.2/board.xml as part xczu28dr-ffvg1517-2-e specified in board_part file is either invalid or not available
WARNING: [Board 49-26] cannot add Board Part xilinx.com:zcu111:part0:1.3 available at D:/app/Xilinx/Vivado/2023.2/data/xhub/boards/XilinxBoardStore/boards/Xilinx/zcu111/1.3/board.xml as part xczu28dr-ffvg1517-2-e specified in board_part file is either invalid or not available
WARNING: [Board 49-26] cannot add Board Part xilinx.com:zcu111:part0:1.4 available at D:/app/Xilinx/Vivado/2023.2/data/xhub/boards/XilinxBoardStore/boards/Xilinx/zcu111/1.4/board.xml as part xczu28dr-ffvg1517-2-e specified in board_part file is either invalid or not available
WARNING: [Board 49-26] cannot add Board Part xilinx.com:zcu1275:part0:1.0 available at D:/app/Xilinx/Vivado/2023.2/data/xhub/boards/XilinxBoardStore/boards/Xilinx/zcu1275/1.0/board.xml as part xczu29dr-ffvf1760-2-e specified in board_part file is either invalid or not available
WARNING: [Board 49-26] cannot add Board Part xilinx.com:zcu1285:part0:1.0 available at D:/app/Xilinx/Vivado/2023.2/data/xhub/boards/XilinxBoardStore/boards/Xilinx/zcu1285/1.0/board.xml as part xczu39dr-ffvf1760-2-i specified in board_part file is either invalid or not available
WARNING: [Board 49-26] cannot add Board Part xilinx.com:zcu208:part0:2.0 available at D:/app/Xilinx/Vivado/2023.2/data/xhub/boards/XilinxBoardStore/boards/Xilinx/zcu208/production/2.0/board.xml as part xczu48dr-fsvg1517-2-e specified in board_part file is either invalid or not available
WARNING: [Board 49-26] cannot add Board Part xilinx.com:zcu208ld:part0:2.0 available at D:/app/Xilinx/Vivado/2023.2/data/xhub/boards/XilinxBoardStore/boards/Xilinx/zcu208ld/production/2.0/board.xml as part xczu58dr-fsvg1517-2-i specified in board_part file is either invalid or not available
WARNING: [Board 49-26] cannot add Board Part xilinx.com:zcu216:part0:2.0 available at D:/app/Xilinx/Vivado/2023.2/data/xhub/boards/XilinxBoardStore/boards/Xilinx/zcu216/production/2.0/board.xml as part xczu49dr-ffvf1760-2-e specified in board_part file is either invalid or not available
WARNING: [Board 49-26] cannot add Board Part xilinx.com:zcu216ld:part0:2.0 available at D:/app/Xilinx/Vivado/2023.2/data/xhub/boards/XilinxBoardStore/boards/Xilinx/zcu216ld/production/2.0/board.xml as part xczu59dr-ffvf1760-2-i specified in board_part file is either invalid or not available
WARNING: [Board 49-26] cannot add Board Part xilinx.com:zcu670:part0:2.0 available at D:/app/Xilinx/Vivado/2023.2/data/xhub/boards/XilinxBoardStore/boards/Xilinx/zcu670/2.0/board.xml as part xczu67dr-fsve1156-2-i specified in board_part file is either invalid or not available
WARNING: [Board 49-26] cannot add Board Part xilinx.com:zcu670ld:part0:1.0 available at D:/app/Xilinx/Vivado/2023.2/data/xhub/boards/XilinxBoardStore/boards/Xilinx/zcu670ld/1.0/board.xml as part xczu57dr-fsve1156-2-i specified in board_part file is either invalid or not available
open_project D:/Code/loongteam/mycpu_env_try/gettrace/gettrace.xpr
INFO: [Project 1-313] Project file moved from 'C:/work/CDP_EDE_local/mycpu_env/gettrace' since last save.
WARNING: [filemgmt 56-3] IPUserFilesDir: Could not find the directory 'D:/Code/loongteam/mycpu_env_try/gettrace/gettrace.ip_user_files'.
Scanning sources...
Finished scanning sources
INFO: [Project 1-230] Project 'gettrace.xpr' upgraded for this version of Vivado.
INFO: [IP_Flow 19-234] Refreshing IP repositories
INFO: [IP_Flow 19-1704] No user IP repositories specified
INFO: [IP_Flow 19-2313] Loaded Vivado IP repository 'D:/app/Xilinx/Vivado/2023.2/data/ip'.
upgrade_project -migrate_output_products
update_compile_order -fileset sources_1
launch_simulation
Command: launch_simulation 
INFO: [Vivado 12-12493] Simulation top is 'tb_top'
WARNING: [Vivado 12-13340] Unable to auto find GCC executables from simulator install path! (path not set)
INFO: [Vivado 12-5682] Launching behavioral simulation in 'D:/Code/loongteam/mycpu_env_try/gettrace/gettrace.sim/sim_1/behav/xsim'
INFO: [SIM-utils-51] Simulation object is 'sim_1'
INFO: [SIM-utils-72] Using boost library from 'D:/app/Xilinx/Vivado/2023.2/tps/boost_1_72_0'
INFO: [SIM-utils-54] Inspecting design source files for 'tb_top' in fileset 'sim_1'...
INFO: [USF-XSim-97] Finding global include files...
INFO: [USF-XSim-98] Fetching design files from 'sim_1'...
INFO: [USF-XSim-2] XSim::Compile design
INFO: [USF-XSim-61] Executing 'COMPILE and ANALYZE' step in 'D:/Code/loongteam/mycpu_env_try/gettrace/gettrace.sim/sim_1/behav/xsim'
"xvlog --incr --relax -prj tb_top_vlog.prj"
ECHO is off.
ECHO is off.
INFO: [VRFC 10-2263] Analyzing Verilog file "D:/Code/loongteam/mycpu_env_try/gettrace/src/myCPU/SimpleLACoreWrapRAM.v" into library xil_defaultlib
INFO: [VRFC 10-311] analyzing module SimpleLACore
INFO: [VRFC 10-311] analyzing module SimpleLACoreWrapRAM
INFO: [VRFC 10-2263] Analyzing Verilog file "D:/Code/loongteam/mycpu_env_try/gettrace/src/BRIDGE/bridge_1x2.v" into library xil_defaultlib
INFO: [VRFC 10-311] analyzing module bridge_1x2
INFO: [VRFC 10-2263] Analyzing Verilog file "D:/Code/loongteam/mycpu_env_try/gettrace/src/CONFREG/confreg.v" into library xil_defaultlib
INFO: [VRFC 10-311] analyzing module confreg
INFO: [VRFC 10-2263] Analyzing Verilog file "D:/Code/loongteam/mycpu_env_try/gettrace/src/soc_lite_top.v" into library xil_defaultlib
INFO: [VRFC 10-311] analyzing module soc_lite_top
INFO: [VRFC 10-2263] Analyzing Verilog file "D:/Code/loongteam/mycpu_env_try/gettrace/src/tb_top.v" into library xil_defaultlib
INFO: [VRFC 10-311] analyzing module tb_top
INFO: [VRFC 10-2263] Analyzing Verilog file "D:/Code/loongteam/mycpu_env_try/gettrace/gettrace.sim/sim_1/behav/xsim/glbl.v" into library xil_defaultlib
INFO: [VRFC 10-311] analyzing module glbl
INFO: [USF-XSim-69] 'compile' step finished in '3' seconds
INFO: [USF-XSim-3] XSim::Elaborate design
INFO: [USF-XSim-61] Executing 'ELABORATE' step in 'D:/Code/loongteam/mycpu_env_try/gettrace/gettrace.sim/sim_1/behav/xsim'
"xelab --incr --debug typical --relax --mt 2 -L xil_defaultlib -L unisims_ver -L unimacro_ver -L secureip --snapshot tb_top_behav xil_defaultlib.tb_top xil_defaultlib.glbl -log elaborate.log"
ECHO is off.
ECHO is off.
Vivado Simulator v2023.2
Copyright 1986-2022 Xilinx, Inc. All Rights Reserved.
Copyright 2022-2023 Advanced Micro Devices, Inc. All Rights Reserved.
Running: D:/app/Xilinx/Vivado/2023.2/bin/unwrapped/win64.o/xelab.exe --incr --debug typical --relax --mt 2 -L xil_defaultlib -L unisims_ver -L unimacro_ver -L secureip --snapshot tb_top_behav xil_defaultlib.tb_top xil_defaultlib.glbl -log elaborate.log 
Using 2 slave threads.
Starting static elaboration
Pass Through NonSizing Optimizer
Completed static elaboration
Starting simulation data flow analysis
WARNING: [XSIM 43-4099] "D:/Code/loongteam/mycpu_env_try/gettrace/src/soc_lite_top.v" Line 60. Module soc_lite_top(SIMULATION=1'b1) doesn't have a timescale but at least one module in design has a timescale.
WARNING: [XSIM 43-4099] "D:/Code/loongteam/mycpu_env_try/gettrace/src/myCPU/SimpleLACoreWrapRAM.v" Line 6725. Module SimpleLACoreWrapRAM doesn't have a timescale but at least one module in design has a timescale.
WARNING: [XSIM 43-4099] "D:/Code/loongteam/mycpu_env_try/gettrace/src/myCPU/SimpleLACoreWrapRAM.v" Line 1. Module SimpleLACore doesn't have a timescale but at least one module in design has a timescale.
WARNING: [XSIM 43-4099] "D:/Code/loongteam/mycpu_env_try/gettrace/src/BRIDGE/bridge_1x2.v" Line 50. Module bridge_1x2 doesn't have a timescale but at least one module in design has a timescale.
WARNING: [XSIM 43-4099] "D:/Code/loongteam/mycpu_env_try/gettrace/src/CONFREG/confreg.v" Line 74. Module confreg(SIMULATION=1'b1) doesn't have a timescale but at least one module in design has a timescale.
WARNING: [XSIM 43-4099] "D:/Code/loongteam/mycpu_env_try/gettrace/src/soc_lite_top.v" Line 60. Module soc_lite_top(SIMULATION=1'b1) doesn't have a timescale but at least one module in design has a timescale.
WARNING: [XSIM 43-4099] "D:/Code/loongteam/mycpu_env_try/gettrace/src/myCPU/SimpleLACoreWrapRAM.v" Line 6725. Module SimpleLACoreWrapRAM doesn't have a timescale but at least one module in design has a timescale.
WARNING: [XSIM 43-4099] "D:/Code/loongteam/mycpu_env_try/gettrace/src/myCPU/SimpleLACoreWrapRAM.v" Line 1. Module SimpleLACore doesn't have a timescale but at least one module in design has a timescale.
WARNING: [XSIM 43-4099] "D:/Code/loongteam/mycpu_env_try/gettrace/src/BRIDGE/bridge_1x2.v" Line 50. Module bridge_1x2 doesn't have a timescale but at least one module in design has a timescale.
WARNING: [XSIM 43-4099] "D:/Code/loongteam/mycpu_env_try/gettrace/src/CONFREG/confreg.v" Line 74. Module confreg(SIMULATION=1'b1) doesn't have a timescale but at least one module in design has a timescale.
Completed simulation data flow analysis
Time Resolution for simulation is 1ps
Compiling module xil_defaultlib.SimpleLACore
Compiling module xil_defaultlib.SimpleLACoreWrapRAM
Compiling module xil_defaultlib.bridge_1x2
Compiling module xil_defaultlib.confreg(SIMULATION=1'b1)
Compiling module xil_defaultlib.soc_lite_top(SIMULATION=1'b1)
Compiling module xil_defaultlib.tb_top
Compiling module xil_defaultlib.glbl
Built simulation snapshot tb_top_behav
run_program: Time (s): cpu = 00:00:00 ; elapsed = 00:00:14 . Memory (MB): peak = 1329.855 ; gain = 0.000
INFO: [USF-XSim-69] 'elaborate' step finished in '14' seconds
INFO: [USF-XSim-4] XSim::Simulate design
INFO: [USF-XSim-61] Executing 'SIMULATE' step in 'D:/Code/loongteam/mycpu_env_try/gettrace/gettrace.sim/sim_1/behav/xsim'
INFO: [USF-XSim-98] *** Running xsim
   with args "tb_top_behav -key {Behavioral:sim_1:Functional:tb_top} -tclbatch {tb_top.tcl} -log {simulate.log}"
INFO: [USF-XSim-8] Loading simulator feature
Time resolution is 1 ps
source tb_top.tcl
# set curr_wave [current_wave_config]
# if { [string length $curr_wave] == 0 } {
#   if { [llength [get_objects]] > 0} {
#     add_wave /
#     set_property needs_save false [current_wave_config]
#   } else {
#      send_msg_id Add_Wave-1 WARNING "No top level signals found. Simulator will start without a wave window. If you want to open a wave window go to 'File->New Waveform Configuration' or type 'create_wave_config' in the TCL console."
#   }
# }
# run 1000ns
INFO: [USF-XSim-96] XSim completed. Design snapshot 'tb_top_behav' loaded.
INFO: [USF-XSim-97] XSim simulation ran for 1000ns
launch_simulation: Time (s): cpu = 00:00:03 ; elapsed = 00:00:21 . Memory (MB): peak = 1353.352 ; gain = 23.496
run all
==============================================================
Test begin!
----[  12055 ns] Number 8'd01 Functional Test Point PASS!!!
        [  22000 ns] Test is running, debug_wb_pc = 0x1c04c214
        [  32000 ns] Test is running, debug_wb_pc = 0x1c04d1b4
----[  36405 ns] Number 8'd02 Functional Test Point PASS!!!
        [  42000 ns] Test is running, debug_wb_pc = 0x1c061d08
        [  52000 ns] Test is running, debug_wb_pc = 0x1c062ca8
----[  54735 ns] Number 8'd03 Functional Test Point PASS!!!
        [  62000 ns] Test is running, debug_wb_pc = 0x1c073254
        [  72000 ns] Test is running, debug_wb_pc = 0x1c0741f4
----[  79085 ns] Number 8'd04 Functional Test Point PASS!!!
        [  82000 ns] Test is running, debug_wb_pc = 0x1c076980
        [  92000 ns] Test is running, debug_wb_pc = 0x1c077920
        [ 102000 ns] Test is running, debug_wb_pc = 0x1c0788c0
----[ 103435 ns] Number 8'd05 Functional Test Point PASS!!!
        [ 112000 ns] Test is running, debug_wb_pc = 0x1c079814
        [ 122000 ns] Test is running, debug_wb_pc = 0x1c07a7b4
----[ 127785 ns] Number 8'd06 Functional Test Point PASS!!!
        [ 132000 ns] Test is running, debug_wb_pc = 0x1c07b708
        [ 142000 ns] Test is running, debug_wb_pc = 0x1c07c6a8
        [ 152000 ns] Test is running, debug_wb_pc = 0x1c07d648
----[ 152135 ns] Number 8'd07 Functional Test Point PASS!!!
        [ 162000 ns] Test is running, debug_wb_pc = 0x1c07e59c
        [ 172000 ns] Test is running, debug_wb_pc = 0x1c07f53c
----[ 176485 ns] Number 8'd08 Functional Test Point PASS!!!
        [ 182000 ns] Test is running, debug_wb_pc = 0x1c080490
        [ 192000 ns] Test is running, debug_wb_pc = 0x1c081430
----[ 200835 ns] Number 8'd09 Functional Test Point PASS!!!
        [ 202000 ns] Test is running, debug_wb_pc = 0x1c01091c
        [ 212000 ns] Test is running, debug_wb_pc = 0x1c0118bc
        [ 222000 ns] Test is running, debug_wb_pc = 0x1c01285c
----[ 225185 ns] Number 8'd10 Functional Test Point PASS!!!
        [ 232000 ns] Test is running, debug_wb_pc = 0x1c0137b0
        [ 242000 ns] Test is running, debug_wb_pc = 0x1c014750
----[ 243515 ns] Number 8'd11 Functional Test Point PASS!!!
        [ 252000 ns] Test is running, debug_wb_pc = 0x1c0156a4
----[ 261845 ns] Number 8'd12 Functional Test Point PASS!!!
        [ 262000 ns] Test is running, debug_wb_pc = 0x1c0102c8
        [ 272000 ns] Test is running, debug_wb_pc = 0x1c017598
----[ 280175 ns] Number 8'd13 Functional Test Point PASS!!!
        [ 282000 ns] Test is running, debug_wb_pc = 0x1c0184ec
----[ 290685 ns] Number 8'd14 Functional Test Point PASS!!!
        [ 292000 ns] Test is running, debug_wb_pc = 0x1c019440
----[ 301995 ns] Number 8'd15 Functional Test Point PASS!!!
        [ 302000 ns] Test is running, debug_wb_pc = 0x1c0100c4
        [ 312000 ns] Test is running, debug_wb_pc = 0x1c01b80c
        [ 322000 ns] Test is running, debug_wb_pc = 0x1c01cc5c
        [ 332000 ns] Test is running, debug_wb_pc = 0x1c01dd4c
        [ 342000 ns] Test is running, debug_wb_pc = 0x1c01ee54
        [ 352000 ns] Test is running, debug_wb_pc = 0x1c02020c
        [ 362000 ns] Test is running, debug_wb_pc = 0x1c02169c
----[ 363495 ns] Number 8'd16 Functional Test Point PASS!!!
        [ 372000 ns] Test is running, debug_wb_pc = 0x1c0227b4
        [ 382000 ns] Test is running, debug_wb_pc = 0x1c023898
        [ 392000 ns] Test is running, debug_wb_pc = 0x1c024b94
        [ 402000 ns] Test is running, debug_wb_pc = 0x1c026024
        [ 412000 ns] Test is running, debug_wb_pc = 0x1c02727c
        [ 422000 ns] Test is running, debug_wb_pc = 0x1c02836c
----[ 428955 ns] Number 8'd17 Functional Test Point PASS!!!
        [ 432000 ns] Test is running, debug_wb_pc = 0x1c02941c
        [ 442000 ns] Test is running, debug_wb_pc = 0x1c02a500
        [ 452000 ns] Test is running, debug_wb_pc = 0x1c02b5c4
        [ 462000 ns] Test is running, debug_wb_pc = 0x1c02c694
        [ 472000 ns] Test is running, debug_wb_pc = 0x1c02d76c
----[ 481225 ns] Number 8'd18 Functional Test Point PASS!!!
        [ 482000 ns] Test is running, debug_wb_pc = 0x1c02e7e8
        [ 492000 ns] Test is running, debug_wb_pc = 0x1c02f8d8
        [ 502000 ns] Test is running, debug_wb_pc = 0x1c0309c8
        [ 512000 ns] Test is running, debug_wb_pc = 0x1c031ab0
        [ 522000 ns] Test is running, debug_wb_pc = 0x1c032ba0
----[ 529495 ns] Number 8'd19 Functional Test Point PASS!!!
        [ 532000 ns] Test is running, debug_wb_pc = 0x1c034ba4
        [ 542000 ns] Test is running, debug_wb_pc = 0x1c035cec
        [ 552000 ns] Test is running, debug_wb_pc = 0x1c036e2c
        [ 562000 ns] Test is running, debug_wb_pc = 0x1c037f74
----[ 567765 ns] Number 8'd20 Functional Test Point PASS!!!
        [ 572000 ns] Test is running, debug_wb_pc = 0x1c038fb0
        [ 582000 ns] Test is running, debug_wb_pc = 0x1c039f58
        [ 592000 ns] Test is running, debug_wb_pc = 0x1c03aef8
----[ 595125 ns] Number 8'd21 Functional Test Point PASS!!!
        [ 602000 ns] Test is running, debug_wb_pc = 0x1c03be50
        [ 612000 ns] Test is running, debug_wb_pc = 0x1c03cdf0
----[ 613455 ns] Number 8'd22 Functional Test Point PASS!!!
        [ 622000 ns] Test is running, debug_wb_pc = 0x1c03dd44
----[ 631785 ns] Number 8'd23 Functional Test Point PASS!!!
        [ 632000 ns] Test is running, debug_wb_pc = 0x1c03ec98
        [ 642000 ns] Test is running, debug_wb_pc = 0x1c03fc38
----[ 650115 ns] Number 8'd24 Functional Test Point PASS!!!
        [ 652000 ns] Test is running, debug_wb_pc = 0x1c040b8c
        [ 662000 ns] Test is running, debug_wb_pc = 0x1c041b2c
----[ 668445 ns] Number 8'd25 Functional Test Point PASS!!!
        [ 672000 ns] Test is running, debug_wb_pc = 0x1c042a80
        [ 682000 ns] Test is running, debug_wb_pc = 0x1c043a20
----[ 686775 ns] Number 8'd26 Functional Test Point PASS!!!
        [ 692000 ns] Test is running, debug_wb_pc = 0x1c044974
        [ 702000 ns] Test is running, debug_wb_pc = 0x1c045914
----[ 711125 ns] Number 8'd27 Functional Test Point PASS!!!
        [ 712000 ns] Test is running, debug_wb_pc = 0x1c046868
        [ 722000 ns] Test is running, debug_wb_pc = 0x1c047808
        [ 732000 ns] Test is running, debug_wb_pc = 0x1c0487a8
----[ 735475 ns] Number 8'd28 Functional Test Point PASS!!!
        [ 742000 ns] Test is running, debug_wb_pc = 0x1c0496fc
        [ 752000 ns] Test is running, debug_wb_pc = 0x1c04a69c
----[ 759825 ns] Number 8'd29 Functional Test Point PASS!!!
        [ 762000 ns] Test is running, debug_wb_pc = 0x1c04dbb0
----[ 768595 ns] Number 8'd30 Functional Test Point PASS!!!
        [ 772000 ns] Test is running, debug_wb_pc = 0x1c04eb04
----[ 781235 ns] Number 8'd31 Functional Test Point PASS!!!
        [ 782000 ns] Test is running, debug_wb_pc = 0x1c04fa5c
        [ 792000 ns] Test is running, debug_wb_pc = 0x1c0509fc
----[ 793625 ns] Number 8'd32 Functional Test Point PASS!!!
        [ 802000 ns] Test is running, debug_wb_pc = 0x1c051950
----[ 806155 ns] Number 8'd33 Functional Test Point PASS!!!
        [ 812000 ns] Test is running, debug_wb_pc = 0x1c0528a4
----[ 817525 ns] Number 8'd34 Functional Test Point PASS!!!
        [ 822000 ns] Test is running, debug_wb_pc = 0x1c0537f8
----[ 827485 ns] Number 8'd35 Functional Test Point PASS!!!
        [ 832000 ns] Test is running, debug_wb_pc = 0x1c054750
----[ 841825 ns] Number 8'd36 Functional Test Point PASS!!!
        [ 842000 ns] Test is running, debug_wb_pc = 0x1c0102d0
        [ 852000 ns] Test is running, debug_wb_pc = 0x1c056a38
        [ 862000 ns] Test is running, debug_wb_pc = 0x1c057de8
        [ 872000 ns] Test is running, debug_wb_pc = 0x1c0591a0
----[ 873975 ns] Number 8'd37 Functional Test Point PASS!!!
        [ 882000 ns] Test is running, debug_wb_pc = 0x1c05a53c
        [ 892000 ns] Test is running, debug_wb_pc = 0x1c05b91c
        [ 902000 ns] Test is running, debug_wb_pc = 0x1c05cc7c
----[ 906715 ns] Number 8'd38 Functional Test Point PASS!!!
        [ 912000 ns] Test is running, debug_wb_pc = 0x1c05df6c
        [ 922000 ns] Test is running, debug_wb_pc = 0x1c05f32c
        [ 932000 ns] Test is running, debug_wb_pc = 0x1c06063c
----[ 939415 ns] Number 8'd39 Functional Test Point PASS!!!
        [ 942000 ns] Test is running, debug_wb_pc = 0x1c0635a4
        [ 952000 ns] Test is running, debug_wb_pc = 0x1c064904
        [ 962000 ns] Test is running, debug_wb_pc = 0x1c065ccc
        [ 972000 ns] Test is running, debug_wb_pc = 0x1c0670ac
----[ 972215 ns] Number 8'd40 Functional Test Point PASS!!!
        [ 982000 ns] Test is running, debug_wb_pc = 0x1c067ffc
----[ 991205 ns] Number 8'd41 Functional Test Point PASS!!!
        [ 992000 ns] Test is running, debug_wb_pc = 0x1c068f50
        [1002000 ns] Test is running, debug_wb_pc = 0x1c069ef0
----[1005235 ns] Number 8'd42 Functional Test Point PASS!!!
        [1012000 ns] Test is running, debug_wb_pc = 0x1c06ae44
        [1022000 ns] Test is running, debug_wb_pc = 0x1c06bde4
----[1025665 ns] Number 8'd43 Functional Test Point PASS!!!
        [1032000 ns] Test is running, debug_wb_pc = 0x1c06cd38
        [1042000 ns] Test is running, debug_wb_pc = 0x1c06dcd8
----[1043535 ns] Number 8'd44 Functional Test Point PASS!!!
        [1052000 ns] Test is running, debug_wb_pc = 0x1c06ec2c
        [1062000 ns] Test is running, debug_wb_pc = 0x1c06fbcc
----[1065275 ns] Number 8'd45 Functional Test Point PASS!!!
        [1072000 ns] Test is running, debug_wb_pc = 0x1c070b24
        [1082000 ns] Test is running, debug_wb_pc = 0x1c071ac4
----[1085115 ns] Number 8'd46 Functional Test Point PASS!!!
----[1088795 ns] Number 8'd47 Functional Test Point PASS!!!
        [1092000 ns] Test is running, debug_wb_pc = 0x1c0080fc
----[1092665 ns] Number 8'd48 Functional Test Point PASS!!!
        [1102000 ns] Test is running, debug_wb_pc = 0x1c072308
        [1112000 ns] Test is running, debug_wb_pc = 0x1c072308
        [1122000 ns] Test is running, debug_wb_pc = 0x1c072308
        [1132000 ns] Test is running, debug_wb_pc = 0x1c072308
        [1142000 ns] Test is running, debug_wb_pc = 0x1c072314
        [1152000 ns] Test is running, debug_wb_pc = 0x1c072314
        [1162000 ns] Test is running, debug_wb_pc = 0x1c072314
        [1172000 ns] Test is running, debug_wb_pc = 0x1c0723c0
        [1182000 ns] Test is running, debug_wb_pc = 0x1c0723c0
        [1192000 ns] Test is running, debug_wb_pc = 0x1c0723c0
        [1202000 ns] Test is running, debug_wb_pc = 0x1c0723c0
        [1212000 ns] Test is running, debug_wb_pc = 0x1c0723cc
        [1222000 ns] Test is running, debug_wb_pc = 0x1c0723cc
        [1232000 ns] Test is running, debug_wb_pc = 0x1c0723cc
        [1242000 ns] Test is running, debug_wb_pc = 0x1c0723cc
        [1252000 ns] Test is running, debug_wb_pc = 0x1c072474
        [1262000 ns] Test is running, debug_wb_pc = 0x1c072474
        [1272000 ns] Test is running, debug_wb_pc = 0x1c072474
        [1282000 ns] Test is running, debug_wb_pc = 0x1c072474
        [1292000 ns] Test is running, debug_wb_pc = 0x1c072480
        [1302000 ns] Test is running, debug_wb_pc = 0x1c072480
        [1312000 ns] Test is running, debug_wb_pc = 0x1c072480
        [1322000 ns] Test is running, debug_wb_pc = 0x1c072500
        [1332000 ns] Test is running, debug_wb_pc = 0x1c072500
        [1342000 ns] Test is running, debug_wb_pc = 0x1c072500
        [1352000 ns] Test is running, debug_wb_pc = 0x1c072500
        [1362000 ns] Test is running, debug_wb_pc = 0x1c07250c
        [1372000 ns] Test is running, debug_wb_pc = 0x1c07250c
        [1382000 ns] Test is running, debug_wb_pc = 0x1c07250c
        [1392000 ns] Test is running, debug_wb_pc = 0x1c07250c
        [1402000 ns] Test is running, debug_wb_pc = 0x1c0725a4
        [1412000 ns] Test is running, debug_wb_pc = 0x1c0725a4
        [1422000 ns] Test is running, debug_wb_pc = 0x1c0725a4
        [1432000 ns] Test is running, debug_wb_pc = 0x1c0725a4
        [1442000 ns] Test is running, debug_wb_pc = 0x1c0725b0
        [1452000 ns] Test is running, debug_wb_pc = 0x1c0725b0
        [1462000 ns] Test is running, debug_wb_pc = 0x1c0725b0
        [1472000 ns] Test is running, debug_wb_pc = 0x1c072630
        [1482000 ns] Test is running, debug_wb_pc = 0x1c072630
        [1492000 ns] Test is running, debug_wb_pc = 0x1c072630
        [1502000 ns] Test is running, debug_wb_pc = 0x1c072630
        [1512000 ns] Test is running, debug_wb_pc = 0x1c07263c
        [1522000 ns] Test is running, debug_wb_pc = 0x1c07263c
        [1532000 ns] Test is running, debug_wb_pc = 0x1c07263c
        [1542000 ns] Test is running, debug_wb_pc = 0x1c07263c
        [1552000 ns] Test is running, debug_wb_pc = 0x1c0726c4
        [1562000 ns] Test is running, debug_wb_pc = 0x1c0726c4
        [1572000 ns] Test is running, debug_wb_pc = 0x1c0726c4
        [1582000 ns] Test is running, debug_wb_pc = 0x1c0726c4
        [1592000 ns] Test is running, debug_wb_pc = 0x1c0726d0
        [1602000 ns] Test is running, debug_wb_pc = 0x1c0726d0
        [1612000 ns] Test is running, debug_wb_pc = 0x1c0726d0
        [1622000 ns] Test is running, debug_wb_pc = 0x1c072710
----[1624675 ns] Number 8'd49 Functional Test Point PASS!!!
----[1628565 ns] Number 8'd50 Functional Test Point PASS!!!
        [1632000 ns] Test is running, debug_wb_pc = 0x1c0081ac
----[1636335 ns] Number 8'd51 Functional Test Point PASS!!!
----[1641525 ns] Number 8'd52 Functional Test Point PASS!!!
        [1642000 ns] Test is running, debug_wb_pc = 0x1c00800c
----[1646785 ns] Number 8'd53 Functional Test Point PASS!!!
        [1652000 ns] Test is running, debug_wb_pc = 0x1c0758e4
----[1652045 ns] Number 8'd54 Functional Test Point PASS!!!
----[1657315 ns] Number 8'd55 Functional Test Point PASS!!!
        [1662000 ns] Test is running, debug_wb_pc = 0x1c075e6c
----[1662655 ns] Number 8'd56 Functional Test Point PASS!!!
----[1667995 ns] Number 8'd57 Functional Test Point PASS!!!
----[1670395 ns] Number 8'd58 Functional Test Point PASS!!!
==============================================================
gettrace end!
----Succeed in generating trace file!
$finish called at time : 1670725 ns : File "D:/Code/loongteam/mycpu_env_try/gettrace/src/tb_top.v" Line 224
run: Time (s): cpu = 00:00:03 ; elapsed = 00:00:23 . Memory (MB): peak = 1371.738 ; gain = 18.387
close_sim
INFO: xsimkernel Simulation Memory Usage: 24132 KB (Peak: 24132 KB), Simulation CPU Usage: 15217 ms
INFO: [Simtcl 6-16] Simulation closed
exit
INFO: [Common 17-206] Exiting Vivado at Thu Jul 24 19:34:57 2025...
